#
# There is insufficient memory for the Java Runtime Environment to continue.
# Native memory allocation (malloc) failed to allocate 1248016 bytes. Error detail: Chunk::new
# Possible reasons:
#   The system is out of physical RAM or swap space
#   This process is running with CompressedOops enabled, and the Java Heap may be blocking the growth of the native heap
# Possible solutions:
#   Reduce memory load on the system
#   Increase physical memory or swap space
#   Check if swap backing store is full
#   Decrease Java heap size (-Xmx/-Xms)
#   Decrease number of Java threads
#   Decrease Java thread stack sizes (-Xss)
#   Set larger code cache with -XX:ReservedCodeCacheSize=
#   JVM is running with Zero Based Compressed Oops mode in which the Java heap is
#     placed in the first 32GB address space. The Java Heap base address is the
#     maximum limit for the native heap growth. Please use -XX:HeapBaseMinAddress
#     to set the Java Heap base and to place the Java Heap above 32GB virtual address.
# This output file may be truncated or incomplete.
#
#  Out of Memory Error (arena.cpp:168), pid=43600, tid=44228
#
# JRE version: OpenJDK Runtime Environment Microsoft-10800203 (21.0.6+7) (build 21.0.6+7-LTS)
# Java VM: OpenJDK 64-Bit Server VM Microsoft-10800203 (21.0.6+7-LTS, mixed mode, sharing, tiered, compressed oops, compressed class ptrs, g1 gc, windows-amd64)
# No core dump will be written. Minidumps are not enabled by default on client versions of Windows
#

---------------  S U M M A R Y ------------

Command Line: -XX:+ShowCodeDetailsInExceptionMessages com.example.demo_testing.DemoTestingApplication

Host: 11th Gen Intel(R) Core(TM) i5-11400 @ 2.60GHz, 6 cores, 15G,  Windows 11 , 64 bit Build 26100 (10.0.26100.4484)
Time: Wed Sep 10 11:59:28 2025 SE Asia Standard Time elapsed time: 10.019205 seconds (0d 0h 0m 10s)

---------------  T H R E A D  ---------------

Current thread (0x00000270f7087700):  JavaThread "C2 CompilerThread0" daemon [_thread_in_native, id=44228, stack(0x000000c63ad00000,0x000000c63ae00000) (1024K)]


Current CompileTask:
C2:10019 6396 % !   4       org.springframework.beans.factory.support.DefaultListableBeanFactory::doGetBeanNamesForType @ 20 (527 bytes)

Stack: [0x000000c63ad00000,0x000000c63ae00000]
Native frames: (J=compiled Java code, j=interpreted, Vv=VM code, C=native code)
V  [jvm.dll+0x6d4a09]
V  [jvm.dll+0x8af9a1]
V  [jvm.dll+0x8b1ece]
V  [jvm.dll+0x8b25b3]
V  [jvm.dll+0x2804e6]
V  [jvm.dll+0xc522d]
V  [jvm.dll+0xc5763]
V  [jvm.dll+0x3bb9f2]
V  [jvm.dll+0x1e0325]
V  [jvm.dll+0x248343]
V  [jvm.dll+0x2477af]
V  [jvm.dll+0x1c799f]
V  [jvm.dll+0x2575d9]
V  [jvm.dll+0x25599a]
V  [jvm.dll+0x3f57c6]
V  [jvm.dll+0x85920b]
V  [jvm.dll+0x6d310d]
C  [ucrtbase.dll+0x37b0]
C  [KERNEL32.DLL+0x2e8d7]
C  [ntdll.dll+0x3c34c]


---------------  P R O C E S S  ---------------

Threads class SMR info:
_java_thread_list=0x00000270c379c510, length=18, elements={
0x00000270d9c7df90, 0x00000270f706d5c0, 0x00000270f706e210, 0x00000270f7073050,
0x00000270f7073aa0, 0x00000270f7075680, 0x00000270f7080c90, 0x00000270f7087700,
0x00000270f708e1c0, 0x00000270f98d9750, 0x00000270f98e1aa0, 0x00000270ff2d4050,
0x00000270c2be6050, 0x00000270c155c3d0, 0x00000270c1d40010, 0x00000270c155bd40,
0x00000270c155d0f0, 0x00000270c155d780
}

Java Threads: ( => current thread )
  0x00000270d9c7df90 JavaThread "main"                              [_thread_in_native, id=41568, stack(0x000000c639f00000,0x000000c63a000000) (1024K)]
  0x00000270f706d5c0 JavaThread "Reference Handler"          daemon [_thread_blocked, id=37480, stack(0x000000c63a700000,0x000000c63a800000) (1024K)]
  0x00000270f706e210 JavaThread "Finalizer"                  daemon [_thread_blocked, id=45856, stack(0x000000c63a800000,0x000000c63a900000) (1024K)]
  0x00000270f7073050 JavaThread "Signal Dispatcher"          daemon [_thread_blocked, id=1404, stack(0x000000c63a900000,0x000000c63aa00000) (1024K)]
  0x00000270f7073aa0 JavaThread "Attach Listener"            daemon [_thread_blocked, id=1080, stack(0x000000c63aa00000,0x000000c63ab00000) (1024K)]
  0x00000270f7075680 JavaThread "Service Thread"             daemon [_thread_blocked, id=35872, stack(0x000000c63ab00000,0x000000c63ac00000) (1024K)]
  0x00000270f7080c90 JavaThread "Monitor Deflation Thread"   daemon [_thread_blocked, id=7976, stack(0x000000c63ac00000,0x000000c63ad00000) (1024K)]
=>0x00000270f7087700 JavaThread "C2 CompilerThread0"         daemon [_thread_in_native, id=44228, stack(0x000000c63ad00000,0x000000c63ae00000) (1024K)]
  0x00000270f708e1c0 JavaThread "C1 CompilerThread0"         daemon [_thread_blocked, id=31472, stack(0x000000c63ae00000,0x000000c63af00000) (1024K)]
  0x00000270f98d9750 JavaThread "Notification Thread"        daemon [_thread_blocked, id=40104, stack(0x000000c63af00000,0x000000c63b000000) (1024K)]
  0x00000270f98e1aa0 JavaThread "Common-Cleaner"             daemon [_thread_blocked, id=37796, stack(0x000000c63b000000,0x000000c63b100000) (1024K)]
  0x00000270ff2d4050 JavaThread "PostgreSQL-JDBC-Cleaner"    daemon [_thread_blocked, id=34192, stack(0x000000c63b900000,0x000000c63ba00000) (1024K)]
  0x00000270c2be6050 JavaThread "HikariPool-1:housekeeper"   daemon [_thread_blocked, id=44240, stack(0x000000c63ba00000,0x000000c63bb00000) (1024K)]
  0x00000270c155c3d0 JavaThread "HikariPool-1:connection-adder" daemon [_thread_blocked, id=34396, stack(0x000000c63bb00000,0x000000c63bc00000) (1024K)]
  0x00000270c1d40010 JavaThread "C2 CompilerThread1"         daemon [_thread_in_native, id=34836, stack(0x000000c63b100000,0x000000c63b200000) (1024K)]
  0x00000270c155bd40 JavaThread "Catalina-utility-1"                [_thread_blocked, id=32812, stack(0x000000c63bc00000,0x000000c63bd00000) (1024K)]
  0x00000270c155d0f0 JavaThread "Catalina-utility-2"                [_thread_blocked, id=22772, stack(0x000000c63bd00000,0x000000c63be00000) (1024K)]
  0x00000270c155d780 JavaThread "container-0"                       [_thread_blocked, id=37920, stack(0x000000c63be00000,0x000000c63bf00000) (1024K)]
Total: 18

Other Threads:
  0x00000270f7050840 VMThread "VM Thread"                           [id=24612, stack(0x000000c63a600000,0x000000c63a700000) (1024K)]
  0x00000270f97917b0 WatcherThread "VM Periodic Task Thread"        [id=18048, stack(0x000000c63a500000,0x000000c63a600000) (1024K)]
  0x00000270d9cee100 WorkerThread "GC Thread#0"                     [id=16004, stack(0x000000c63a000000,0x000000c63a100000) (1024K)]
  0x00000270fe8347b0 WorkerThread "GC Thread#1"                     [id=6304, stack(0x000000c63b200000,0x000000c63b300000) (1024K)]
  0x00000270fe834b50 WorkerThread "GC Thread#2"                     [id=34056, stack(0x000000c63b300000,0x000000c63b400000) (1024K)]
  0x00000270feadaa20 WorkerThread "GC Thread#3"                     [id=30068, stack(0x000000c63b400000,0x000000c63b500000) (1024K)]
  0x00000270fe949970 WorkerThread "GC Thread#4"                     [id=14196, stack(0x000000c63b500000,0x000000c63b600000) (1024K)]
  0x00000270fe949d10 WorkerThread "GC Thread#5"                     [id=40660, stack(0x000000c63b600000,0x000000c63b700000) (1024K)]
  0x00000270f6eb0e00 ConcurrentGCThread "G1 Main Marker"            [id=3632, stack(0x000000c63a100000,0x000000c63a200000) (1024K)]
  0x00000270f6eb20a0 WorkerThread "G1 Conc#0"                       [id=11120, stack(0x000000c63a200000,0x000000c63a300000) (1024K)]
  0x00000270fec76460 WorkerThread "G1 Conc#1"                       [id=8820, stack(0x000000c63b800000,0x000000c63b900000) (1024K)]
  0x00000270f6f895b0 ConcurrentGCThread "G1 Refine#0"               [id=16584, stack(0x000000c63a300000,0x000000c63a400000) (1024K)]
  0x00000270f6f8afd0 ConcurrentGCThread "G1 Service"                [id=2460, stack(0x000000c63a400000,0x000000c63a500000) (1024K)]
Total: 13

Threads with active compile tasks:
C2 CompilerThread0  10067 6396 % !   4       org.springframework.beans.factory.support.DefaultListableBeanFactory::doGetBeanNamesForType @ 20 (527 bytes)
C2 CompilerThread1  10067 6431       4       org.springframework.core.ResolvableType::forType (112 bytes)
Total: 2

VM state: not at safepoint (normal execution)

VM Mutex/Monitor currently owned by a thread: None

Heap address: 0x0000000703600000, size: 4042 MB, Compressed Oops mode: Zero based, Oop shift amount: 3

CDS archive(s) mapped at: [0x0000027080000000-0x0000027080c80000-0x0000027080c80000), size 13107200, SharedBaseAddress: 0x0000027080000000, ArchiveRelocationMode: 1.
Compressed class space mapped at: 0x0000027081000000-0x00000270c1000000, reserved size: 1073741824
Narrow klass base: 0x0000027080000000, Narrow klass shift: 0, Narrow klass range: 0x100000000

GC Precious Log:
 CardTable entry size: 512
 Card Set container configuration: InlinePtr #cards 4 size 8 Array Of Cards #cards 16 size 48 Howl #buckets 8 coarsen threshold 3686 Howl Bitmap #cards 512 size 80 coarsen threshold 460 Card regions per heap region 1 cards per card region 4096
 CPUs: 6 total, 6 available
 Memory: 16163M
 Large Page Support: Disabled
 NUMA Support: Disabled
 Compressed Oops: Enabled (Zero based)
 Heap Region Size: 2M
 Heap Min Capacity: 8M
 Heap Initial Capacity: 254M
 Heap Max Capacity: 4042M
 Pre-touch: Disabled
 Parallel Workers: 6
 Concurrent Workers: 2
 Concurrent Refinement Workers: 6
 Periodic GC: Disabled

Heap:
 garbage-first heap   total 77824K, used 46836K [0x0000000703600000, 0x0000000800000000)
  region size 2048K, 4 young (8192K), 2 survivors (4096K)
 Metaspace       used 75620K, committed 76352K, reserved 1114112K
  class space    used 10549K, committed 10880K, reserved 1048576K

Heap Regions: E=young(eden), S=young(survivor), O=old, HS=humongous(starts), HC=humongous(continues), CS=collection set, F=free, TAMS=top-at-mark-start, PB=parsable bottom
|   0|0x0000000703600000, 0x0000000703800000, 0x0000000703800000|100%| O|  |TAMS 0x0000000703600000| PB 0x0000000703600000| Untracked 
|   1|0x0000000703800000, 0x0000000703a00000, 0x0000000703a00000|100%| O|  |TAMS 0x0000000703800000| PB 0x0000000703800000| Untracked 
|   2|0x0000000703a00000, 0x0000000703c00000, 0x0000000703c00000|100%| O|  |TAMS 0x0000000703a00000| PB 0x0000000703a00000| Untracked 
|   3|0x0000000703c00000, 0x0000000703e00000, 0x0000000703e00000|100%| O|  |TAMS 0x0000000703c00000| PB 0x0000000703c00000| Untracked 
|   4|0x0000000703e00000, 0x0000000704000000, 0x0000000704000000|100%| O|  |TAMS 0x0000000703e00000| PB 0x0000000703e00000| Untracked 
|   5|0x0000000704000000, 0x0000000704200000, 0x0000000704200000|100%| O|  |TAMS 0x0000000704000000| PB 0x0000000704000000| Untracked 
|   6|0x0000000704200000, 0x0000000704400000, 0x0000000704400000|100%| O|  |TAMS 0x0000000704200000| PB 0x0000000704200000| Untracked 
|   7|0x0000000704400000, 0x0000000704600000, 0x0000000704600000|100%| O|  |TAMS 0x0000000704400000| PB 0x0000000704400000| Untracked 
|   8|0x0000000704600000, 0x0000000704800000, 0x0000000704800000|100%| O|  |TAMS 0x0000000704600000| PB 0x0000000704600000| Untracked 
|   9|0x0000000704800000, 0x0000000704a00000, 0x0000000704a00000|100%| O|  |TAMS 0x0000000704800000| PB 0x0000000704800000| Untracked 
|  10|0x0000000704a00000, 0x0000000704c00000, 0x0000000704c00000|100%| O|  |TAMS 0x0000000704a00000| PB 0x0000000704a00000| Untracked 
|  11|0x0000000704c00000, 0x0000000704c00000, 0x0000000704e00000|  0%| F|  |TAMS 0x0000000704c00000| PB 0x0000000704c00000| Untracked 
|  12|0x0000000704e00000, 0x0000000705000000, 0x0000000705000000|100%| O|  |TAMS 0x0000000704e00000| PB 0x0000000704e00000| Untracked 
|  13|0x0000000705000000, 0x0000000705200000, 0x0000000705200000|100%| O|  |TAMS 0x0000000705000000| PB 0x0000000705000000| Untracked 
|  14|0x0000000705200000, 0x0000000705400000, 0x0000000705400000|100%| O|  |TAMS 0x0000000705200000| PB 0x0000000705200000| Untracked 
|  15|0x0000000705400000, 0x0000000705600000, 0x0000000705600000|100%| O|  |TAMS 0x0000000705400000| PB 0x0000000705400000| Untracked 
|  16|0x0000000705600000, 0x0000000705800000, 0x0000000705800000|100%| O|  |TAMS 0x0000000705600000| PB 0x0000000705600000| Untracked 
|  17|0x0000000705800000, 0x00000007059098c0, 0x0000000705a00000| 51%| O|  |TAMS 0x0000000705800000| PB 0x0000000705800000| Untracked 
|  18|0x0000000705a00000, 0x0000000705a00000, 0x0000000705c00000|  0%| F|  |TAMS 0x0000000705a00000| PB 0x0000000705a00000| Untracked 
|  19|0x0000000705c00000, 0x0000000705e00000, 0x0000000705e00000|100%| O|  |TAMS 0x0000000705c00000| PB 0x0000000705c00000| Untracked 
|  20|0x0000000705e00000, 0x0000000706000000, 0x0000000706000000|100%| O|  |TAMS 0x0000000705e00000| PB 0x0000000705e00000| Untracked 
|  21|0x0000000706000000, 0x0000000706200000, 0x0000000706200000|100%| O|  |TAMS 0x0000000706000000| PB 0x0000000706000000| Untracked 
|  22|0x0000000706200000, 0x00000007062b3910, 0x0000000706400000| 35%| S|CS|TAMS 0x0000000706200000| PB 0x0000000706200000| Complete 
|  23|0x0000000706400000, 0x0000000706400000, 0x0000000706600000|  0%| F|  |TAMS 0x0000000706400000| PB 0x0000000706400000| Untracked 
|  24|0x0000000706600000, 0x0000000706600000, 0x0000000706800000|  0%| F|  |TAMS 0x0000000706600000| PB 0x0000000706600000| Untracked 
|  25|0x0000000706800000, 0x0000000706a00000, 0x0000000706a00000|100%| S|CS|TAMS 0x0000000706800000| PB 0x0000000706800000| Complete 
|  26|0x0000000706a00000, 0x0000000706a00000, 0x0000000706c00000|  0%| F|  |TAMS 0x0000000706a00000| PB 0x0000000706a00000| Untracked 
|  27|0x0000000706c00000, 0x0000000706c00000, 0x0000000706e00000|  0%| F|  |TAMS 0x0000000706c00000| PB 0x0000000706c00000| Untracked 
|  28|0x0000000706e00000, 0x0000000706e00000, 0x0000000707000000|  0%| F|  |TAMS 0x0000000706e00000| PB 0x0000000706e00000| Untracked 
|  29|0x0000000707000000, 0x0000000707000000, 0x0000000707200000|  0%| F|  |TAMS 0x0000000707000000| PB 0x0000000707000000| Untracked 
|  30|0x0000000707200000, 0x0000000707200000, 0x0000000707400000|  0%| F|  |TAMS 0x0000000707200000| PB 0x0000000707200000| Untracked 
|  31|0x0000000707400000, 0x0000000707400000, 0x0000000707600000|  0%| F|  |TAMS 0x0000000707400000| PB 0x0000000707400000| Untracked 
|  32|0x0000000707600000, 0x0000000707600000, 0x0000000707800000|  0%| F|  |TAMS 0x0000000707600000| PB 0x0000000707600000| Untracked 
|  33|0x0000000707800000, 0x0000000707800000, 0x0000000707a00000|  0%| F|  |TAMS 0x0000000707800000| PB 0x0000000707800000| Untracked 
|  34|0x0000000707a00000, 0x0000000707a00000, 0x0000000707c00000|  0%| F|  |TAMS 0x0000000707a00000| PB 0x0000000707a00000| Untracked 
|  35|0x0000000707c00000, 0x0000000707c6f828, 0x0000000707e00000| 21%| E|  |TAMS 0x0000000707c00000| PB 0x0000000707c00000| Complete 
|  36|0x0000000707e00000, 0x0000000708000000, 0x0000000708000000|100%| E|CS|TAMS 0x0000000707e00000| PB 0x0000000707e00000| Complete 
|2020|0x00000007ffe00000, 0x0000000800000000, 0x0000000800000000|100%| O|  |TAMS 0x00000007ffe00000| PB 0x00000007ffe00000| Untracked 

Card table byte_map: [0x00000270f26f0000,0x00000270f2ee0000] _byte_map_base: 0x00000270eeed5000

Marking Bits: (CMBitMap*) 0x00000270d9cee800
 Bits: [0x00000270f2ee0000, 0x00000270f6e08000)

Polling page: 0x00000270d8420000

Metaspace:

Usage:
  Non-class:     63.55 MB used.
      Class:     10.30 MB used.
       Both:     73.85 MB used.

Virtual space:
  Non-class space:       64.00 MB reserved,      63.94 MB (>99%) committed,  1 nodes.
      Class space:        1.00 GB reserved,      10.62 MB (  1%) committed,  1 nodes.
             Both:        1.06 GB reserved,      74.56 MB (  7%) committed. 

Chunk freelists:
   Non-Class:  78.00 KB
       Class:  5.32 MB
        Both:  5.39 MB

MaxMetaspaceSize: unlimited
CompressedClassSpaceSize: 1.00 GB
Initial GC threshold: 21.00 MB
Current GC threshold: 112.12 MB
CDS: on
 - commit_granule_bytes: 65536.
 - commit_granule_words: 8192.
 - virtual_space_node_default_size: 8388608.
 - enlarge_chunks_in_place: 1.
 - use_allocation_guard: 0.


Internal statistics:

num_allocs_failed_limit: 9.
num_arena_births: 1158.
num_arena_deaths: 0.
num_vsnodes_births: 2.
num_vsnodes_deaths: 0.
num_space_committed: 1193.
num_space_uncommitted: 0.
num_chunks_returned_to_freelist: 9.
num_chunks_taken_from_freelist: 3902.
num_chunk_merges: 6.
num_chunk_splits: 2863.
num_chunks_enlarged: 2255.
num_inconsistent_stats: 0.

CodeHeap 'non-profiled nmethods': size=120000Kb used=4286Kb max_used=4286Kb free=115713Kb
 bounds [0x00000270ea190000, 0x00000270ea5c0000, 0x00000270f16c0000]
CodeHeap 'profiled nmethods': size=120000Kb used=10820Kb max_used=10820Kb free=109179Kb
 bounds [0x00000270e26c0000, 0x00000270e3160000, 0x00000270e9bf0000]
CodeHeap 'non-nmethods': size=5760Kb used=1881Kb max_used=1930Kb free=3878Kb
 bounds [0x00000270e9bf0000, 0x00000270e9e60000, 0x00000270ea190000]
 total_blobs=6305 nmethods=5594 adapters=615
 compilation: enabled
              stopped_count=0, restarted_count=0
 full_count=0

Compilation events (20 events):
Event: 9.483 Thread 0x00000270f708e1c0 6485       3       org.springframework.beans.factory.annotation.QualifierAnnotationAutowireCandidateResolver::getSuggestedValue (33 bytes)
Event: 9.484 Thread 0x00000270f708e1c0 nmethod 6485 0x00000270e313f890 code [0x00000270e313fb60, 0x00000270e3140e58]
Event: 9.484 Thread 0x00000270f708e1c0 6487       3       org.springframework.beans.factory.annotation.QualifierAnnotationAutowireCandidateResolver::checkQualifiers (247 bytes)
Event: 9.485 Thread 0x00000270f708e1c0 nmethod 6487 0x00000270e3141390 code [0x00000270e3141780, 0x00000270e3143360]
Event: 9.485 Thread 0x00000270f708e1c0 6488   !   3       org.springframework.beans.factory.support.AbstractAutowireCapableBeanFactory::applyPropertyValues (492 bytes)
Event: 9.489 Thread 0x00000270f708e1c0 nmethod 6488 0x00000270e3143e10 code [0x00000270e3144560, 0x00000270e3149a08]
Event: 9.489 Thread 0x00000270f708e1c0 6490       3       org.springframework.util.ClassUtils::getAllInterfacesForClassAsSet (106 bytes)
Event: 9.490 Thread 0x00000270f708e1c0 nmethod 6490 0x00000270e314b890 code [0x00000270e314bc20, 0x00000270e314d258]
Event: 9.490 Thread 0x00000270f708e1c0 6489       3       org.springframework.orm.jpa.support.PersistenceAnnotationBeanPostProcessor::postProcessMergedBeanDefinition (9 bytes)
Event: 9.490 Thread 0x00000270f708e1c0 nmethod 6489 0x00000270e314db90 code [0x00000270e314dd40, 0x00000270e314de78]
Event: 9.490 Thread 0x00000270f708e1c0 6486       3       org.springframework.core.MethodParameter::getParameterName (114 bytes)
Event: 9.491 Thread 0x00000270f708e1c0 nmethod 6486 0x00000270e314df10 code [0x00000270e314e120, 0x00000270e314ea30]
Event: 9.491 Thread 0x00000270f708e1c0 6492       3       org.springframework.orm.jpa.support.PersistenceAnnotationBeanPostProcessor::requiresDestruction (11 bytes)
Event: 9.491 Thread 0x00000270f708e1c0 nmethod 6492 0x00000270e314eb90 code [0x00000270e314ed40, 0x00000270e314ef20]
Event: 9.491 Thread 0x00000270f708e1c0 6493       3       org.springframework.beans.factory.annotation.InitDestroyAnnotationBeanPostProcessor::requiresDestruction (12 bytes)
Event: 9.491 Thread 0x00000270f708e1c0 nmethod 6493 0x00000270e314f010 code [0x00000270e314f1e0, 0x00000270e314f420]
Event: 9.491 Thread 0x00000270f708e1c0 6494       3       org.springframework.aop.framework.autoproxy.AbstractAutoProxyCreator::postProcessBeforeInstantiation (149 bytes)
Event: 9.492 Thread 0x00000270f708e1c0 nmethod 6494 0x00000270e314f510 code [0x00000270e314f980, 0x00000270e3151a50]
Event: 9.501 Thread 0x00000270f708e1c0 6495       1       org.springframework.boot.context.properties.bind.Bindable::getValue (5 bytes)
Event: 9.501 Thread 0x00000270f708e1c0 nmethod 6495 0x00000270ea5bf890 code [0x00000270ea5bfa20, 0x00000270ea5bfaf0]

GC Heap History (20 events):
Event: 3.604 GC heap before
{Heap before GC invocations=7 (full 0):
 garbage-first heap   total 55296K, used 35351K [0x0000000703600000, 0x0000000800000000)
  region size 2048K, 11 young (22528K), 2 survivors (4096K)
 Metaspace       used 35564K, committed 36096K, reserved 1114112K
  class space    used 4509K, committed 4736K, reserved 1048576K
}
Event: 3.612 GC heap after
{Heap after GC invocations=8 (full 0):
 garbage-first heap   total 157696K, used 22528K [0x0000000703600000, 0x0000000800000000)
  region size 2048K, 1 young (2048K), 1 survivors (2048K)
 Metaspace       used 35564K, committed 36096K, reserved 1114112K
  class space    used 4509K, committed 4736K, reserved 1048576K
}
Event: 5.025 GC heap before
{Heap before GC invocations=9 (full 0):
 garbage-first heap   total 75776K, used 63488K [0x0000000703600000, 0x0000000800000000)
  region size 2048K, 22 young (45056K), 1 survivors (2048K)
 Metaspace       used 47858K, committed 48448K, reserved 1114112K
  class space    used 6273K, committed 6528K, reserved 1048576K
}
Event: 5.034 GC heap after
{Heap after GC invocations=10 (full 0):
 garbage-first heap   total 75776K, used 24994K [0x0000000703600000, 0x0000000800000000)
  region size 2048K, 3 young (6144K), 3 survivors (6144K)
 Metaspace       used 47858K, committed 48448K, reserved 1114112K
  class space    used 6273K, committed 6528K, reserved 1048576K
}
Event: 5.815 GC heap before
{Heap before GC invocations=10 (full 0):
 garbage-first heap   total 75776K, used 61858K [0x0000000703600000, 0x0000000800000000)
  region size 2048K, 21 young (43008K), 3 survivors (6144K)
 Metaspace       used 57779K, committed 58432K, reserved 1114112K
  class space    used 7765K, committed 8064K, reserved 1048576K
}
Event: 5.827 GC heap after
{Heap after GC invocations=11 (full 0):
 garbage-first heap   total 75776K, used 26419K [0x0000000703600000, 0x0000000800000000)
  region size 2048K, 3 young (6144K), 3 survivors (6144K)
 Metaspace       used 57779K, committed 58432K, reserved 1114112K
  class space    used 7765K, committed 8064K, reserved 1048576K
}
Event: 5.957 GC heap before
{Heap before GC invocations=11 (full 0):
 garbage-first heap   total 75776K, used 32563K [0x0000000703600000, 0x0000000800000000)
  region size 2048K, 7 young (14336K), 3 survivors (6144K)
 Metaspace       used 59657K, committed 60288K, reserved 1114112K
  class space    used 8038K, committed 8320K, reserved 1048576K
}
Event: 5.963 GC heap after
{Heap after GC invocations=12 (full 0):
 garbage-first heap   total 75776K, used 27018K [0x0000000703600000, 0x0000000800000000)
  region size 2048K, 2 young (4096K), 2 survivors (4096K)
 Metaspace       used 59657K, committed 60288K, reserved 1114112K
  class space    used 8038K, committed 8320K, reserved 1048576K
}
Event: 6.793 GC heap before
{Heap before GC invocations=13 (full 0):
 garbage-first heap   total 75776K, used 63882K [0x0000000703600000, 0x0000000800000000)
  region size 2048K, 20 young (40960K), 2 survivors (4096K)
 Metaspace       used 65940K, committed 66624K, reserved 1114112K
  class space    used 9057K, committed 9344K, reserved 1048576K
}
Event: 6.799 GC heap after
{Heap after GC invocations=14 (full 0):
 garbage-first heap   total 75776K, used 29930K [0x0000000703600000, 0x0000000800000000)
  region size 2048K, 3 young (6144K), 3 survivors (6144K)
 Metaspace       used 65940K, committed 66624K, reserved 1114112K
  class space    used 9057K, committed 9344K, reserved 1048576K
}
Event: 7.012 GC heap before
{Heap before GC invocations=14 (full 0):
 garbage-first heap   total 75776K, used 60650K [0x0000000703600000, 0x0000000800000000)
  region size 2048K, 19 young (38912K), 3 survivors (6144K)
 Metaspace       used 67825K, committed 68480K, reserved 1114112K
  class space    used 9441K, committed 9728K, reserved 1048576K
}
Event: 7.021 GC heap after
{Heap after GC invocations=15 (full 0):
 garbage-first heap   total 75776K, used 30724K [0x0000000703600000, 0x0000000800000000)
  region size 2048K, 3 young (6144K), 3 survivors (6144K)
 Metaspace       used 67825K, committed 68480K, reserved 1114112K
  class space    used 9441K, committed 9728K, reserved 1048576K
}
Event: 7.093 GC heap before
{Heap before GC invocations=15 (full 0):
 garbage-first heap   total 75776K, used 61444K [0x0000000703600000, 0x0000000800000000)
  region size 2048K, 18 young (36864K), 3 survivors (6144K)
 Metaspace       used 67831K, committed 68544K, reserved 1114112K
  class space    used 9441K, committed 9728K, reserved 1048576K
}
Event: 7.099 GC heap after
{Heap after GC invocations=16 (full 0):
 garbage-first heap   total 75776K, used 31110K [0x0000000703600000, 0x0000000800000000)
  region size 2048K, 1 young (2048K), 1 survivors (2048K)
 Metaspace       used 67831K, committed 68544K, reserved 1114112K
  class space    used 9441K, committed 9728K, reserved 1048576K
}
Event: 7.153 GC heap before
{Heap before GC invocations=16 (full 0):
 garbage-first heap   total 75776K, used 65926K [0x0000000703600000, 0x0000000800000000)
  region size 2048K, 18 young (36864K), 1 survivors (2048K)
 Metaspace       used 67840K, committed 68544K, reserved 1114112K
  class space    used 9441K, committed 9728K, reserved 1048576K
}
Event: 7.164 GC heap after
{Heap after GC invocations=17 (full 0):
 garbage-first heap   total 77824K, used 39679K [0x0000000703600000, 0x0000000800000000)
  region size 2048K, 3 young (6144K), 3 survivors (6144K)
 Metaspace       used 67840K, committed 68544K, reserved 1114112K
  class space    used 9441K, committed 9728K, reserved 1048576K
}
Event: 7.849 GC heap before
{Heap before GC invocations=18 (full 0):
 garbage-first heap   total 77824K, used 64255K [0x0000000703600000, 0x0000000800000000)
  region size 2048K, 15 young (30720K), 3 survivors (6144K)
 Metaspace       used 71908K, committed 72640K, reserved 1114112K
  class space    used 10032K, committed 10368K, reserved 1048576K
}
Event: 7.854 GC heap after
{Heap after GC invocations=19 (full 0):
 garbage-first heap   total 77824K, used 42584K [0x0000000703600000, 0x0000000800000000)
  region size 2048K, 2 young (4096K), 2 survivors (4096K)
 Metaspace       used 71908K, committed 72640K, reserved 1114112K
  class space    used 10032K, committed 10368K, reserved 1048576K
}
Event: 9.447 GC heap before
{Heap before GC invocations=19 (full 0):
 garbage-first heap   total 77824K, used 65112K [0x0000000703600000, 0x0000000800000000)
  region size 2048K, 13 young (26624K), 2 survivors (4096K)
 Metaspace       used 75379K, committed 76096K, reserved 1114112K
  class space    used 10510K, committed 10816K, reserved 1048576K
}
Event: 9.452 GC heap after
{Heap after GC invocations=20 (full 0):
 garbage-first heap   total 77824K, used 44788K [0x0000000703600000, 0x0000000800000000)
  region size 2048K, 2 young (4096K), 2 survivors (4096K)
 Metaspace       used 75379K, committed 76096K, reserved 1114112K
  class space    used 10510K, committed 10816K, reserved 1048576K
}

Dll operation events (11 events):
Event: 0.007 Loaded shared library C:\Users\ndtminh\AppData\Local\Programs\Microsoft\jdk-21.0.6.7-hotspot\bin\java.dll
Event: 0.032 Loaded shared library C:\Users\ndtminh\AppData\Local\Programs\Microsoft\jdk-21.0.6.7-hotspot\bin\jsvml.dll
Event: 0.098 Loaded shared library C:\Users\ndtminh\AppData\Local\Programs\Microsoft\jdk-21.0.6.7-hotspot\bin\net.dll
Event: 0.100 Loaded shared library C:\Users\ndtminh\AppData\Local\Programs\Microsoft\jdk-21.0.6.7-hotspot\bin\nio.dll
Event: 0.104 Loaded shared library C:\Users\ndtminh\AppData\Local\Programs\Microsoft\jdk-21.0.6.7-hotspot\bin\zip.dll
Event: 0.195 Loaded shared library C:\Users\ndtminh\AppData\Local\Programs\Microsoft\jdk-21.0.6.7-hotspot\bin\jimage.dll
Event: 1.328 Loaded shared library C:\Users\ndtminh\AppData\Local\Programs\Microsoft\jdk-21.0.6.7-hotspot\bin\sunmscapi.dll
Event: 3.066 Loaded shared library C:\Users\ndtminh\AppData\Local\Programs\Microsoft\jdk-21.0.6.7-hotspot\bin\management.dll
Event: 3.072 Loaded shared library C:\Users\ndtminh\AppData\Local\Programs\Microsoft\jdk-21.0.6.7-hotspot\bin\management_ext.dll
Event: 3.990 Loaded shared library C:\Users\ndtminh\AppData\Local\Programs\Microsoft\jdk-21.0.6.7-hotspot\bin\verify.dll
Event: 4.348 Loaded shared library C:\Users\ndtminh\AppData\Local\Programs\Microsoft\jdk-21.0.6.7-hotspot\bin\extnet.dll

Deoptimization events (20 events):
Event: 8.600 Thread 0x00000270d9c7df90 Uncommon trap: trap_request=0xffffff45 fr.pc=0x00000270ea359d0c relative=0x000000000000028c
Event: 8.600 Thread 0x00000270d9c7df90 Uncommon trap: reason=unstable_if action=reinterpret pc=0x00000270ea359d0c method=org.springframework.beans.factory.support.AbstractAutowireCapableBeanFactory.determineTargetType(Ljava/lang/String;Lorg/springframework/beans/factory/support/RootBeanDefinit
Event: 8.600 Thread 0x00000270d9c7df90 DEOPT PACKING pc=0x00000270ea359d0c sp=0x000000c639ffdda0
Event: 8.600 Thread 0x00000270d9c7df90 DEOPT UNPACKING pc=0x00000270e9c47da2 sp=0x000000c639ffdd88 mode 2
Event: 8.713 Thread 0x00000270d9c7df90 Uncommon trap: trap_request=0xffffff45 fr.pc=0x00000270ea1c1e68 relative=0x00000000000002a8
Event: 8.713 Thread 0x00000270d9c7df90 Uncommon trap: reason=unstable_if action=reinterpret pc=0x00000270ea1c1e68 method=java.lang.String.hashCode()I @ 20 c2
Event: 8.713 Thread 0x00000270d9c7df90 DEOPT PACKING pc=0x00000270ea1c1e68 sp=0x000000c639ffc8b0
Event: 8.713 Thread 0x00000270d9c7df90 DEOPT UNPACKING pc=0x00000270e9c47da2 sp=0x000000c639ffc840 mode 2
Event: 8.791 Thread 0x00000270d9c7df90 Uncommon trap: trap_request=0xffffffde fr.pc=0x00000270ea498ff4 relative=0x00000000000000d4
Event: 8.791 Thread 0x00000270d9c7df90 Uncommon trap: reason=class_check action=maybe_recompile pc=0x00000270ea498ff4 method=java.lang.reflect.Method.equals(Ljava/lang/Object;)Z @ 1 c2
Event: 8.791 Thread 0x00000270d9c7df90 DEOPT PACKING pc=0x00000270ea498ff4 sp=0x000000c639ffe260
Event: 8.791 Thread 0x00000270d9c7df90 DEOPT UNPACKING pc=0x00000270e9c47da2 sp=0x000000c639ffe1e8 mode 2
Event: 9.240 Thread 0x00000270d9c7df90 Uncommon trap: trap_request=0xffffff45 fr.pc=0x00000270ea38c094 relative=0x0000000000000674
Event: 9.240 Thread 0x00000270d9c7df90 Uncommon trap: reason=unstable_if action=reinterpret pc=0x00000270ea38c094 method=org.springframework.beans.factory.support.DefaultSingletonBeanRegistry.getSingleton(Ljava/lang/String;Z)Ljava/lang/Object; @ 39 c2
Event: 9.240 Thread 0x00000270d9c7df90 DEOPT PACKING pc=0x00000270ea38c094 sp=0x000000c639ffd6d0
Event: 9.240 Thread 0x00000270d9c7df90 DEOPT UNPACKING pc=0x00000270e9c47da2 sp=0x000000c639ffd670 mode 2
Event: 9.401 Thread 0x00000270d9c7df90 Uncommon trap: trap_request=0xffffff45 fr.pc=0x00000270ea550b0c relative=0x000000000000476c
Event: 9.401 Thread 0x00000270d9c7df90 Uncommon trap: reason=unstable_if action=reinterpret pc=0x00000270ea550b0c method=org.springframework.core.annotation.AnnotationsScanner.processMethodHierarchy(Ljava/lang/Object;[ILjava/lang/Class;Lorg/springframework/core/annotation/AnnotationsProcessor;
Event: 9.401 Thread 0x00000270d9c7df90 DEOPT PACKING pc=0x00000270ea550b0c sp=0x000000c639ffd210
Event: 9.401 Thread 0x00000270d9c7df90 DEOPT UNPACKING pc=0x00000270e9c47da2 sp=0x000000c639ffd228 mode 2

Classes loaded (20 events):
Event: 6.626 Loading class java/util/EmptyStackException
Event: 6.627 Loading class java/util/EmptyStackException done
Event: 6.714 Loading class java/io/InvalidClassException
Event: 6.714 Loading class java/io/InvalidClassException done
Event: 7.260 Loading class java/util/stream/SortedOps$SizedRefSortingSink
Event: 7.260 Loading class java/util/stream/SortedOps$SizedRefSortingSink done
Event: 7.278 Loading class java/nio/channels/CompletionHandler
Event: 7.278 Loading class java/nio/channels/CompletionHandler done
Event: 7.831 Loading class java/util/Comparators$NullComparator
Event: 7.831 Loading class java/util/Comparators$NullComparator done
Event: 7.868 Loading class sun/reflect/annotation/TypeAnnotation$TypeAnnotationTargetInfo
Event: 7.868 Loading class sun/reflect/annotation/TypeAnnotation$TypeAnnotationTargetInfo done
Event: 7.877 Loading class java/util/AbstractList$SubList$1
Event: 7.877 Loading class java/util/AbstractList$SubList$1 done
Event: 8.015 Loading class java/util/EnumMap$EntrySet
Event: 8.026 Loading class java/util/EnumMap$EntrySet done
Event: 8.026 Loading class java/util/EnumMap$EntryIterator
Event: 8.027 Loading class java/util/EnumMap$EnumMapIterator
Event: 8.028 Loading class java/util/EnumMap$EnumMapIterator done
Event: 8.028 Loading class java/util/EnumMap$EntryIterator done

Classes unloaded (0 events):
No events

Classes redefined (0 events):
No events

Internal exceptions (20 events):
Event: 5.919 Thread 0x00000270d9c7df90 Exception <a 'java/lang/NoSuchMethodError'{0x0000000707ae4220}: 'java.lang.Object java.lang.invoke.DirectMethodHandle$Holder.newInvokeSpecial(java.lang.Object, java.lang.Object, int, java.lang.Object, int, java.lang.Object, java.lang.Object)'> (0x0000000707ae4220) 
thrown [s\src\hotspot\share\interpreter\linkResolver.cpp, line 773]
Event: 5.924 Thread 0x00000270d9c7df90 Exception <a 'java/lang/NoSuchMethodError'{0x0000000707b2c9e8}: 'java.lang.Object java.lang.invoke.DirectMethodHandle$Holder.newInvokeSpecial(java.lang.Object, java.lang.Object, java.lang.Object, java.lang.Object, java.lang.Object, java.lang.Object, java.lang.Object, int)'> (0x0000000707b2c9e8) 
thrown [s\src\hotspot\share\interpreter\linkResolver.cpp, line 773]
Event: 5.924 Thread 0x00000270d9c7df90 Exception <a 'java/lang/NoSuchMethodError'{0x0000000707b31798}: 'java.lang.Object java.lang.invoke.DirectMethodHandle$Holder.invokeSpecial(java.lang.Object, java.lang.Object, java.lang.Object, java.lang.Object, java.lang.Object, java.lang.Object, java.lang.Object, java.lang.Object, int)'> (0x0000000707b31798) 
thrown [s\src\hotspot\share\interpreter\linkResolver.cpp, line 773]
Event: 5.925 Thread 0x00000270d9c7df90 Exception <a 'java/lang/NoSuchMethodError'{0x0000000707b35fd0}: 'java.lang.Object java.lang.invoke.Invokers$Holder.linkToTargetMethod(java.lang.Object, java.lang.Object, java.lang.Object, java.lang.Object, java.lang.Object, java.lang.Object, int, java.lang.Object)'> (0x0000000707b35fd0) 
thrown [s\src\hotspot\share\interpreter\linkResolver.cpp, line 773]
Event: 6.190 Thread 0x00000270d9c7df90 Exception <a 'java/lang/NoSuchMethodError'{0x0000000707d50ee0}: 'java.lang.Object java.lang.invoke.DirectMethodHandle$Holder.invokeSpecial(java.lang.Object, java.lang.Object, int, java.lang.Object, int)'> (0x0000000707d50ee0) 
thrown [s\src\hotspot\share\interpreter\linkResolver.cpp, line 773]
Event: 6.253 Thread 0x00000270d9c7df90 Exception <a 'java/lang/IncompatibleClassChangeError'{0x00000007078ff6b8}: Found class java.lang.Object, but interface was expected> (0x00000007078ff6b8) 
thrown [s\src\hotspot\share\interpreter\linkResolver.cpp, line 840]
Event: 6.283 Thread 0x00000270d9c7df90 Implicit null exception at 0x00000270ea4782f7 to 0x00000270ea478560
Event: 6.314 Thread 0x00000270d9c7df90 Exception <a 'java/lang/IncompatibleClassChangeError'{0x000000070728fd00}: Found class java.lang.Object, but interface was expected> (0x000000070728fd00) 
thrown [s\src\hotspot\share\interpreter\linkResolver.cpp, line 840]
Event: 6.437 Thread 0x00000270d9c7df90 Exception <a 'java/lang/IncompatibleClassChangeError'{0x0000000706ef5788}: Found class java.lang.Object, but interface was expected> (0x0000000706ef5788) 
thrown [s\src\hotspot\share\interpreter\linkResolver.cpp, line 840]
Event: 6.561 Thread 0x00000270d9c7df90 Exception <a 'java/lang/IncompatibleClassChangeError'{0x0000000706bf2140}: Found class java.lang.Object, but interface was expected> (0x0000000706bf2140) 
thrown [s\src\hotspot\share\interpreter\linkResolver.cpp, line 840]
Event: 6.562 Thread 0x00000270d9c7df90 Exception <a 'java/lang/IncompatibleClassChangeError'{0x0000000706bf7b60}: Found class java.lang.Object, but interface was expected> (0x0000000706bf7b60) 
thrown [s\src\hotspot\share\interpreter\linkResolver.cpp, line 840]
Event: 7.278 Thread 0x00000270d9c7df90 Exception <a 'java/lang/NoSuchMethodError'{0x000000070773cfd0}: 'long java.lang.invoke.DirectMethodHandle$Holder.invokeVirtual(java.lang.Object, java.lang.Object)'> (0x000000070773cfd0) 
thrown [s\src\hotspot\share\interpreter\linkResolver.cpp, line 773]
Event: 7.302 Thread 0x00000270d9c7df90 Exception <a 'java/lang/NoSuchMethodError'{0x0000000707468310}: 'void java.lang.invoke.DirectMethodHandle$Holder.invokeVirtual(java.lang.Object, java.lang.Object, long)'> (0x0000000707468310) 
thrown [s\src\hotspot\share\interpreter\linkResolver.cpp, line 773]
Event: 7.383 Thread 0x00000270d9c7df90 Exception <a 'java/lang/NoSuchMethodError'{0x00000007072e6098}: 'java.lang.Object java.lang.invoke.DirectMethodHandle$Holder.newInvokeSpecial(java.lang.Object, java.lang.Object, java.lang.Object, java.lang.Object, java.lang.Object, java.lang.Object, java.lang.Object, java.lang.Object)'> (0x00000007072e6098) 
thrown [s\src\hotspot\share\interpreter\linkResolver.cpp, line 773]
Event: 8.081 Thread 0x00000270d9c7df90 Exception <a 'java/lang/IncompatibleClassChangeError'{0x0000000707b261c8}: Found class java.lang.Object, but interface was expected> (0x0000000707b261c8) 
thrown [s\src\hotspot\share\interpreter\linkResolver.cpp, line 840]
Event: 8.744 Thread 0x00000270d9c7df90 Exception <a 'java/lang/NoSuchMethodError'{0x00000007073bcc38}: 'java.lang.Object java.lang.invoke.DirectMethodHandle$Holder.invokeInterface(java.lang.Object, java.lang.Object, java.lang.Object, java.lang.Object)'> (0x00000007073bcc38) 
thrown [s\src\hotspot\share\interpreter\linkResolver.cpp, line 773]
Event: 9.382 Thread 0x00000270d9c7df90 Exception <a 'java/lang/NoSuchMethodError'{0x0000000706a8c9c8}: 'java.lang.Object java.lang.invoke.DirectMethodHandle$Holder.invokeVirtual(java.lang.Object, java.lang.Object, java.lang.Object, java.lang.Object, java.lang.Object, java.lang.Object, java.lang.Object)'> (0x0000000706a8c9c8) 
thrown [s\src\hotspot\share\interpreter\linkResolver.cpp, line 773]
Event: 9.415 Thread 0x00000270d9c7df90 Exception <a 'java/lang/NoSuchMethodError'{0x0000000706b31fc8}: 'java.lang.Object java.lang.invoke.DirectMethodHandle$Holder.invokeVirtual(java.lang.Object, java.lang.Object, java.lang.Object, java.lang.Object, java.lang.Object, java.lang.Object, java.lang.Object, java.lang.Object, java.lang.Object)'> (0x0000000706b31fc8) 
thrown [s\src\hotspot\share\interpreter\linkResolver.cpp, line 773]
Event: 9.432 Thread 0x00000270d9c7df90 Exception <a 'java/lang/NoSuchMethodError'{0x0000000706b7ecb8}: 'java.lang.Object java.lang.invoke.DirectMethodHandle$Holder.invokeVirtual(java.lang.Object, java.lang.Object, java.lang.Object, java.lang.Object, java.lang.Object, java.lang.Object, java.lang.Object, java.lang.Object, java.lang.Object, java.lang.Object)'> (0x0000000706b7ecb8) 
thrown [s\src\hotspot\share\interpreter\linkResolver.cpp, line 773]
Event: 9.511 Thread 0x00000270d9c7df90 Exception <a 'java/lang/IncompatibleClassChangeError'{0x0000000707fe1f40}: Found class java.lang.Object, but interface was expected> (0x0000000707fe1f40) 
thrown [s\src\hotspot\share\interpreter\linkResolver.cpp, line 840]

ZGC Phase Switch (0 events):
No events

VM Operations (20 events):
Event: 7.283 Executing VM operation: HandshakeAllThreads (Deoptimize)
Event: 7.283 Executing VM operation: HandshakeAllThreads (Deoptimize) done
Event: 7.799 Executing VM operation: HandshakeAllThreads (Deoptimize)
Event: 7.799 Executing VM operation: HandshakeAllThreads (Deoptimize) done
Event: 7.848 Executing VM operation: G1CollectForAllocation (G1 Evacuation Pause)
Event: 7.854 Executing VM operation: G1CollectForAllocation (G1 Evacuation Pause) done
Event: 7.861 Executing VM operation: HandshakeAllThreads (Deoptimize)
Event: 7.861 Executing VM operation: HandshakeAllThreads (Deoptimize) done
Event: 7.863 Executing VM operation: HandshakeAllThreads (Deoptimize)
Event: 7.863 Executing VM operation: HandshakeAllThreads (Deoptimize) done
Event: 8.124 Executing VM operation: HandshakeAllThreads (Deoptimize)
Event: 8.124 Executing VM operation: HandshakeAllThreads (Deoptimize) done
Event: 8.162 Executing VM operation: HandshakeAllThreads (Deoptimize)
Event: 8.162 Executing VM operation: HandshakeAllThreads (Deoptimize) done
Event: 9.169 Executing VM operation: Cleanup
Event: 9.169 Executing VM operation: Cleanup done
Event: 9.181 Executing VM operation: HandshakeAllThreads (Deoptimize)
Event: 9.181 Executing VM operation: HandshakeAllThreads (Deoptimize) done
Event: 9.447 Executing VM operation: G1CollectForAllocation (G1 Evacuation Pause)
Event: 9.453 Executing VM operation: G1CollectForAllocation (G1 Evacuation Pause) done

Memory protections (0 events):
No events

Nmethod flushes (20 events):
Event: 7.186 Thread 0x00000270f7050840 flushing  nmethod 0x00000270e2a1cf10
Event: 7.186 Thread 0x00000270f7050840 flushing  nmethod 0x00000270e2a2fb10
Event: 7.186 Thread 0x00000270f7050840 flushing  nmethod 0x00000270e2a3ce90
Event: 7.186 Thread 0x00000270f7050840 flushing  nmethod 0x00000270e2a42b90
Event: 7.186 Thread 0x00000270f7050840 flushing  nmethod 0x00000270e2a7e210
Event: 7.186 Thread 0x00000270f7050840 flushing  nmethod 0x00000270e2aa4b90
Event: 7.186 Thread 0x00000270f7050840 flushing  nmethod 0x00000270e2ab0510
Event: 7.186 Thread 0x00000270f7050840 flushing  nmethod 0x00000270e2c30190
Event: 7.186 Thread 0x00000270f7050840 flushing  nmethod 0x00000270e2c95490
Event: 7.186 Thread 0x00000270f7050840 flushing  nmethod 0x00000270e2e13490
Event: 7.186 Thread 0x00000270f7050840 flushing  nmethod 0x00000270e2f4aa10
Event: 7.186 Thread 0x00000270f7050840 flushing  nmethod 0x00000270e2f4c190
Event: 7.186 Thread 0x00000270f7050840 flushing  nmethod 0x00000270e2f6ee90
Event: 7.186 Thread 0x00000270f7050840 flushing  nmethod 0x00000270e2f81990
Event: 7.186 Thread 0x00000270f7050840 flushing  nmethod 0x00000270e2f93710
Event: 7.186 Thread 0x00000270f7050840 flushing  nmethod 0x00000270e2f95b90
Event: 7.186 Thread 0x00000270f7050840 flushing  nmethod 0x00000270e2fd2510
Event: 7.186 Thread 0x00000270f7050840 flushing  nmethod 0x00000270e2fded90
Event: 7.186 Thread 0x00000270f7050840 flushing  nmethod 0x00000270e3032390
Event: 7.186 Thread 0x00000270f7050840 flushing  nmethod 0x00000270e3045090

Events (20 events):
Event: 0.030 Thread 0x00000270d9c7df90 Thread added: 0x00000270f7080c90
Event: 0.030 Thread 0x00000270d9c7df90 Thread added: 0x00000270f7087700
Event: 0.031 Thread 0x00000270d9c7df90 Thread added: 0x00000270f708e1c0
Event: 0.092 Thread 0x00000270d9c7df90 Thread added: 0x00000270f98d9750
Event: 0.094 Thread 0x00000270d9c7df90 Thread added: 0x00000270f98e1aa0
Event: 0.403 Thread 0x00000270f708e1c0 Thread added: 0x00000270fe3e5cb0
Event: 0.710 Thread 0x00000270d9c7df90 Thread added: 0x00000270fec21470
Event: 1.195 Thread 0x00000270d9c7df90 Thread added: 0x00000270c1d40010
Event: 1.223 Thread 0x00000270c1d40010 Thread exited: 0x00000270c1d40010
Event: 1.351 Thread 0x00000270fec21470 Thread exited: 0x00000270fec21470
Event: 4.635 Thread 0x00000270d9c7df90 Thread added: 0x00000270ff2d4050
Event: 4.653 Thread 0x00000270d9c7df90 Thread added: 0x00000270c2be6050
Event: 4.776 Thread 0x00000270c2be6050 Thread added: 0x00000270c155c3d0
Event: 4.783 Thread 0x00000270fe3e5cb0 Thread exited: 0x00000270fe3e5cb0
Event: 4.810 Thread 0x00000270f708e1c0 Thread added: 0x00000270c205a360
Event: 6.184 Thread 0x00000270c205a360 Thread exited: 0x00000270c205a360
Event: 6.234 Thread 0x00000270f708e1c0 Thread added: 0x00000270c1d40010
Event: 7.288 Thread 0x00000270d9c7df90 Thread added: 0x00000270c155bd40
Event: 7.289 Thread 0x00000270c155bd40 Thread added: 0x00000270c155d0f0
Event: 7.293 Thread 0x00000270d9c7df90 Thread added: 0x00000270c155d780


Dynamic libraries:
0x00007ff6715b0000 - 0x00007ff6715be000 	C:\Users\ndtminh\AppData\Local\Programs\Microsoft\jdk-21.0.6.7-hotspot\bin\java.exe
0x00007ff979420000 - 0x00007ff979688000 	C:\WINDOWS\SYSTEM32\ntdll.dll
0x00007ff9779f0000 - 0x00007ff977ab9000 	C:\WINDOWS\System32\KERNEL32.DLL
0x00007ff976c50000 - 0x00007ff97703d000 	C:\WINDOWS\System32\KERNELBASE.dll
0x00007ff976800000 - 0x00007ff97694b000 	C:\WINDOWS\System32\ucrtbase.dll
0x00007ff9500c0000 - 0x00007ff9500dd000 	C:\Users\ndtminh\AppData\Local\Programs\Microsoft\jdk-21.0.6.7-hotspot\bin\VCRUNTIME140.dll
0x00007ff94f120000 - 0x00007ff94f138000 	C:\Users\ndtminh\AppData\Local\Programs\Microsoft\jdk-21.0.6.7-hotspot\bin\jli.dll
0x00007ff977720000 - 0x00007ff9778ec000 	C:\WINDOWS\System32\USER32.dll
0x00007ff94a270000 - 0x00007ff94a50a000 	C:\WINDOWS\WinSxS\amd64_microsoft.windows.common-controls_6595b64144ccf1df_6.0.26100.4484_none_3e0e6d4ce32ef3b3\COMCTL32.dll
0x00007ff976ad0000 - 0x00007ff976af7000 	C:\WINDOWS\System32\win32u.dll
0x00007ff977590000 - 0x00007ff977639000 	C:\WINDOWS\System32\msvcrt.dll
0x00007ff979100000 - 0x00007ff97912b000 	C:\WINDOWS\System32\GDI32.dll
0x00007ff976610000 - 0x00007ff976747000 	C:\WINDOWS\System32\gdi32full.dll
0x00007ff976750000 - 0x00007ff9767f3000 	C:\WINDOWS\System32\msvcp_win.dll
0x00007ff9774e0000 - 0x00007ff97750f000 	C:\WINDOWS\System32\IMM32.DLL
0x00007ff94c630000 - 0x00007ff94c6e1000 	C:\Program Files\McAfee\Endpoint Security\Threat Prevention\Ips\EpMPApi.dll
0x00007ff978810000 - 0x00007ff978928000 	C:\WINDOWS\System32\RPCRT4.dll
0x00007ff977c50000 - 0x00007ff977d04000 	C:\WINDOWS\System32\ADVAPI32.dll
0x00007ff9782d0000 - 0x00007ff978376000 	C:\WINDOWS\System32\sechost.dll
0x00007ff976bc0000 - 0x00007ff976c44000 	C:\WINDOWS\System32\WINTRUST.dll
0x00007ff976950000 - 0x00007ff976ac7000 	C:\WINDOWS\System32\CRYPT32.dll
0x00007ff975da0000 - 0x00007ff975db3000 	C:\WINDOWS\SYSTEM32\MSASN1.dll
0x0000000065e70000 - 0x0000000065e7c000 	C:\Program Files\McAfee\Endpoint Security\Threat Prevention\Ips\EpMPThe.dll
0x00007ff960350000 - 0x00007ff9603ab000 	C:\Program Files\McAfee\Endpoint Security\Threat Prevention\Ips\HIPHandlers64.dll
0x00007ff978930000 - 0x00007ff97907a000 	C:\WINDOWS\System32\SHELL32.dll
0x00007ff977040000 - 0x00007ff9771b4000 	C:\WINDOWS\System32\wintypes.dll
0x00007ff977de0000 - 0x00007ff978166000 	C:\WINDOWS\System32\combase.dll
0x00007ff977520000 - 0x00007ff97758a000 	C:\WINDOWS\System32\SHLWAPI.dll
0x00007ff974a70000 - 0x00007ff974aa3000 	C:\WINDOWS\SYSTEM32\IPHLPAPI.DLL
0x00007ff961a10000 - 0x00007ff961c51000 	C:\WINDOWS\SYSTEM32\dbghelp.dll
0x00007ff9781d0000 - 0x00007ff9782b0000 	C:\WINDOWS\System32\OLEAUT32.dll
0x00007ff966340000 - 0x00007ff96634c000 	C:\Users\ndtminh\AppData\Local\Programs\Microsoft\jdk-21.0.6.7-hotspot\bin\vcruntime140_1.dll
0x00007ff910d00000 - 0x00007ff910d8d000 	C:\Users\ndtminh\AppData\Local\Programs\Microsoft\jdk-21.0.6.7-hotspot\bin\msvcp140.dll
0x00007ff830620000 - 0x00007ff8313b8000 	C:\Users\ndtminh\AppData\Local\Programs\Microsoft\jdk-21.0.6.7-hotspot\bin\server\jvm.dll
0x00007ff979080000 - 0x00007ff9790f4000 	C:\WINDOWS\System32\WS2_32.dll
0x00007ff975c70000 - 0x00007ff975cce000 	C:\WINDOWS\SYSTEM32\POWRPROF.dll
0x00007ff963d60000 - 0x00007ff963d95000 	C:\WINDOWS\SYSTEM32\WINMM.dll
0x00007ff968f70000 - 0x00007ff968f7b000 	C:\WINDOWS\SYSTEM32\VERSION.dll
0x00007ff975c20000 - 0x00007ff975c34000 	C:\WINDOWS\SYSTEM32\UMPDC.dll
0x00007ff9752d0000 - 0x00007ff9752eb000 	C:\WINDOWS\SYSTEM32\kernel.appcore.dll
0x00007ff9530e0000 - 0x00007ff9530ea000 	C:\Users\ndtminh\AppData\Local\Programs\Microsoft\jdk-21.0.6.7-hotspot\bin\jimage.dll
0x00007ff9436f0000 - 0x00007ff943733000 	C:\WINDOWS\SYSTEM32\dbgcore.DLL
0x00007ff976570000 - 0x00007ff976609000 	C:\WINDOWS\System32\bcryptPrimitives.dll
0x00007ff94f100000 - 0x00007ff94f120000 	C:\Users\ndtminh\AppData\Local\Programs\Microsoft\jdk-21.0.6.7-hotspot\bin\java.dll
0x00007ff973f80000 - 0x00007ff9747db000 	C:\WINDOWS\SYSTEM32\windows.storage.dll
0x00007ff9778f0000 - 0x00007ff9779e5000 	C:\WINDOWS\System32\SHCORE.dll
0x00007ff976480000 - 0x00007ff9764af000 	C:\WINDOWS\SYSTEM32\profapi.dll
0x00007ff90ef10000 - 0x00007ff90efe7000 	C:\Users\ndtminh\AppData\Local\Programs\Microsoft\jdk-21.0.6.7-hotspot\bin\jsvml.dll
0x00007ff9500b0000 - 0x00007ff9500c0000 	C:\Users\ndtminh\AppData\Local\Programs\Microsoft\jdk-21.0.6.7-hotspot\bin\net.dll
0x00007ff96dec0000 - 0x00007ff96dfde000 	C:\WINDOWS\SYSTEM32\WINHTTP.dll
0x00007ff975840000 - 0x00007ff9758aa000 	C:\WINDOWS\system32\mswsock.dll
0x00007ff943030000 - 0x00007ff943046000 	C:\Users\ndtminh\AppData\Local\Programs\Microsoft\jdk-21.0.6.7-hotspot\bin\nio.dll
0x00007ff943010000 - 0x00007ff943028000 	C:\Users\ndtminh\AppData\Local\Programs\Microsoft\jdk-21.0.6.7-hotspot\bin\zip.dll
0x00007ff943000000 - 0x00007ff94300e000 	C:\Users\ndtminh\AppData\Local\Programs\Microsoft\jdk-21.0.6.7-hotspot\bin\sunmscapi.dll
0x00007ff975e90000 - 0x00007ff975ec0000 	C:\WINDOWS\SYSTEM32\ncrypt.dll
0x00007ff975e40000 - 0x00007ff975e7f000 	C:\WINDOWS\SYSTEM32\NTASN1.dll
0x00007ff975d40000 - 0x00007ff975d5b000 	C:\WINDOWS\SYSTEM32\CRYPTSP.dll
0x00007ff975230000 - 0x00007ff97526b000 	C:\WINDOWS\system32\rsaenh.dll
0x00007ff9758e0000 - 0x00007ff97590b000 	C:\WINDOWS\SYSTEM32\USERENV.dll
0x00007ff976450000 - 0x00007ff976476000 	C:\WINDOWS\SYSTEM32\bcrypt.dll
0x00007ff975af0000 - 0x00007ff975afc000 	C:\WINDOWS\SYSTEM32\CRYPTBASE.dll
0x00007ff977710000 - 0x00007ff97771a000 	C:\WINDOWS\System32\NSI.dll
0x00007ff941030000 - 0x00007ff94103a000 	C:\Users\ndtminh\AppData\Local\Programs\Microsoft\jdk-21.0.6.7-hotspot\bin\management.dll
0x00007ff9346a0000 - 0x00007ff9346ab000 	C:\Users\ndtminh\AppData\Local\Programs\Microsoft\jdk-21.0.6.7-hotspot\bin\management_ext.dll
0x00007ff979130000 - 0x00007ff979138000 	C:\WINDOWS\System32\PSAPI.DLL
0x00007ff933f70000 - 0x00007ff933f80000 	C:\Users\ndtminh\AppData\Local\Programs\Microsoft\jdk-21.0.6.7-hotspot\bin\verify.dll
0x00007ff974ab0000 - 0x00007ff974bd6000 	C:\WINDOWS\SYSTEM32\DNSAPI.dll
0x00007ff96d440000 - 0x00007ff96d44b000 	C:\Windows\System32\rasadhlp.dll
0x00007ff96fe40000 - 0x00007ff96fec6000 	C:\WINDOWS\System32\fwpuclnt.dll
0x00007ff933f60000 - 0x00007ff933f69000 	C:\Users\ndtminh\AppData\Local\Programs\Microsoft\jdk-21.0.6.7-hotspot\bin\extnet.dll

dbghelp: loaded successfully - version: 4.0.5 - missing functions: none
symbol engine: initialized successfully - sym options: 0x614 - pdb path: .;C:\Users\ndtminh\AppData\Local\Programs\Microsoft\jdk-21.0.6.7-hotspot\bin;C:\WINDOWS\SYSTEM32;C:\WINDOWS\WinSxS\amd64_microsoft.windows.common-controls_6595b64144ccf1df_6.0.26100.4484_none_3e0e6d4ce32ef3b3;C:\Program Files\McAfee\Endpoint Security\Threat Prevention\Ips;C:\Users\ndtminh\AppData\Local\Programs\Microsoft\jdk-21.0.6.7-hotspot\bin\server

VM Arguments:
jvm_args: -XX:+ShowCodeDetailsInExceptionMessages 
java_command: com.example.demo_testing.DemoTestingApplication
java_class_path (initial): D:\demo-java\demo-testing\target\classes;C:\Users\ndtminh\.m2\repository\org\projectlombok\lombok-mapstruct-binding\0.2.0\lombok-mapstruct-binding-0.2.0.jar;C:\Users\ndtminh\.m2\repository\org\mapstruct\mapstruct\1.6.3\mapstruct-1.6.3.jar;C:\Users\ndtminh\.m2\repository\io\jsonwebtoken\jjwt-impl\0.13.0\jjwt-impl-0.13.0.jar;C:\Users\ndtminh\.m2\repository\io\jsonwebtoken\jjwt-jackson\0.13.0\jjwt-jackson-0.13.0.jar;C:\Users\ndtminh\.m2\repository\com\fasterxml\jackson\core\jackson-databind\2.19.2\jackson-databind-2.19.2.jar;C:\Users\ndtminh\.m2\repository\com\fasterxml\jackson\core\jackson-annotations\2.19.2\jackson-annotations-2.19.2.jar;C:\Users\ndtminh\.m2\repository\com\fasterxml\jackson\core\jackson-core\2.19.2\jackson-core-2.19.2.jar;C:\Users\ndtminh\.m2\repository\io\jsonwebtoken\jjwt-api\0.13.0\jjwt-api-0.13.0.jar;C:\Users\ndtminh\.m2\repository\org\springframework\boot\spring-boot-starter-data-jpa\3.5.5\spring-boot-starter-data-jpa-3.5.5.jar;C:\Users\ndtminh\.m2\repository\org\springframework\boot\spring-boot-starter\3.5.5\spring-boot-starter-3.5.5.jar;C:\Users\ndtminh\.m2\repository\org\springframework\boot\spring-boot\3.5.5\spring-boot-3.5.5.jar;C:\Users\ndtminh\.m2\repository\org\springframework\boot\spring-boot-autoconfigure\3.5.5\spring-boot-autoconfigure-3.5.5.jar;C:\Users\ndtminh\.m2\repository\org\springframework\boot\spring-boot-starter-logging\3.5.5\spring-boot-starter-logging-3.5.5.jar;C:\Users\ndtminh\.m2\repository\ch\qos\logback\logback-classic\1.5.18\logback-classic-1.5.18.jar;C:\Users\ndtminh\.m2\repository\ch\qos\logback\logback-core\1.5.18\logback-core-1.5.18.jar;C:\Users\ndtminh\.m2\repository\org\apache\logging\log4j\log4j-to-slf4j\2.24.3\log4j-to-slf4j-2.24.3.jar;C:\Users\ndtminh\.m2\repository\org\apache\logging\log4j\log4j-api\2.24.3\log4j-api-2.24.3.jar;C:\Users\ndtminh\.m2\repository\org\slf4j\jul-to-slf4j\2.0.17\jul-to-slf4j-2.0.17.jar;C:\Users\ndtminh\.m2\repository\jakarta\annotation\jakarta.annotation-api\2.1.1\jakarta.annotation-api-2.1.1.jar;C:\Users\ndtminh\.m2\repository\org\yaml\snakeyaml\2.4\snakeyaml-2.4.jar;C:\Users\ndtminh\.m2\repository\org\springframework\boot\spring-boot-starter-jdbc\3.5.5\spring-boot-starter-jdbc-3.5.5.jar;C:\Users\ndtminh\.m2\repository\com\zaxxer\HikariCP\6.3.2\HikariCP-6.3.2.jar;C:\Users\ndtminh\.m2\repository\org\springframework\spring-jdbc\6.2.10\spring-jdbc-6.2.10.jar;C:\Users\ndtminh\.m2\repository\org\hibernate\orm\hibernate-core\6.6.26.Final\hibernate-core-6.6.26.Final.jar;C:\Users\ndtminh\.m2\repository\jakarta\persistence\jakarta.persistence-api\3.1.0\jakarta.persistence-api-3.1.0.jar;C:\Users\ndtminh\.m2\repository\jakarta\transaction\jakarta.transaction-api\2.0.1\jakarta.transaction-api-2.0.1.jar;C:\Users\ndtminh\.m2\repository\org\jboss\logging\jboss-logging\3.6.1.Final\jboss-logging-3.6.1.Final.jar;C:\Users\ndtminh\.m2\repository\org\hibernate\common\hibernate-commons-annotations\7.0.3.Final\hibernate-commons-annotations-7.0.3.Final.jar;C:\Users\ndtminh\.m2\repository\io\smallrye\jandex\3.2.0\jandex-3.2.0.jar;C:\Users\ndtminh\.m2\repository\com\fasterxml\classmate\1.7.0\classmate-1.7.0.jar;C:\Users\ndtminh\.m2\repository\net\bytebuddy\byte-buddy\1.17.7\byte-buddy-1.17.7.jar;C:\Users\ndtminh\.m2\repository\org\glassfish\jaxb\jaxb-runtime\4.0.5\jaxb-runtime-4.0.5.jar;C:\Users\ndtminh\.m2\repository\org\glassfish\jaxb\jaxb-core\4.0.5\jaxb-core-4.0.5.jar;C:\Users\ndtminh\.m2\repository\org\eclipse\angus\angus-activation\2.0.2\angus-activation-2.0.2.jar;C:\Users\ndtminh\.m2\repository\org\glassfish\jaxb\txw2\4.0.5\txw2-4.0.5.jar;C:\Users\ndtminh\.m2\repository\com\sun\istack\istack-commons-runtime\4.1.2\istack-commons-runtime-4.1.2.jar;C:\Users\ndtminh\.m2\repository\jakarta\inject\jakarta.inject-api\2.0.1\jakarta.inject-api-2.0.1.jar;C:\Users\ndtminh\.m2\repository\org\antlr\antlr4-runtime\4.13.0\antlr4-runtime-4.13.0.jar;C:\Users\ndtminh\.m2\repository\org\springframework\data\spring-data-jpa\3.5.3\spring-data-jpa-3.5.3.jar;C:\Users\ndtminh\.m2\repository\org\springframework\data\spring-data-commons\3.5.3\spring-data-commons-3.5.3.jar;C:\Users\ndtminh\.m2\repository\org\springframework\spring-orm\6.2.10\spring-orm-6.2.10.jar;C:\Users\ndtminh\.m2\repository\org\springframework\spring-tx\6.2.10\spring-tx-6.2.10.jar;C:\Users\ndtminh\.m2\repository\org\slf4j\slf4j-api\2.0.17\slf4j-api-2.0.17.jar;C:\Users\ndtminh\.m2\repository\org\springframework\spring-aspects\6.2.10\spring-aspects-6.2.10.jar;C:\Users\ndtminh\.m2\repository\org\aspectj\aspectjweaver\1.9.24\aspectjweaver-1.9.24.jar;C:\Users\ndtminh\.m2\repository\org\springframework\boot\spring-boot-starter-web\3.5.5\spring-boot-starter-web-3.5.5.jar;C:\Users\ndtminh\.m2\repository\org\springframework\boot\spring-boot-starter-json\3.5.5\spring-boot-starter-json-3.5.5.jar;C:\Users\ndtminh\.m2\repository\com\fasterxml\jackson\datatype\jackson-datatype-jdk8\2.19.2\jackson-datatype-jdk8-2.19.2.jar;C:\Users\ndtminh\.m2\repository\com\fasterxml\jackson\datatype\jackson-datatype-jsr310\2.19.2\jackson-datatype-jsr310-2.19.2.jar;C:\Users\ndtminh\.m2\repository\com\fasterxml\jackson\module\jackson-module-parameter-names\2.19.2\jackson-module-parameter-names-2.19.2.jar;C:\Users\ndtminh\.m2\repository\org\springframework\boot\spring-boot-starter-tomcat\3.5.5\spring-boot-starter-tomcat-3.5.5.jar;C:\Users\ndtminh\.m2\repository\org\apache\tomcat\embed\tomcat-embed-core\10.1.44\tomcat-embed-core-10.1.44.jar;C:\Users\ndtminh\.m2\repository\org\apache\tomcat\embed\tomcat-embed-websocket\10.1.44\tomcat-embed-websocket-10.1.44.jar;C:\Users\ndtminh\.m2\repository\org\springframework\spring-web\6.2.10\spring-web-6.2.10.jar;C:\Users\ndtminh\.m2\repository\io\micrometer\micrometer-observation\1.15.3\micrometer-observation-1.15.3.jar;C:\Users\ndtminh\.m2\repository\io\micrometer\micrometer-commons\1.15.3\micrometer-commons-1.15.3.jar;C:\Users\ndtminh\.m2\repository\org\springframework\spring-webmvc\6.2.10\spring-webmvc-6.2.10.jar;C:\Users\ndtminh\.m2\repository\org\springframework\security\spring-security-web\6.5.3\spring-security-web-6.5.3.jar;C:\Users\ndtminh\.m2\repository\org\springframework\security\spring-security-core\6.5.3\spring-security-core-6.5.3.jar;C:\Users\ndtminh\.m2\repository\org\springframework\security\spring-security-crypto\6.5.3\spring-security-crypto-6.5.3.jar;C:\Users\ndtminh\.m2\repository\org\springframework\spring-core\6.2.10\spring-core-6.2.10.jar;C:\Users\ndtminh\.m2\repository\org\springframework\spring-jcl\6.2.10\spring-jcl-6.2.10.jar;C:\Users\ndtminh\.m2\repository\org\springframework\spring-aop\6.2.10\spring-aop-6.2.10.jar;C:\Users\ndtminh\.m2\repository\org\springframework\spring-beans\6.2.10\spring-beans-6.2.10.jar;C:\Users\ndtminh\.m2\repository\org\springframework\spring-context\6.2.10\spring-context-6.2.10.jar;C:\Users\ndtminh\.m2\repository\org\springframework\spring-expression\6.2.10\spring-expression-6.2.10.jar;C:\Users\ndtminh\.m2\repository\org\springframework\security\spring-security-config\6.5.3\spring-security-config-6.5.3.jar;C:\Users\ndtminh\.m2\repository\org\springframework\boot\spring-boot-starter-validation\3.5.5\spring-boot-starter-validation-3.5.5.jar;C:\Users\ndtminh\.m2\repository\org\apache\tomcat\embed\tomcat-embed-el\10.1.44\tomcat-embed-el-10.1.44.jar;C:\Users\ndtminh\.m2\repository\org\hibernate\validator\hibernate-validator\8.0.3.Final\hibernate-validator-8.0.3.Final.jar;C:\Users\ndtminh\.m2\repository\jakarta\validation\jakarta.validation-api\3.0.2\jakarta.validation-api-3.0.2.jar;C:\Users\ndtminh\.m2\repository\org\postgresql\postgresql\42.7.7\postgresql-42.7.7.jar;C:\Users\ndtminh\.m2\repository\org\checkerframework\checker-qual\3.49.3\checker-qual-3.49.3.jar;C:\Users\ndtminh\.m2\repository\org\projectlombok\lombok\1.18.38\lombok-1.18.38.jar;C:\Users\ndtminh\.m2\repository\jakarta\xml\bind\jakarta.xml.bind-api\4.0.2\jakarta.xml.bind-api-4.0.2.jar;C:\Users\ndtminh\.m2\repository\jakarta\activation\jakarta.activation-api\2.1.3\jakarta.activation-api-2.1.3.jar;C:\Users\ndtminh\.m2\repository\org\springdoc\springdoc-openapi-starter-webmvc-ui\2.8.11\springdoc-openapi-starter-webmvc-ui-2.8.11.jar;C:\Users\ndtminh\.m2\repository\org\springdoc\springdoc-openapi-starter-webmvc-api\2.8.11\springdoc-openapi-starter-webmvc-api-2.8.11.jar;C:\Users\ndtminh\.m2\repository\org\springdoc\springdoc-openapi-starter-common\2.8.11\springdoc-openapi-starter-common-2.8.11.jar;C:\Users\ndtminh\.m2\repository\io\swagger\core\v3\swagger-core-jakarta\2.2.36\swagger-core-jakarta-2.2.36.jar;C:\Users\ndtminh\.m2\repository\org\apache\commons\commons-lang3\3.17.0\commons-lang3-3.17.0.jar;C:\Users\ndtminh\.m2\repository\io\swagger\core\v3\swagger-annotations-jakarta\2.2.36\swagger-annotations-jakarta-2.2.36.jar;C:\Users\ndtminh\.m2\repository\io\swagger\core\v3\swagger-models-jakarta\2.2.36\swagger-models-jakarta-2.2.36.jar;C:\Users\ndtminh\.m2\repository\com\fasterxml\jackson\dataformat\jackson-dataformat-yaml\2.19.2\jackson-dataformat-yaml-2.19.2.jar;C:\Users\ndtminh\.m2\repository\org\webjars\swagger-ui\5.27.1\swagger-ui-5.27.1.jar;C:\Users\ndtminh\.m2\repository\org\webjars\webjars-locator-lite\1.1.0\webjars-locator-lite-1.1.0.jar;C:\Users\ndtminh\.m2\repository\org\jspecify\jspecify\1.0.0\jspecify-1.0.0.jar
Launcher Type: SUN_STANDARD

[Global flags]
     intx CICompilerCount                          = 3                                         {product} {ergonomic}
     uint ConcGCThreads                            = 2                                         {product} {ergonomic}
     uint G1ConcRefinementThreads                  = 6                                         {product} {ergonomic}
   size_t G1HeapRegionSize                         = 2097152                                   {product} {ergonomic}
    uintx GCDrainStackTargetSize                   = 64                                        {product} {ergonomic}
   size_t InitialHeapSize                          = 266338304                                 {product} {ergonomic}
   size_t MarkStackSize                            = 4194304                                   {product} {ergonomic}
   size_t MaxHeapSize                              = 4238344192                                {product} {ergonomic}
   size_t MaxNewSize                               = 2541748224                                {product} {ergonomic}
   size_t MinHeapDeltaBytes                        = 2097152                                   {product} {ergonomic}
   size_t MinHeapSize                              = 8388608                                   {product} {ergonomic}
    uintx NonNMethodCodeHeapSize                   = 5832780                                {pd product} {ergonomic}
    uintx NonProfiledCodeHeapSize                  = 122912730                              {pd product} {ergonomic}
    uintx ProfiledCodeHeapSize                     = 122912730                              {pd product} {ergonomic}
    uintx ReservedCodeCacheSize                    = 251658240                              {pd product} {ergonomic}
     bool SegmentedCodeCache                       = true                                      {product} {ergonomic}
     bool ShowCodeDetailsInExceptionMessages       = true                                   {manageable} {command line}
   size_t SoftMaxHeapSize                          = 4238344192                             {manageable} {ergonomic}
     bool UseCompressedOops                        = true                           {product lp64_product} {ergonomic}
     bool UseG1GC                                  = true                                      {product} {ergonomic}
     bool UseLargePagesIndividualAllocation        = false                                  {pd product} {ergonomic}

Logging:
Log output configuration:
 #0: stdout all=warning uptime,level,tags foldmultilines=false
 #1: stderr all=off uptime,level,tags foldmultilines=false

Environment Variables:
JAVA_HOME=C:\Users\ndtminh\AppData\Local\Programs\Microsoft\jdk-21.0.6.7-hotspot\
PATH=C:\Program Files (x86)\Common Files\Oracle\Java\javapath;C:\WINDOWS\system32;C:\WINDOWS;C:\WINDOWS\System32\Wbem;C:\WINDOWS\System32\WindowsPowerShell\v1.0\;C:\WINDOWS\System32\OpenSSH\;C:\Users\ndtminh\AppData\Roaming\nvm;C:\Program Files\nodejs;C:\Program Files (x86)\Microsoft SQL Server\160\DTS\Binn\;C:\Program Files\Microsoft SQL Server\150\Tools\Binn\;C:\Program Files\Microsoft SQL Server\Client SDK\ODBC\170\Tools\Binn\;C:\Program Files\dotnet\;D:\MAVEN\apache-maven-3.9.9-bin\apache-maven-3.9.9\bin;C:\Users\ndtminh\AppData\Local\Programs\Microsoft\jdk-21.0.6.7-hotspot\bin;C:\Program Files\Git\cmd;C:\Users\ndtminh\.config\herd\bin;C:\Users\ndtminh\AppData\Local\Programs\Microsoft\jdk-21.0.6.7-hotspot\bin;C:\Users\ndtminh\AppData\Local\Programs\Python\Launcher\;C:\Users\ndtminh\AppData\Local\Programs\Microsoft\jdk-21.0.5.11-hotspot\bin;C:\Users\ndtminh\AppData\Local\Microsoft\WindowsApps;C:\Users\ndtminh\AppData\Local\Programs\Microsoft VS Code\bin;C:\Users\ndtminh\AppData\Roaming\npm;C:\Program Files\JetBrains\IntelliJ IDEA Community Edition 2024.2.3\bin;;D:\flutter\bin;C:\Users\ndtminh\AppData\Roaming\nvm;C:\Users\ndtminh\AppData\Roaming\nvm\v20.18.0;C:\Program Files\PostgreSQL\17\bin;C:\Users\ndtminh\AppData\Local\Programs\Azure Data Studio\bin;C:\Users\ndtminh\.dotnet\tools;
USERNAME=ndtminh
LANG=en_US.UTF-8
OS=Windows_NT
PROCESSOR_IDENTIFIER=Intel64 Family 6 Model 167 Stepping 1, GenuineIntel
TMP=C:\Users\ndtminh\AppData\Local\Temp
TEMP=C:\Users\ndtminh\AppData\Local\Temp




Periodic native trim disabled

---------------  S Y S T E M  ---------------

OS:
 Windows 11 , 64 bit Build 26100 (10.0.26100.4484)
OS uptime: 16 days 8:58 hours
Hyper-V role detected

CPU: total 6 (initial active 6) (6 cores per cpu, 2 threads per core) family 6 model 167 stepping 1 microcode 0x1b, cx8, cmov, fxsr, ht, mmx, 3dnowpref, sse, sse2, sse3, ssse3, sse4.1, sse4.2, popcnt, lzcnt, tsc, tscinvbit, avx, avx2, aes, erms, clmul, bmi1, bmi2, adx, avx512f, avx512dq, avx512cd, avx512bw, avx512vl, sha, fma, vzeroupper, avx512_vpopcntdq, avx512_vpclmulqdq, avx512_vaes, avx512_vnni, clflush, clflushopt, avx512_vbmi2, avx512_vbmi, hv, rdtscp, rdpid, fsrm, gfni, avx512_bitalg, f16c, avx512_ifma
Processor Information for the first 6 processors :
  Max Mhz: 2592, Current Mhz: 2592, Mhz Limit: 2592

Memory: 4k page, system-wide physical 16163M (1483M free)
TotalPageFile size 53663M (AvailPageFile size 15M)
current process WorkingSet (physical memory assigned to process): 305M, peak: 308M
current process commit charge ("private bytes"): 336M, peak: 399M

vm_info: OpenJDK 64-Bit Server VM (21.0.6+7-LTS) for windows-amd64 JRE (21.0.6+7-LTS), built on 2025-01-08T23:03:52Z by "MicrosoftCorporation" with unknown MS VC++:1939

END.
