#
# There is insufficient memory for the Java Runtime Environment to continue.
# Native memory allocation (malloc) failed to allocate 1048576 bytes. Error detail: AllocateHeap
# Possible reasons:
#   The system is out of physical RAM or swap space
#   This process is running with CompressedOops enabled, and the Java Heap may be blocking the growth of the native heap
# Possible solutions:
#   Reduce memory load on the system
#   Increase physical memory or swap space
#   Check if swap backing store is full
#   Decrease Java heap size (-Xmx/-Xms)
#   Decrease number of Java threads
#   Decrease Java thread stack sizes (-Xss)
#   Set larger code cache with -XX:ReservedCodeCacheSize=
#   JVM is running with Unscaled Compressed Oops mode in which the Java heap is
#     placed in the first 4GB address space. The Java Heap base address is the
#     maximum limit for the native heap growth. Please use -XX:HeapBaseMinAddress
#     to set the Java Heap base and to place the Java Heap above 4GB virtual address.
# This output file may be truncated or incomplete.
#
#  Out of Memory Error (allocation.cpp:44), pid=29368, tid=560
#
# JRE version: OpenJDK Runtime Environment Temurin-21.0.8+9 (21.0.8+9) (build 21.0.8+9-LTS)
# Java VM: OpenJDK 64-Bit Server VM Temurin-21.0.8+9 (21.0.8+9-LTS, mixed mode, sharing, tiered, compressed oops, compressed class ptrs, parallel gc, windows-amd64)
# No core dump will be written. Minidumps are not enabled by default on client versions of Windows
#

---------------  S U M M A R Y ------------

Command Line: --add-modules=ALL-SYSTEM --add-opens=java.base/java.util=ALL-UNNAMED --add-opens=java.base/java.lang=ALL-UNNAMED --add-opens=java.base/sun.nio.fs=ALL-UNNAMED -Declipse.application=org.eclipse.jdt.ls.core.id1 -Dosgi.bundles.defaultStartLevel=4 -Declipse.product=org.eclipse.jdt.ls.core.product -Djava.import.generatesMetadataFilesAtProjectRoot=false -DDetectVMInstallationsJob.disabled=true -Dfile.encoding=utf8 -XX:+UseParallelGC -XX:GCTimeRatio=4 -XX:AdaptiveSizePolicyWeight=90 -Dsun.zip.disableMemoryMapping=true -Xmx2G -Xms100m -Xlog:disable -javaagent:c:\Users\ndtminh\.vscode\extensions\redhat.java-1.45.0-win32-x64\lombok\lombok-1.18.39-4050.jar -XX:+HeapDumpOnOutOfMemoryError -XX:HeapDumpPath=c:\Users\ndtminh\AppData\Roaming\Code\User\workspaceStorage\fac1ecea9d7346f221b2c1426bdf2ea0\redhat.java -Daether.dependencyCollector.impl=bf c:\Users\ndtminh\.vscode\extensions\redhat.java-1.45.0-win32-x64\server\plugins\org.eclipse.equinox.launcher_1.7.0.v20250519-0528.jar -configuration c:\Users\ndtminh\AppData\Roaming\Code\User\globalStorage\redhat.java\1.45.0\config_win -data c:\Users\ndtminh\AppData\Roaming\Code\User\workspaceStorage\fac1ecea9d7346f221b2c1426bdf2ea0\redhat.java\jdt_ws --pipe=\\.\pipe\lsp-e40e10b8e2749e5ce917bedb5ef22328-sock

Host: 11th Gen Intel(R) Core(TM) i5-11400 @ 2.60GHz, 6 cores, 15G,  Windows 11 , 64 bit Build 26100 (10.0.26100.4484)
Time: Wed Sep 10 11:59:48 2025 SE Asia Standard Time elapsed time: 1037.142657 seconds (0d 0h 17m 17s)

---------------  T H R E A D  ---------------

Current thread (0x000001c5fa2315a0):  JavaThread "Attach Listener" daemon [_thread_in_vm, id=560, stack(0x0000007c82200000,0x0000007c82300000) (1024K)]

Stack: [0x0000007c82200000,0x0000007c82300000]
Native frames: (J=compiled Java code, j=interpreted, Vv=VM code, C=native code)
V  [jvm.dll+0x6d2449]
V  [jvm.dll+0x8ae341]
V  [jvm.dll+0x8b08be]
V  [jvm.dll+0x8b0fa3]
V  [jvm.dll+0x280c96]
V  [jvm.dll+0xc0347]
V  [jvm.dll+0x6d2cf9]
V  [jvm.dll+0x131116]
V  [jvm.dll+0x3f2d16]
V  [jvm.dll+0x857e6b]
V  [jvm.dll+0x6d0b0d]
C  [ucrtbase.dll+0x37b0]
C  [KERNEL32.DLL+0x2e8d7]
C  [ntdll.dll+0x3c34c]


---------------  P R O C E S S  ---------------

Threads class SMR info:
_java_thread_list=0x000001c5e57c0780, length=52, elements={
0x000001c5f7a84b80, 0x000001c5fa227350, 0x000001c5fa22c6d0, 0x000001c5fa234390,
0x000001c5fa2315a0, 0x000001c5fa233670, 0x000001c5fa230f10, 0x000001c5fa2379f0,
0x000001c5fee88070, 0x000001c5fa232950, 0x000001c5fa233d00, 0x000001c5ff9c9060,
0x000001c5ff9c6270, 0x000001c5ff9c5be0, 0x000001c5ff9c96f0, 0x000001c5ff9c8340,
0x000001c5ff9c6900, 0x000001c5ff9cd200, 0x000001c5ff9cb7c0, 0x000001c5d9088400,
0x000001c5d9085ca0, 0x000001c5d9086330, 0x000001c5d9087050, 0x000001c5d9087d70,
0x000001c5d90869c0, 0x000001c5d90876e0, 0x000001c5fefaa210, 0x000001c5fefaaf30,
0x000001c5fefaa8a0, 0x000001c5fefac2e0, 0x000001c5fa232fe0, 0x000001c5d80a80c0,
0x000001c5d80a5960, 0x000001c5d80a9470, 0x000001c5d80a9b00, 0x000001c5d80aa190,
0x000001c5d80aaeb0, 0x000001c5d80a7a30, 0x000001c5db6f6520, 0x000001c5db6f3730,
0x000001c5db6f5e90, 0x000001c5db6f30a0, 0x000001c5dbb5bf90, 0x000001c5dbb591a0,
0x000001c5dbb5d340, 0x000001c5dbb59ec0, 0x000001c5dbb5d9d0, 0x000001c5fefabc50,
0x000001c5fefa8e60, 0x000001c5fefa9b80, 0x000001c5fefaf760, 0x000001c5ff9cb130
}

Java Threads: ( => current thread )
  0x000001c5f7a84b80 JavaThread "main"                              [_thread_blocked, id=45244, stack(0x0000007c81b00000,0x0000007c81c00000) (1024K)]
  0x000001c5fa227350 JavaThread "Reference Handler"          daemon [_thread_blocked, id=38048, stack(0x0000007c81f00000,0x0000007c82000000) (1024K)]
  0x000001c5fa22c6d0 JavaThread "Finalizer"                  daemon [_thread_blocked, id=640, stack(0x0000007c82000000,0x0000007c82100000) (1024K)]
  0x000001c5fa234390 JavaThread "Signal Dispatcher"          daemon [_thread_blocked, id=38596, stack(0x0000007c82100000,0x0000007c82200000) (1024K)]
=>0x000001c5fa2315a0 JavaThread "Attach Listener"            daemon [_thread_in_vm, id=560, stack(0x0000007c82200000,0x0000007c82300000) (1024K)]
  0x000001c5fa233670 JavaThread "Service Thread"             daemon [_thread_blocked, id=21728, stack(0x0000007c82300000,0x0000007c82400000) (1024K)]
  0x000001c5fa230f10 JavaThread "Monitor Deflation Thread"   daemon [_thread_blocked, id=38704, stack(0x0000007c82400000,0x0000007c82500000) (1024K)]
  0x000001c5fa2379f0 JavaThread "C2 CompilerThread0"         daemon [_thread_blocked, id=28736, stack(0x0000007c82500000,0x0000007c82600000) (1024K)]
  0x000001c5fee88070 JavaThread "C1 CompilerThread0"         daemon [_thread_blocked, id=31428, stack(0x0000007c82600000,0x0000007c82700000) (1024K)]
  0x000001c5fa232950 JavaThread "Common-Cleaner"             daemon [_thread_blocked, id=25464, stack(0x0000007c82700000,0x0000007c82800000) (1024K)]
  0x000001c5fa233d00 JavaThread "Notification Thread"        daemon [_thread_blocked, id=30284, stack(0x0000007c82800000,0x0000007c82900000) (1024K)]
  0x000001c5ff9c9060 JavaThread "Active Thread: Equinox Container: 8301cc74-44e3-442a-8b5c-6cd172159764"        [_thread_blocked, id=2560, stack(0x0000007c83500000,0x0000007c83600000) (1024K)]
  0x000001c5ff9c6270 JavaThread "Framework Event Dispatcher: Equinox Container: 8301cc74-44e3-442a-8b5c-6cd172159764" daemon [_thread_blocked, id=26968, stack(0x0000007c83600000,0x0000007c83700000) (1024K)]
  0x000001c5ff9c5be0 JavaThread "Start Level: Equinox Container: 8301cc74-44e3-442a-8b5c-6cd172159764" daemon [_thread_blocked, id=7088, stack(0x0000007c83700000,0x0000007c83800000) (1024K)]
  0x000001c5ff9c96f0 JavaThread "Refresh Thread: Equinox Container: 8301cc74-44e3-442a-8b5c-6cd172159764" daemon [_thread_blocked, id=38468, stack(0x0000007c83800000,0x0000007c83900000) (1024K)]
  0x000001c5ff9c8340 JavaThread "Bundle File Closer"         daemon [_thread_blocked, id=43344, stack(0x0000007c83900000,0x0000007c83a00000) (1024K)]
  0x000001c5ff9c6900 JavaThread "SCR Component Actor"        daemon [_thread_blocked, id=38160, stack(0x0000007c82900000,0x0000007c82a00000) (1024K)]
  0x000001c5ff9cd200 JavaThread "Worker-JM"                         [_thread_blocked, id=9252, stack(0x0000007c83b00000,0x0000007c83c00000) (1024K)]
  0x000001c5ff9cb7c0 JavaThread "JNA Cleaner"                daemon [_thread_blocked, id=16708, stack(0x0000007c83c00000,0x0000007c83d00000) (1024K)]
  0x000001c5d9088400 JavaThread "Java indexing"              daemon [_thread_blocked, id=43440, stack(0x0000007c84000000,0x0000007c84100000) (1024K)]
  0x000001c5d9085ca0 JavaThread "Thread-2"                   daemon [_thread_in_native, id=39988, stack(0x0000007c84500000,0x0000007c84600000) (1024K)]
  0x000001c5d9086330 JavaThread "Thread-3"                   daemon [_thread_in_native, id=39208, stack(0x0000007c84600000,0x0000007c84700000) (1024K)]
  0x000001c5d9087050 JavaThread "Thread-4"                   daemon [_thread_in_native, id=40980, stack(0x0000007c84700000,0x0000007c84800000) (1024K)]
  0x000001c5d9087d70 JavaThread "Thread-5"                   daemon [_thread_in_native, id=34764, stack(0x0000007c84800000,0x0000007c84900000) (1024K)]
  0x000001c5d90869c0 JavaThread "Thread-6"                   daemon [_thread_in_native, id=27792, stack(0x0000007c84900000,0x0000007c84a00000) (1024K)]
  0x000001c5d90876e0 JavaThread "Thread-7"                   daemon [_thread_in_native, id=12156, stack(0x0000007c84a00000,0x0000007c84b00000) (1024K)]
  0x000001c5fefaa210 JavaThread "Thread-8"                   daemon [_thread_in_native, id=33320, stack(0x0000007c84b00000,0x0000007c84c00000) (1024K)]
  0x000001c5fefaaf30 JavaThread "pool-2-thread-1"                   [_thread_blocked, id=29852, stack(0x0000007c84c00000,0x0000007c84d00000) (1024K)]
  0x000001c5fefaa8a0 JavaThread "WorkspaceEventsHandler"            [_thread_blocked, id=22404, stack(0x0000007c84d00000,0x0000007c84e00000) (1024K)]
  0x000001c5fefac2e0 JavaThread "pool-1-thread-1"                   [_thread_blocked, id=32304, stack(0x0000007c84e00000,0x0000007c84f00000) (1024K)]
  0x000001c5fa232fe0 JavaThread "Cleaner-0"                  daemon [_thread_blocked, id=12588, stack(0x0000007c85400000,0x0000007c85500000) (1024K)]
  0x000001c5d80a80c0 JavaThread "Worker-10"                         [_thread_blocked, id=46036, stack(0x0000007c81a00000,0x0000007c81b00000) (1024K)]
  0x000001c5d80a5960 JavaThread "Java Debug Server"          daemon [_thread_in_native, id=29564, stack(0x0000007c83f00000,0x0000007c84000000) (1024K)]
  0x000001c5d80a9470 JavaThread "pool-5-thread-1"                   [_thread_in_native, id=26972, stack(0x0000007c84100000,0x0000007c84200000) (1024K)]
  0x000001c5d80a9b00 JavaThread "RxSchedulerPurge-1"         daemon [_thread_blocked, id=24520, stack(0x0000007c84200000,0x0000007c84300000) (1024K)]
  0x000001c5d80aa190 JavaThread "RxCachedWorkerPoolEvictor-1" daemon [_thread_blocked, id=41456, stack(0x0000007c84300000,0x0000007c84400000) (1024K)]
  0x000001c5d80aaeb0 JavaThread "process reaper"             daemon [_thread_blocked, id=18976, stack(0x0000007c81540000,0x0000007c81560000) (128K)]
  0x000001c5d80a7a30 JavaThread "Worker-12"                         [_thread_blocked, id=26792, stack(0x0000007c81800000,0x0000007c81900000) (1024K)]
  0x000001c5db6f6520 JavaThread "ForkJoinPool.commonPool-worker-6" daemon [_thread_blocked, id=37824, stack(0x0000007c81900000,0x0000007c81a00000) (1024K)]
  0x000001c5db6f3730 JavaThread "ForkJoinPool.commonPool-worker-7" daemon [_thread_blocked, id=32220, stack(0x0000007c82f00000,0x0000007c83000000) (1024K)]
  0x000001c5db6f5e90 JavaThread "ForkJoinPool.commonPool-worker-8" daemon [_thread_blocked, id=37912, stack(0x0000007c83000000,0x0000007c83100000) (1024K)]
  0x000001c5db6f30a0 JavaThread "ForkJoinPool.commonPool-worker-9" daemon [_thread_blocked, id=36676, stack(0x0000007c83100000,0x0000007c83200000) (1024K)]
  0x000001c5dbb5bf90 JavaThread "ForkJoinPool.commonPool-worker-10" daemon [_thread_blocked, id=33752, stack(0x0000007c83200000,0x0000007c83300000) (1024K)]
  0x000001c5dbb591a0 JavaThread "Worker-14"                         [_thread_blocked, id=23924, stack(0x0000007c83300000,0x0000007c83400000) (1024K)]
  0x000001c5dbb5d340 JavaThread "Worker-15"                         [_thread_blocked, id=41048, stack(0x0000007c83400000,0x0000007c83500000) (1024K)]
  0x000001c5dbb59ec0 JavaThread "Worker-16"                         [_thread_blocked, id=38520, stack(0x0000007c83a00000,0x0000007c83b00000) (1024K)]
  0x000001c5dbb5d9d0 JavaThread "pool-1-thread-2"                   [_thread_blocked, id=41620, stack(0x0000007c83d00000,0x0000007c83e00000) (1024K)]
  0x000001c5fefabc50 JavaThread "Compiler Source File Reader" daemon [_thread_blocked, id=42876, stack(0x0000007c83e00000,0x0000007c83f00000) (1024K)]
  0x000001c5fefa8e60 JavaThread "Compiler Processing Task"   daemon [_thread_blocked, id=23716, stack(0x0000007c85000000,0x0000007c85100000) (1024K)]
  0x000001c5fefa9b80 JavaThread "Compiler Source File Reader" daemon [_thread_blocked, id=33660, stack(0x0000007c85100000,0x0000007c85200000) (1024K)]
  0x000001c5fefaf760 JavaThread "Worker-17"                         [_thread_blocked, id=11912, stack(0x0000007c84400000,0x0000007c84500000) (1024K)]
  0x000001c5ff9cb130 JavaThread "RxNewThreadScheduler-7"     daemon [_thread_blocked, id=34488, stack(0x0000007c85300000,0x0000007c85400000) (1024K)]
Total: 52

Other Threads:
  0x000001c5fa222390 VMThread "VM Thread"                           [id=7448, stack(0x0000007c81e00000,0x0000007c81f00000) (1024K)]
  0x000001c5fa3261a0 WatcherThread "VM Periodic Task Thread"        [id=39524, stack(0x0000007c81d00000,0x0000007c81e00000) (1024K)]
  0x000001c5fa30f000 WorkerThread "GC Thread#0"                     [id=25620, stack(0x0000007c81c00000,0x0000007c81d00000) (1024K)]
  0x000001c5ff23a520 WorkerThread "GC Thread#1"                     [id=38924, stack(0x0000007c82a00000,0x0000007c82b00000) (1024K)]
  0x000001c5ff59cc20 WorkerThread "GC Thread#2"                     [id=33680, stack(0x0000007c82b00000,0x0000007c82c00000) (1024K)]
  0x000001c5ff243830 WorkerThread "GC Thread#3"                     [id=22236, stack(0x0000007c82c00000,0x0000007c82d00000) (1024K)]
  0x000001c5ff23a8c0 WorkerThread "GC Thread#4"                     [id=30828, stack(0x0000007c82d00000,0x0000007c82e00000) (1024K)]
  0x000001c5ff23ac60 WorkerThread "GC Thread#5"                     [id=26220, stack(0x0000007c82e00000,0x0000007c82f00000) (1024K)]
Total: 8

Threads with active compile tasks:
Total: 0

VM state: not at safepoint (normal execution)

VM Mutex/Monitor currently owned by a thread: None

Heap address: 0x0000000080000000, size: 2048 MB, Compressed Oops mode: 32-bit

CDS archive(s) mapped at: [0x000001c593000000-0x000001c593ba0000-0x000001c593ba0000), size 12189696, SharedBaseAddress: 0x000001c593000000, ArchiveRelocationMode: 1.
Compressed class space mapped at: 0x000001c594000000-0x000001c5d4000000, reserved size: 1073741824
Narrow klass base: 0x000001c593000000, Narrow klass shift: 0, Narrow klass range: 0x100000000

GC Precious Log:
 CardTable entry size: 512
 CPUs: 6 total, 6 available
 Memory: 16163M
 Large Page Support: Disabled
 NUMA Support: Disabled
 Compressed Oops: Enabled (32-bit)
 Alignments: Space 512K, Generation 512K, Heap 2M
 Heap Min Capacity: 100M
 Heap Initial Capacity: 100M
 Heap Max Capacity: 2G
 Pre-touch: Disabled
 Parallel Workers: 6

Heap:
 PSYoungGen      total 3072K, used 697K [0x00000000d5580000, 0x00000000d5a80000, 0x0000000100000000)
  eden space 2560K, 19% used [0x00000000d5580000,0x00000000d55fa608,0x00000000d5800000)
  from space 512K, 40% used [0x00000000d5980000,0x00000000d59b4010,0x00000000d5a00000)
  to   space 512K, 0% used [0x00000000d5a00000,0x00000000d5a00000,0x00000000d5a80000)
 ParOldGen       total 1052160K, used 1051816K [0x0000000080000000, 0x00000000c0380000, 0x00000000d5580000)
  object space 1052160K, 99% used [0x0000000080000000,0x00000000c032a230,0x00000000c0380000)
 Metaspace       used 96785K, committed 98816K, reserved 1179648K
  class space    used 9874K, committed 10752K, reserved 1048576K

Card table byte_map: [0x000001c5f9c50000,0x000001c5fa060000] _byte_map_base: 0x000001c5f9850000

Marking Bits: (ParMarkBitMap*) 0x00007ff83207a340
 Begin Bits: [0x000001c58f000000, 0x000001c591000000)
 End Bits:   [0x000001c591000000, 0x000001c593000000)

Polling page: 0x000001c5f7d60000

Metaspace:

Usage:
  Non-class:     84.87 MB used.
      Class:      9.64 MB used.
       Both:     94.52 MB used.

Virtual space:
  Non-class space:      128.00 MB reserved,      86.00 MB ( 67%) committed,  2 nodes.
      Class space:        1.00 GB reserved,      10.50 MB (  1%) committed,  1 nodes.
             Both:        1.12 GB reserved,      96.50 MB (  8%) committed. 

Chunk freelists:
   Non-Class:  9.79 MB
       Class:  5.42 MB
        Both:  15.21 MB

MaxMetaspaceSize: unlimited
CompressedClassSpaceSize: 1.00 GB
Initial GC threshold: 21.00 MB
Current GC threshold: 147.81 MB
CDS: on
 - commit_granule_bytes: 65536.
 - commit_granule_words: 8192.
 - virtual_space_node_default_size: 8388608.
 - enlarge_chunks_in_place: 1.
 - use_allocation_guard: 0.


Internal statistics:

num_allocs_failed_limit: 9.
num_arena_births: 1894.
num_arena_deaths: 22.
num_vsnodes_births: 3.
num_vsnodes_deaths: 0.
num_space_committed: 1544.
num_space_uncommitted: 0.
num_chunks_returned_to_freelist: 35.
num_chunks_taken_from_freelist: 6662.
num_chunk_merges: 18.
num_chunk_splits: 4022.
num_chunks_enlarged: 2167.
num_inconsistent_stats: 0.

CodeHeap 'non-profiled nmethods': size=120000Kb used=23673Kb max_used=23673Kb free=96326Kb
 bounds [0x000001c587ad0000, 0x000001c5891f0000, 0x000001c58f000000]
CodeHeap 'profiled nmethods': size=120000Kb used=53957Kb max_used=53957Kb free=66043Kb
 bounds [0x000001c580000000, 0x000001c5834c0000, 0x000001c587530000]
CodeHeap 'non-nmethods': size=5760Kb used=1566Kb max_used=1632Kb free=4194Kb
 bounds [0x000001c587530000, 0x000001c5877a0000, 0x000001c587ad0000]
CodeCache: size=245760Kb, used=79196Kb, max_used=79262Kb, free=166563Kb
 total_blobs=22208, nmethods=21329, adapters=776, full_count=0
Compilation: enabled, stopped_count=0, restarted_count=0

Compilation events (20 events):
Event: 1031.478 Thread 0x000001c5fee88070 26072       1       com.sun.org.apache.xerces.internal.impl.validation.ValidationState::setUsingNamespaces (6 bytes)
Event: 1031.478 Thread 0x000001c5fee88070 nmethod 26072 0x000001c5891eb790 code [0x000001c5891eb920, 0x000001c5891eb9f0]
Event: 1031.479 Thread 0x000001c5fa2379f0 26073       4       com.sun.org.apache.xerces.internal.utils.XMLLimitAnalyzer::addValue (260 bytes)
Event: 1031.484 Thread 0x000001c5fa2379f0 nmethod 26073 0x000001c5891eba90 code [0x000001c5891ebce0, 0x000001c5891ec508]
Event: 1031.501 Thread 0x000001c5fee88070 26074       3       org.eclipse.m2e.jdt.internal.InternalModuleInfo::fromDeclaration (237 bytes)
Event: 1031.501 Thread 0x000001c5fee88070 nmethod 26074 0x000001c5834b1290 code [0x000001c5834b15a0, 0x000001c5834b27a8]
Event: 1031.674 Thread 0x000001c5fa2379f0 26075       4       java.lang.Thread::setContextClassLoader (28 bytes)
Event: 1031.675 Thread 0x000001c5fa2379f0 nmethod 26075 0x000001c5891ecb90 code [0x000001c5891ecd20, 0x000001c5891ecdc8]
Event: 1031.688 Thread 0x000001c5fa2379f0 26076       4       java.io.File::<init> (111 bytes)
Event: 1031.693 Thread 0x000001c5fa2379f0 nmethod 26076 0x000001c5891ece90 code [0x000001c5891ed0e0, 0x000001c5891ed7e0]
Event: 1031.722 Thread 0x000001c5fa2379f0 26077   !   4       java.lang.invoke.MethodHandleImpl::profileBoolean (34 bytes)
Event: 1031.723 Thread 0x000001c5fa2379f0 nmethod 26077 0x000001c5891edf10 code [0x000001c5891ee0a0, 0x000001c5891ee1a0]
Event: 1031.779 Thread 0x000001c5fee88070 26078       3       java.util.concurrent.atomic.AtomicLong::<init> (5 bytes)
Event: 1031.779 Thread 0x000001c5fee88070 nmethod 26078 0x000001c5834b3090 code [0x000001c5834b3240, 0x000001c5834b3408]
Event: 1031.982 Thread 0x000001c5fee88070 26079       3       sun.nio.ch.NativeThread::current (15 bytes)
Event: 1031.982 Thread 0x000001c5fa2379f0 26081       4       java.util.concurrent.locks.AbstractQueuedSynchronizer$Node::setStatusRelaxed (12 bytes)
Event: 1031.982 Thread 0x000001c5fee88070 nmethod 26079 0x000001c5834b3510 code [0x000001c5834b36c0, 0x000001c5834b3988]
Event: 1031.982 Thread 0x000001c5fee88070 26080       3       sun.nio.ch.NioSocketImpl::configureNonBlockingIfNeeded (65 bytes)
Event: 1031.982 Thread 0x000001c5fa2379f0 nmethod 26081 0x000001c5891ee290 code [0x000001c5891ee420, 0x000001c5891ee4b0]
Event: 1031.982 Thread 0x000001c5fee88070 nmethod 26080 0x000001c5834b3a90 code [0x000001c5834b3c60, 0x000001c5834b3fd0]

GC Heap History (20 events):
Event: 1006.376 GC heap before
{Heap before GC invocations=2971 (full 5):
 PSYoungGen      total 3072K, used 2718K [0x00000000d5580000, 0x00000000d5a80000, 0x0000000100000000)
  eden space 2560K, 99% used [0x00000000d5580000,0x00000000d57ffab8,0x00000000d5800000)
  from space 512K, 31% used [0x00000000d5980000,0x00000000d59a8000,0x00000000d5a00000)
  to   space 512K, 0% used [0x00000000d5a00000,0x00000000d5a00000,0x00000000d5a80000)
 ParOldGen       total 1051648K, used 1051216K [0x0000000080000000, 0x00000000c0300000, 0x00000000d5580000)
  object space 1051648K, 99% used [0x0000000080000000,0x00000000c0294220,0x00000000c0300000)
 Metaspace       used 96780K, committed 98816K, reserved 1179648K
  class space    used 9874K, committed 10752K, reserved 1048576K
}
Event: 1006.378 GC heap after
{Heap after GC invocations=2971 (full 5):
 PSYoungGen      total 3072K, used 290K [0x00000000d5580000, 0x00000000d5a80000, 0x0000000100000000)
  eden space 2560K, 0% used [0x00000000d5580000,0x00000000d5580000,0x00000000d5800000)
  from space 512K, 56% used [0x00000000d5a00000,0x00000000d5a48938,0x00000000d5a80000)
  to   space 512K, 0% used [0x00000000d5980000,0x00000000d5980000,0x00000000d5a00000)
 ParOldGen       total 1051648K, used 1051288K [0x0000000080000000, 0x00000000c0300000, 0x00000000d5580000)
  object space 1051648K, 99% used [0x0000000080000000,0x00000000c02a6220,0x00000000c0300000)
 Metaspace       used 96780K, committed 98816K, reserved 1179648K
  class space    used 9874K, committed 10752K, reserved 1048576K
}
Event: 1006.388 GC heap before
{Heap before GC invocations=2972 (full 5):
 PSYoungGen      total 3072K, used 2788K [0x00000000d5580000, 0x00000000d5a80000, 0x0000000100000000)
  eden space 2560K, 97% used [0x00000000d5580000,0x00000000d57f0960,0x00000000d5800000)
  from space 512K, 56% used [0x00000000d5a00000,0x00000000d5a48938,0x00000000d5a80000)
  to   space 512K, 0% used [0x00000000d5980000,0x00000000d5980000,0x00000000d5a00000)
 ParOldGen       total 1051648K, used 1051288K [0x0000000080000000, 0x00000000c0300000, 0x00000000d5580000)
  object space 1051648K, 99% used [0x0000000080000000,0x00000000c02a6220,0x00000000c0300000)
 Metaspace       used 96780K, committed 98816K, reserved 1179648K
  class space    used 9874K, committed 10752K, reserved 1048576K
}
Event: 1006.391 GC heap after
{Heap after GC invocations=2972 (full 5):
 PSYoungGen      total 3072K, used 128K [0x00000000d5580000, 0x00000000d5a80000, 0x0000000100000000)
  eden space 2560K, 0% used [0x00000000d5580000,0x00000000d5580000,0x00000000d5800000)
  from space 512K, 25% used [0x00000000d5980000,0x00000000d59a0000,0x00000000d5a00000)
  to   space 512K, 0% used [0x00000000d5a00000,0x00000000d5a00000,0x00000000d5a80000)
 ParOldGen       total 1051648K, used 1051448K [0x0000000080000000, 0x00000000c0300000, 0x00000000d5580000)
  object space 1051648K, 99% used [0x0000000080000000,0x00000000c02ce230,0x00000000c0300000)
 Metaspace       used 96780K, committed 98816K, reserved 1179648K
  class space    used 9874K, committed 10752K, reserved 1048576K
}
Event: 1006.402 GC heap before
{Heap before GC invocations=2973 (full 5):
 PSYoungGen      total 3072K, used 2688K [0x00000000d5580000, 0x00000000d5a80000, 0x0000000100000000)
  eden space 2560K, 100% used [0x00000000d5580000,0x00000000d5800000,0x00000000d5800000)
  from space 512K, 25% used [0x00000000d5980000,0x00000000d59a0000,0x00000000d5a00000)
  to   space 512K, 0% used [0x00000000d5a00000,0x00000000d5a00000,0x00000000d5a80000)
 ParOldGen       total 1051648K, used 1051448K [0x0000000080000000, 0x00000000c0300000, 0x00000000d5580000)
  object space 1051648K, 99% used [0x0000000080000000,0x00000000c02ce230,0x00000000c0300000)
 Metaspace       used 96780K, committed 98816K, reserved 1179648K
  class space    used 9874K, committed 10752K, reserved 1048576K
}
Event: 1006.404 GC heap after
{Heap after GC invocations=2973 (full 5):
 PSYoungGen      total 3072K, used 355K [0x00000000d5580000, 0x00000000d5a80000, 0x0000000100000000)
  eden space 2560K, 0% used [0x00000000d5580000,0x00000000d5580000,0x00000000d5800000)
  from space 512K, 69% used [0x00000000d5a00000,0x00000000d5a58e20,0x00000000d5a80000)
  to   space 512K, 0% used [0x00000000d5980000,0x00000000d5980000,0x00000000d5a00000)
 ParOldGen       total 1051648K, used 1051480K [0x0000000080000000, 0x00000000c0300000, 0x00000000d5580000)
  object space 1051648K, 99% used [0x0000000080000000,0x00000000c02d6230,0x00000000c0300000)
 Metaspace       used 96780K, committed 98816K, reserved 1179648K
  class space    used 9874K, committed 10752K, reserved 1048576K
}
Event: 1006.428 GC heap before
{Heap before GC invocations=2974 (full 5):
 PSYoungGen      total 3072K, used 2915K [0x00000000d5580000, 0x00000000d5a80000, 0x0000000100000000)
  eden space 2560K, 100% used [0x00000000d5580000,0x00000000d5800000,0x00000000d5800000)
  from space 512K, 69% used [0x00000000d5a00000,0x00000000d5a58e20,0x00000000d5a80000)
  to   space 512K, 0% used [0x00000000d5980000,0x00000000d5980000,0x00000000d5a00000)
 ParOldGen       total 1051648K, used 1051480K [0x0000000080000000, 0x00000000c0300000, 0x00000000d5580000)
  object space 1051648K, 99% used [0x0000000080000000,0x00000000c02d6230,0x00000000c0300000)
 Metaspace       used 96780K, committed 98816K, reserved 1179648K
  class space    used 9874K, committed 10752K, reserved 1048576K
}
Event: 1006.430 GC heap after
{Heap after GC invocations=2974 (full 5):
 PSYoungGen      total 3072K, used 160K [0x00000000d5580000, 0x00000000d5a80000, 0x0000000100000000)
  eden space 2560K, 0% used [0x00000000d5580000,0x00000000d5580000,0x00000000d5800000)
  from space 512K, 31% used [0x00000000d5980000,0x00000000d59a8000,0x00000000d5a00000)
  to   space 512K, 0% used [0x00000000d5a00000,0x00000000d5a00000,0x00000000d5a80000)
 ParOldGen       total 1051648K, used 1051512K [0x0000000080000000, 0x00000000c0300000, 0x00000000d5580000)
  object space 1051648K, 99% used [0x0000000080000000,0x00000000c02de230,0x00000000c0300000)
 Metaspace       used 96780K, committed 98816K, reserved 1179648K
  class space    used 9874K, committed 10752K, reserved 1048576K
}
Event: 1006.618 GC heap before
{Heap before GC invocations=2975 (full 5):
 PSYoungGen      total 3072K, used 2719K [0x00000000d5580000, 0x00000000d5a80000, 0x0000000100000000)
  eden space 2560K, 99% used [0x00000000d5580000,0x00000000d57ffdf0,0x00000000d5800000)
  from space 512K, 31% used [0x00000000d5980000,0x00000000d59a8000,0x00000000d5a00000)
  to   space 512K, 0% used [0x00000000d5a00000,0x00000000d5a00000,0x00000000d5a80000)
 ParOldGen       total 1051648K, used 1051512K [0x0000000080000000, 0x00000000c0300000, 0x00000000d5580000)
  object space 1051648K, 99% used [0x0000000080000000,0x00000000c02de230,0x00000000c0300000)
 Metaspace       used 96781K, committed 98816K, reserved 1179648K
  class space    used 9874K, committed 10752K, reserved 1048576K
}
Event: 1006.620 GC heap after
{Heap after GC invocations=2975 (full 5):
 PSYoungGen      total 3072K, used 240K [0x00000000d5580000, 0x00000000d5a80000, 0x0000000100000000)
  eden space 2560K, 0% used [0x00000000d5580000,0x00000000d5580000,0x00000000d5800000)
  from space 512K, 46% used [0x00000000d5a00000,0x00000000d5a3c010,0x00000000d5a80000)
  to   space 512K, 0% used [0x00000000d5980000,0x00000000d5980000,0x00000000d5a00000)
 ParOldGen       total 1051648K, used 1051544K [0x0000000080000000, 0x00000000c0300000, 0x00000000d5580000)
  object space 1051648K, 99% used [0x0000000080000000,0x00000000c02e6230,0x00000000c0300000)
 Metaspace       used 96781K, committed 98816K, reserved 1179648K
  class space    used 9874K, committed 10752K, reserved 1048576K
}
Event: 1031.518 GC heap before
{Heap before GC invocations=2976 (full 5):
 PSYoungGen      total 3072K, used 2800K [0x00000000d5580000, 0x00000000d5a80000, 0x0000000100000000)
  eden space 2560K, 100% used [0x00000000d5580000,0x00000000d5800000,0x00000000d5800000)
  from space 512K, 46% used [0x00000000d5a00000,0x00000000d5a3c010,0x00000000d5a80000)
  to   space 512K, 0% used [0x00000000d5980000,0x00000000d5980000,0x00000000d5a00000)
 ParOldGen       total 1051648K, used 1051544K [0x0000000080000000, 0x00000000c0300000, 0x00000000d5580000)
  object space 1051648K, 99% used [0x0000000080000000,0x00000000c02e6230,0x00000000c0300000)
 Metaspace       used 96784K, committed 98816K, reserved 1179648K
  class space    used 9874K, committed 10752K, reserved 1048576K
}
Event: 1031.521 GC heap after
{Heap after GC invocations=2976 (full 5):
 PSYoungGen      total 3072K, used 338K [0x00000000d5580000, 0x00000000d5a80000, 0x0000000100000000)
  eden space 2560K, 0% used [0x00000000d5580000,0x00000000d5580000,0x00000000d5800000)
  from space 512K, 66% used [0x00000000d5980000,0x00000000d59d4928,0x00000000d5a00000)
  to   space 512K, 0% used [0x00000000d5a00000,0x00000000d5a00000,0x00000000d5a80000)
 ParOldGen       total 1051648K, used 1051608K [0x0000000080000000, 0x00000000c0300000, 0x00000000d5580000)
  object space 1051648K, 99% used [0x0000000080000000,0x00000000c02f6230,0x00000000c0300000)
 Metaspace       used 96784K, committed 98816K, reserved 1179648K
  class space    used 9874K, committed 10752K, reserved 1048576K
}
Event: 1031.548 GC heap before
{Heap before GC invocations=2977 (full 5):
 PSYoungGen      total 3072K, used 2821K [0x00000000d5580000, 0x00000000d5a80000, 0x0000000100000000)
  eden space 2560K, 97% used [0x00000000d5580000,0x00000000d57ecce8,0x00000000d5800000)
  from space 512K, 66% used [0x00000000d5980000,0x00000000d59d4928,0x00000000d5a00000)
  to   space 512K, 0% used [0x00000000d5a00000,0x00000000d5a00000,0x00000000d5a80000)
 ParOldGen       total 1051648K, used 1051608K [0x0000000080000000, 0x00000000c0300000, 0x00000000d5580000)
  object space 1051648K, 99% used [0x0000000080000000,0x00000000c02f6230,0x00000000c0300000)
 Metaspace       used 96784K, committed 98816K, reserved 1179648K
  class space    used 9874K, committed 10752K, reserved 1048576K
}
Event: 1031.550 GC heap after
{Heap after GC invocations=2977 (full 5):
 PSYoungGen      total 3072K, used 128K [0x00000000d5580000, 0x00000000d5a80000, 0x0000000100000000)
  eden space 2560K, 0% used [0x00000000d5580000,0x00000000d5580000,0x00000000d5800000)
  from space 512K, 25% used [0x00000000d5a00000,0x00000000d5a20000,0x00000000d5a80000)
  to   space 512K, 0% used [0x00000000d5980000,0x00000000d5980000,0x00000000d5a00000)
 ParOldGen       total 1052160K, used 1051760K [0x0000000080000000, 0x00000000c0380000, 0x00000000d5580000)
  object space 1052160K, 99% used [0x0000000080000000,0x00000000c031c230,0x00000000c0380000)
 Metaspace       used 96784K, committed 98816K, reserved 1179648K
  class space    used 9874K, committed 10752K, reserved 1048576K
}
Event: 1031.583 GC heap before
{Heap before GC invocations=2978 (full 5):
 PSYoungGen      total 3072K, used 2688K [0x00000000d5580000, 0x00000000d5a80000, 0x0000000100000000)
  eden space 2560K, 100% used [0x00000000d5580000,0x00000000d5800000,0x00000000d5800000)
  from space 512K, 25% used [0x00000000d5a00000,0x00000000d5a20000,0x00000000d5a80000)
  to   space 512K, 0% used [0x00000000d5980000,0x00000000d5980000,0x00000000d5a00000)
 ParOldGen       total 1052160K, used 1051760K [0x0000000080000000, 0x00000000c0380000, 0x00000000d5580000)
  object space 1052160K, 99% used [0x0000000080000000,0x00000000c031c230,0x00000000c0380000)
 Metaspace       used 96784K, committed 98816K, reserved 1179648K
  class space    used 9874K, committed 10752K, reserved 1048576K
}
Event: 1031.585 GC heap after
{Heap after GC invocations=2978 (full 5):
 PSYoungGen      total 3072K, used 309K [0x00000000d5580000, 0x00000000d5a80000, 0x0000000100000000)
  eden space 2560K, 0% used [0x00000000d5580000,0x00000000d5580000,0x00000000d5800000)
  from space 512K, 60% used [0x00000000d5980000,0x00000000d59cd518,0x00000000d5a00000)
  to   space 512K, 0% used [0x00000000d5a00000,0x00000000d5a00000,0x00000000d5a80000)
 ParOldGen       total 1052160K, used 1051776K [0x0000000080000000, 0x00000000c0380000, 0x00000000d5580000)
  object space 1052160K, 99% used [0x0000000080000000,0x00000000c0320230,0x00000000c0380000)
 Metaspace       used 96784K, committed 98816K, reserved 1179648K
  class space    used 9874K, committed 10752K, reserved 1048576K
}
Event: 1031.623 GC heap before
{Heap before GC invocations=2979 (full 5):
 PSYoungGen      total 3072K, used 2869K [0x00000000d5580000, 0x00000000d5a80000, 0x0000000100000000)
  eden space 2560K, 100% used [0x00000000d5580000,0x00000000d5800000,0x00000000d5800000)
  from space 512K, 60% used [0x00000000d5980000,0x00000000d59cd518,0x00000000d5a00000)
  to   space 512K, 0% used [0x00000000d5a00000,0x00000000d5a00000,0x00000000d5a80000)
 ParOldGen       total 1052160K, used 1051776K [0x0000000080000000, 0x00000000c0380000, 0x00000000d5580000)
  object space 1052160K, 99% used [0x0000000080000000,0x00000000c0320230,0x00000000c0380000)
 Metaspace       used 96784K, committed 98816K, reserved 1179648K
  class space    used 9874K, committed 10752K, reserved 1048576K
}
Event: 1031.625 GC heap after
{Heap after GC invocations=2979 (full 5):
 PSYoungGen      total 3072K, used 128K [0x00000000d5580000, 0x00000000d5a80000, 0x0000000100000000)
  eden space 2560K, 0% used [0x00000000d5580000,0x00000000d5580000,0x00000000d5800000)
  from space 512K, 25% used [0x00000000d5a00000,0x00000000d5a20000,0x00000000d5a80000)
  to   space 512K, 0% used [0x00000000d5980000,0x00000000d5980000,0x00000000d5a00000)
 ParOldGen       total 1052160K, used 1051792K [0x0000000080000000, 0x00000000c0380000, 0x00000000d5580000)
  object space 1052160K, 99% used [0x0000000080000000,0x00000000c0324230,0x00000000c0380000)
 Metaspace       used 96784K, committed 98816K, reserved 1179648K
  class space    used 9874K, committed 10752K, reserved 1048576K
}
Event: 1031.781 GC heap before
{Heap before GC invocations=2980 (full 5):
 PSYoungGen      total 3072K, used 2687K [0x00000000d5580000, 0x00000000d5a80000, 0x0000000100000000)
  eden space 2560K, 99% used [0x00000000d5580000,0x00000000d57ffe10,0x00000000d5800000)
  from space 512K, 25% used [0x00000000d5a00000,0x00000000d5a20000,0x00000000d5a80000)
  to   space 512K, 0% used [0x00000000d5980000,0x00000000d5980000,0x00000000d5a00000)
 ParOldGen       total 1052160K, used 1051792K [0x0000000080000000, 0x00000000c0380000, 0x00000000d5580000)
  object space 1052160K, 99% used [0x0000000080000000,0x00000000c0324230,0x00000000c0380000)
 Metaspace       used 96784K, committed 98816K, reserved 1179648K
  class space    used 9874K, committed 10752K, reserved 1048576K
}
Event: 1031.783 GC heap after
{Heap after GC invocations=2980 (full 5):
 PSYoungGen      total 3072K, used 208K [0x00000000d5580000, 0x00000000d5a80000, 0x0000000100000000)
  eden space 2560K, 0% used [0x00000000d5580000,0x00000000d5580000,0x00000000d5800000)
  from space 512K, 40% used [0x00000000d5980000,0x00000000d59b4010,0x00000000d5a00000)
  to   space 512K, 0% used [0x00000000d5a00000,0x00000000d5a00000,0x00000000d5a80000)
 ParOldGen       total 1052160K, used 1051816K [0x0000000080000000, 0x00000000c0380000, 0x00000000d5580000)
  object space 1052160K, 99% used [0x0000000080000000,0x00000000c032a230,0x00000000c0380000)
 Metaspace       used 96784K, committed 98816K, reserved 1179648K
  class space    used 9874K, committed 10752K, reserved 1048576K
}

Dll operation events (12 events):
Event: 0.118 Loaded shared library c:\Users\ndtminh\.vscode\extensions\redhat.java-1.45.0-win32-x64\jre\21.0.8-win32-x86_64\bin\java.dll
Event: 0.253 Loaded shared library c:\Users\ndtminh\.vscode\extensions\redhat.java-1.45.0-win32-x64\jre\21.0.8-win32-x86_64\bin\zip.dll
Event: 0.273 Loaded shared library C:\Users\ndtminh\.vscode\extensions\redhat.java-1.45.0-win32-x64\jre\21.0.8-win32-x86_64\bin\instrument.dll
Event: 0.318 Loaded shared library C:\Users\ndtminh\.vscode\extensions\redhat.java-1.45.0-win32-x64\jre\21.0.8-win32-x86_64\bin\net.dll
Event: 0.360 Loaded shared library C:\Users\ndtminh\.vscode\extensions\redhat.java-1.45.0-win32-x64\jre\21.0.8-win32-x86_64\bin\nio.dll
Event: 0.363 Loaded shared library C:\Users\ndtminh\.vscode\extensions\redhat.java-1.45.0-win32-x64\jre\21.0.8-win32-x86_64\bin\zip.dll
Event: 0.403 Loaded shared library C:\Users\ndtminh\.vscode\extensions\redhat.java-1.45.0-win32-x64\jre\21.0.8-win32-x86_64\bin\jimage.dll
Event: 0.609 Loaded shared library c:\Users\ndtminh\.vscode\extensions\redhat.java-1.45.0-win32-x64\jre\21.0.8-win32-x86_64\bin\verify.dll
Event: 2.520 Loaded shared library C:\Users\ndtminh\AppData\Roaming\Code\User\globalStorage\redhat.java\1.45.0\config_win\org.eclipse.equinox.launcher\org.eclipse.equinox.launcher.win32.win32.x86_64_1.2.1400.v20250801-0854\eclipse_11916.dll
Event: 4.590 Loaded shared library C:\Users\ndtminh\AppData\Local\Temp\jna-1814552276\jna14377863514862620776.dll
Event: 6.686 Loaded shared library C:\Users\ndtminh\.vscode\extensions\redhat.java-1.45.0-win32-x64\jre\21.0.8-win32-x86_64\bin\sunmscapi.dll
Event: 6.974 Loaded shared library C:\Users\ndtminh\.vscode\extensions\redhat.java-1.45.0-win32-x64\jre\21.0.8-win32-x86_64\bin\extnet.dll

Deoptimization events (20 events):
Event: 1006.348 Thread 0x000001c5db6f30a0 Uncommon trap: trap_request=0xffffffd6 fr.pc=0x000001c58912302c relative=0x00000000000006ac
Event: 1006.348 Thread 0x000001c5db6f30a0 Uncommon trap: reason=array_check action=maybe_recompile pc=0x000001c58912302c method=org.eclipse.jdt.internal.core.search.JavaSearchScope.addEnclosingProjectOrJar(Lorg/eclipse/core/runtime/IPath;)V @ 62 c2
Event: 1006.348 Thread 0x000001c5db6f30a0 DEOPT PACKING pc=0x000001c58912302c sp=0x0000007c831fe670
Event: 1006.348 Thread 0x000001c5db6f30a0 DEOPT UNPACKING pc=0x000001c587586da2 sp=0x0000007c831fe640 mode 2
Event: 1006.622 Thread 0x000001c5ff9cb130 Uncommon trap: trap_request=0xffffffc6 fr.pc=0x000001c58841c5f4 relative=0x0000000000000834
Event: 1006.622 Thread 0x000001c5ff9cb130 Uncommon trap: reason=bimorphic_or_optimized_type_check action=maybe_recompile pc=0x000001c58841c5f4 method=sun.security.provider.DigestBase.engineUpdate([BII)V @ 115 c2
Event: 1006.622 Thread 0x000001c5ff9cb130 DEOPT PACKING pc=0x000001c58841c5f4 sp=0x0000007c84ffe900
Event: 1006.622 Thread 0x000001c5ff9cb130 DEOPT UNPACKING pc=0x000001c587586da2 sp=0x0000007c84ffe8e8 mode 2
Event: 1006.951 Thread 0x000001c5ff9cc4e0 Uncommon trap: trap_request=0xffffff45 fr.pc=0x000001c5891e1fe8 relative=0x00000000000007c8
Event: 1006.951 Thread 0x000001c5ff9cc4e0 Uncommon trap: reason=unstable_if action=reinterpret pc=0x000001c5891e1fe8 method=java.lang.ProcessHandleImpl.descendants()Ljava/util/stream/Stream; @ 137 c2
Event: 1006.951 Thread 0x000001c5ff9cc4e0 DEOPT PACKING pc=0x000001c5891e1fe8 sp=0x0000007c853fe7a0
Event: 1006.951 Thread 0x000001c5ff9cc4e0 DEOPT UNPACKING pc=0x000001c587586da2 sp=0x0000007c853fe708 mode 2
Event: 1031.476 Thread 0x000001c5db6f30a0 Uncommon trap: trap_request=0xffffffd6 fr.pc=0x000001c58912302c relative=0x00000000000006ac
Event: 1031.476 Thread 0x000001c5db6f30a0 Uncommon trap: reason=array_check action=maybe_recompile pc=0x000001c58912302c method=org.eclipse.jdt.internal.core.search.JavaSearchScope.addEnclosingProjectOrJar(Lorg/eclipse/core/runtime/IPath;)V @ 62 c2
Event: 1031.476 Thread 0x000001c5db6f30a0 DEOPT PACKING pc=0x000001c58912302c sp=0x0000007c831fe670
Event: 1031.476 Thread 0x000001c5db6f30a0 DEOPT UNPACKING pc=0x000001c587586da2 sp=0x0000007c831fe640 mode 2
Event: 1031.784 Thread 0x000001c5ff9cb130 Uncommon trap: trap_request=0xffffffc6 fr.pc=0x000001c58841c5f4 relative=0x0000000000000834
Event: 1031.784 Thread 0x000001c5ff9cb130 Uncommon trap: reason=bimorphic_or_optimized_type_check action=maybe_recompile pc=0x000001c58841c5f4 method=sun.security.provider.DigestBase.engineUpdate([BII)V @ 115 c2
Event: 1031.784 Thread 0x000001c5ff9cb130 DEOPT PACKING pc=0x000001c58841c5f4 sp=0x0000007c853fe690
Event: 1031.784 Thread 0x000001c5ff9cb130 DEOPT UNPACKING pc=0x000001c587586da2 sp=0x0000007c853fe678 mode 2

Classes loaded (20 events):
Event: 308.118 Loading class java/io/ObjectOutputStream$BlockDataOutputStream
Event: 308.119 Loading class java/io/ObjectOutputStream$BlockDataOutputStream done
Event: 308.120 Loading class java/io/ObjectOutputStream$HandleTable
Event: 308.120 Loading class java/io/ObjectOutputStream$HandleTable done
Event: 308.120 Loading class java/io/ObjectOutputStream$ReplaceTable
Event: 308.120 Loading class java/io/ObjectOutputStream$ReplaceTable done
Event: 985.634 Loading class java/util/Spliterators$IntArraySpliterator
Event: 985.634 Loading class java/util/Spliterators$IntArraySpliterator done
Event: 987.884 Loading class java/util/stream/ReduceOps$5
Event: 987.885 Loading class java/util/stream/ReduceOps$5 done
Event: 987.885 Loading class java/util/stream/ReduceOps$CountingSink$OfRef
Event: 987.886 Loading class java/util/stream/ReduceOps$CountingSink
Event: 987.886 Loading class java/util/stream/ReduceOps$CountingSink done
Event: 987.886 Loading class java/util/stream/ReduceOps$CountingSink$OfRef done
Event: 988.118 Loading class jdk/internal/module/IllegalAccessLogger
Event: 988.118 Loading class jdk/internal/module/IllegalAccessLogger done
Event: 988.604 Loading class java/nio/BufferMismatch
Event: 988.604 Loading class java/nio/BufferMismatch done
Event: 992.458 Loading class jdk/internal/module/IllegalAccessLogger
Event: 992.458 Loading class jdk/internal/module/IllegalAccessLogger done

Classes unloaded (11 events):
Event: 5.232 Thread 0x000001c5fa222390 Unloading class 0x000001c5941b4800 'java/lang/invoke/LambdaForm$MH+0x000001c5941b4800'
Event: 5.232 Thread 0x000001c5fa222390 Unloading class 0x000001c5941b4400 'java/lang/invoke/LambdaForm$MH+0x000001c5941b4400'
Event: 5.232 Thread 0x000001c5fa222390 Unloading class 0x000001c5941b4000 'java/lang/invoke/LambdaForm$MH+0x000001c5941b4000'
Event: 5.232 Thread 0x000001c5fa222390 Unloading class 0x000001c5941b3c00 'java/lang/invoke/LambdaForm$MH+0x000001c5941b3c00'
Event: 5.232 Thread 0x000001c5fa222390 Unloading class 0x000001c5941b3800 'java/lang/invoke/LambdaForm$BMH+0x000001c5941b3800'
Event: 5.232 Thread 0x000001c5fa222390 Unloading class 0x000001c5941b3400 'java/lang/invoke/LambdaForm$DMH+0x000001c5941b3400'
Event: 5.232 Thread 0x000001c5fa222390 Unloading class 0x000001c5941b2000 'java/lang/invoke/LambdaForm$DMH+0x000001c5941b2000'
Event: 80.315 Thread 0x000001c5fa222390 Unloading class 0x000001c594765400 'java/lang/invoke/LambdaForm$DMH+0x000001c594765400'
Event: 80.315 Thread 0x000001c5fa222390 Unloading class 0x000001c594765000 'java/lang/invoke/LambdaForm$DMH+0x000001c594765000'
Event: 80.315 Thread 0x000001c5fa222390 Unloading class 0x000001c594764c00 'java/lang/invoke/LambdaForm$DMH+0x000001c594764c00'
Event: 80.315 Thread 0x000001c5fa222390 Unloading class 0x000001c594764800 'java/lang/invoke/LambdaForm$DMH+0x000001c594764800'

Classes redefined (0 events):
No events

Internal exceptions (20 events):
Event: 1006.355 Thread 0x000001c5db6f30a0 Exception <a 'sun/nio/fs/WindowsException'{0x00000000d565e538}> (0x00000000d565e538) 
thrown [s\src\hotspot\share\prims\jni.cpp, line 520]
Event: 1006.355 Thread 0x000001c5db6f30a0 Exception <a 'sun/nio/fs/WindowsException'{0x00000000d565ef80}> (0x00000000d565ef80) 
thrown [s\src\hotspot\share\prims\jni.cpp, line 520]
Event: 1006.356 Thread 0x000001c5db6f30a0 Exception <a 'sun/nio/fs/WindowsException'{0x00000000d5660068}> (0x00000000d5660068) 
thrown [s\src\hotspot\share\prims\jni.cpp, line 520]
Event: 1006.356 Thread 0x000001c5db6f30a0 Exception <a 'sun/nio/fs/WindowsException'{0x00000000d5660ab0}> (0x00000000d5660ab0) 
thrown [s\src\hotspot\share\prims\jni.cpp, line 520]
Event: 1006.357 Thread 0x000001c5db6f30a0 Exception <a 'sun/nio/fs/WindowsException'{0x00000000d56625c8}> (0x00000000d56625c8) 
thrown [s\src\hotspot\share\prims\jni.cpp, line 520]
Event: 1006.357 Thread 0x000001c5db6f30a0 Exception <a 'sun/nio/fs/WindowsException'{0x00000000d5662d60}> (0x00000000d5662d60) 
thrown [s\src\hotspot\share\prims\jni.cpp, line 520]
Event: 1006.360 Thread 0x000001c5db6f30a0 Exception <a 'sun/nio/fs/WindowsException'{0x00000000d5681f38}> (0x00000000d5681f38) 
thrown [s\src\hotspot\share\prims\jni.cpp, line 520]
Event: 1006.360 Thread 0x000001c5db6f30a0 Exception <a 'sun/nio/fs/WindowsException'{0x00000000d5682980}> (0x00000000d5682980) 
thrown [s\src\hotspot\share\prims\jni.cpp, line 520]
Event: 1006.623 Thread 0x000001c5ff9cb130 Exception <a 'sun/nio/fs/WindowsException'{0x00000000d55b04b8}> (0x00000000d55b04b8) 
thrown [s\src\hotspot\share\prims\jni.cpp, line 520]
Event: 1006.623 Thread 0x000001c5ff9cb130 Exception <a 'sun/nio/fs/WindowsException'{0x00000000d55b0b28}> (0x00000000d55b0b28) 
thrown [s\src\hotspot\share\prims\jni.cpp, line 520]
Event: 1031.479 Thread 0x000001c5db6f30a0 Exception <a 'sun/nio/fs/WindowsException'{0x00000000d565b810}> (0x00000000d565b810) 
thrown [s\src\hotspot\share\prims\jni.cpp, line 520]
Event: 1031.480 Thread 0x000001c5db6f30a0 Exception <a 'sun/nio/fs/WindowsException'{0x00000000d565c258}> (0x00000000d565c258) 
thrown [s\src\hotspot\share\prims\jni.cpp, line 520]
Event: 1031.480 Thread 0x000001c5db6f30a0 Exception <a 'sun/nio/fs/WindowsException'{0x00000000d565d340}> (0x00000000d565d340) 
thrown [s\src\hotspot\share\prims\jni.cpp, line 520]
Event: 1031.480 Thread 0x000001c5db6f30a0 Exception <a 'sun/nio/fs/WindowsException'{0x00000000d565dd88}> (0x00000000d565dd88) 
thrown [s\src\hotspot\share\prims\jni.cpp, line 520]
Event: 1031.480 Thread 0x000001c5db6f30a0 Exception <a 'sun/nio/fs/WindowsException'{0x00000000d565f880}> (0x00000000d565f880) 
thrown [s\src\hotspot\share\prims\jni.cpp, line 520]
Event: 1031.480 Thread 0x000001c5db6f30a0 Exception <a 'sun/nio/fs/WindowsException'{0x00000000d5660018}> (0x00000000d5660018) 
thrown [s\src\hotspot\share\prims\jni.cpp, line 520]
Event: 1031.484 Thread 0x000001c5db6f30a0 Exception <a 'sun/nio/fs/WindowsException'{0x00000000d567ee68}> (0x00000000d567ee68) 
thrown [s\src\hotspot\share\prims\jni.cpp, line 520]
Event: 1031.484 Thread 0x000001c5db6f30a0 Exception <a 'sun/nio/fs/WindowsException'{0x00000000d567f8b0}> (0x00000000d567f8b0) 
thrown [s\src\hotspot\share\prims\jni.cpp, line 520]
Event: 1031.785 Thread 0x000001c5ff9cb130 Exception <a 'sun/nio/fs/WindowsException'{0x00000000d55ad040}> (0x00000000d55ad040) 
thrown [s\src\hotspot\share\prims\jni.cpp, line 520]
Event: 1031.785 Thread 0x000001c5ff9cb130 Exception <a 'sun/nio/fs/WindowsException'{0x00000000d55ad6b0}> (0x00000000d55ad6b0) 
thrown [s\src\hotspot\share\prims\jni.cpp, line 520]

ZGC Phase Switch (0 events):
No events

VM Operations (20 events):
Event: 1007.624 Executing VM operation: Cleanup
Event: 1007.624 Executing VM operation: Cleanup done
Event: 1017.706 Executing VM operation: Cleanup
Event: 1017.706 Executing VM operation: Cleanup done
Event: 1022.003 Executing VM operation: HandshakeAllThreads (HandshakeForDeflation)
Event: 1022.004 Executing VM operation: HandshakeAllThreads (HandshakeForDeflation) done
Event: 1022.004 Executing VM operation: RendezvousGCThreads
Event: 1022.004 Executing VM operation: RendezvousGCThreads done
Event: 1031.518 Executing VM operation: ParallelGCFailedAllocation (Allocation Failure)
Event: 1031.521 Executing VM operation: ParallelGCFailedAllocation (Allocation Failure) done
Event: 1031.548 Executing VM operation: ParallelGCFailedAllocation (Allocation Failure)
Event: 1031.550 Executing VM operation: ParallelGCFailedAllocation (Allocation Failure) done
Event: 1031.583 Executing VM operation: ParallelGCFailedAllocation (Allocation Failure)
Event: 1031.585 Executing VM operation: ParallelGCFailedAllocation (Allocation Failure) done
Event: 1031.623 Executing VM operation: ParallelGCFailedAllocation (Allocation Failure)
Event: 1031.625 Executing VM operation: ParallelGCFailedAllocation (Allocation Failure) done
Event: 1031.781 Executing VM operation: ParallelGCFailedAllocation (Allocation Failure)
Event: 1031.783 Executing VM operation: ParallelGCFailedAllocation (Allocation Failure) done
Event: 1035.806 Executing VM operation: Cleanup
Event: 1035.806 Executing VM operation: Cleanup done

Memory protections (0 events):
No events

Nmethod flushes (20 events):
Event: 279.238 Thread 0x000001c5fa222390 flushing  nmethod 0x000001c582248b10
Event: 279.238 Thread 0x000001c5fa222390 flushing  nmethod 0x000001c582249590
Event: 279.238 Thread 0x000001c5fa222390 flushing  nmethod 0x000001c582249990
Event: 279.238 Thread 0x000001c5fa222390 flushing  nmethod 0x000001c58224c490
Event: 279.238 Thread 0x000001c5fa222390 flushing  nmethod 0x000001c58226b010
Event: 279.238 Thread 0x000001c5fa222390 flushing  nmethod 0x000001c58226ce90
Event: 279.238 Thread 0x000001c5fa222390 flushing  nmethod 0x000001c582270610
Event: 279.238 Thread 0x000001c5fa222390 flushing osr nmethod 0x000001c5822b2410
Event: 279.238 Thread 0x000001c5fa222390 flushing osr nmethod 0x000001c5822bad10
Event: 279.238 Thread 0x000001c5fa222390 flushing  nmethod 0x000001c5822cf490
Event: 279.238 Thread 0x000001c5fa222390 flushing osr nmethod 0x000001c5822d5690
Event: 279.238 Thread 0x000001c5fa222390 flushing  nmethod 0x000001c5822e5e90
Event: 279.238 Thread 0x000001c5fa222390 flushing  nmethod 0x000001c5822f4d10
Event: 279.238 Thread 0x000001c5fa222390 flushing  nmethod 0x000001c58231d210
Event: 279.238 Thread 0x000001c5fa222390 flushing osr nmethod 0x000001c58231e910
Event: 279.238 Thread 0x000001c5fa222390 flushing  nmethod 0x000001c582324910
Event: 279.238 Thread 0x000001c5fa222390 flushing  nmethod 0x000001c582338a90
Event: 279.238 Thread 0x000001c5fa222390 flushing  nmethod 0x000001c582404d90
Event: 279.238 Thread 0x000001c5fa222390 flushing  nmethod 0x000001c582407f90
Event: 279.238 Thread 0x000001c5fa222390 flushing osr nmethod 0x000001c582434410

Events (20 events):
Event: 992.427 Thread 0x000001c5d80aa820 Thread exited: 0x000001c5d80aa820
Event: 992.652 Thread 0x000001c5dbb591a0 Thread added: 0x000001c5fefaf760
Event: 992.818 Thread 0x000001c5d80a9470 Thread added: 0x000001c5fefaf0d0
Event: 992.840 Thread 0x000001c5fefaf0d0 Thread added: 0x000001c5ff9cc4e0
Event: 992.851 Thread 0x000001c5d80a9470 Thread added: 0x000001c5ff9cbe50
Event: 992.852 Thread 0x000001c5ff9cc4e0 Thread exited: 0x000001c5ff9cc4e0
Event: 993.506 Thread 0x000001c5db2d3e20 Thread exited: 0x000001c5db2d3e20
Event: 1001.547 Thread 0x000001c5ff9cbe50 Thread exited: 0x000001c5ff9cbe50
Event: 1001.559 Thread 0x000001c5fefaf0d0 Thread exited: 0x000001c5fefaf0d0
Event: 1006.616 Thread 0x000001c5d80a9470 Thread added: 0x000001c5ff9cb130
Event: 1006.625 Thread 0x000001c5ff9cb130 Thread added: 0x000001c5ff9cbe50
Event: 1006.631 Thread 0x000001c5d80a9470 Thread added: 0x000001c5ff9cc4e0
Event: 1006.631 Thread 0x000001c5ff9cbe50 Thread exited: 0x000001c5ff9cbe50
Event: 1006.953 Thread 0x000001c5ff9cc4e0 Thread exited: 0x000001c5ff9cc4e0
Event: 1017.485 Thread 0x000001c5ff9cb130 Thread exited: 0x000001c5ff9cb130
Event: 1031.780 Thread 0x000001c5d80a9470 Thread added: 0x000001c5ff9cb130
Event: 1031.786 Thread 0x000001c5ff9cb130 Thread added: 0x000001c5ff9cbe50
Event: 1031.794 Thread 0x000001c5d80a9470 Thread added: 0x000001c5ff9cc4e0
Event: 1031.795 Thread 0x000001c5ff9cbe50 Thread exited: 0x000001c5ff9cbe50
Event: 1031.982 Thread 0x000001c5ff9cc4e0 Thread exited: 0x000001c5ff9cc4e0


Dynamic libraries:
0x00007ff70a250000 - 0x00007ff70a25e000 	c:\Users\ndtminh\.vscode\extensions\redhat.java-1.45.0-win32-x64\jre\21.0.8-win32-x86_64\bin\java.exe
0x00007ff979420000 - 0x00007ff979688000 	C:\WINDOWS\SYSTEM32\ntdll.dll
0x00007ff9779f0000 - 0x00007ff977ab9000 	C:\WINDOWS\System32\KERNEL32.DLL
0x00007ff976c50000 - 0x00007ff97703d000 	C:\WINDOWS\System32\KERNELBASE.dll
0x00007ff976800000 - 0x00007ff97694b000 	C:\WINDOWS\System32\ucrtbase.dll
0x00007ff9530c0000 - 0x00007ff9530de000 	c:\Users\ndtminh\.vscode\extensions\redhat.java-1.45.0-win32-x64\jre\21.0.8-win32-x86_64\bin\VCRUNTIME140.dll
0x00007ff961f80000 - 0x00007ff961f98000 	c:\Users\ndtminh\.vscode\extensions\redhat.java-1.45.0-win32-x64\jre\21.0.8-win32-x86_64\bin\jli.dll
0x00007ff94a270000 - 0x00007ff94a50a000 	C:\WINDOWS\WinSxS\amd64_microsoft.windows.common-controls_6595b64144ccf1df_6.0.26100.4484_none_3e0e6d4ce32ef3b3\COMCTL32.dll
0x00007ff977720000 - 0x00007ff9778ec000 	C:\WINDOWS\System32\USER32.dll
0x00007ff977590000 - 0x00007ff977639000 	C:\WINDOWS\System32\msvcrt.dll
0x00007ff976ad0000 - 0x00007ff976af7000 	C:\WINDOWS\System32\win32u.dll
0x00007ff979100000 - 0x00007ff97912b000 	C:\WINDOWS\System32\GDI32.dll
0x00007ff976610000 - 0x00007ff976747000 	C:\WINDOWS\System32\gdi32full.dll
0x00007ff976750000 - 0x00007ff9767f3000 	C:\WINDOWS\System32\msvcp_win.dll
0x00007ff9774e0000 - 0x00007ff97750f000 	C:\WINDOWS\System32\IMM32.DLL
0x00007ff94c630000 - 0x00007ff94c6e1000 	C:\Program Files\McAfee\Endpoint Security\Threat Prevention\Ips\EpMPApi.dll
0x00007ff978810000 - 0x00007ff978928000 	C:\WINDOWS\System32\RPCRT4.dll
0x00007ff977c50000 - 0x00007ff977d04000 	C:\WINDOWS\System32\ADVAPI32.dll
0x00007ff9782d0000 - 0x00007ff978376000 	C:\WINDOWS\System32\sechost.dll
0x00007ff976bc0000 - 0x00007ff976c44000 	C:\WINDOWS\System32\WINTRUST.dll
0x00007ff976950000 - 0x00007ff976ac7000 	C:\WINDOWS\System32\CRYPT32.dll
0x00007ff975da0000 - 0x00007ff975db3000 	C:\WINDOWS\SYSTEM32\MSASN1.dll
0x0000000065e70000 - 0x0000000065e7c000 	C:\Program Files\McAfee\Endpoint Security\Threat Prevention\Ips\EpMPThe.dll
0x00007ff960350000 - 0x00007ff9603ab000 	C:\Program Files\McAfee\Endpoint Security\Threat Prevention\Ips\HIPHandlers64.dll
0x00007ff978930000 - 0x00007ff97907a000 	C:\WINDOWS\System32\SHELL32.dll
0x00007ff977040000 - 0x00007ff9771b4000 	C:\WINDOWS\System32\wintypes.dll
0x00007ff977de0000 - 0x00007ff978166000 	C:\WINDOWS\System32\combase.dll
0x00007ff977520000 - 0x00007ff97758a000 	C:\WINDOWS\System32\SHLWAPI.dll
0x00007ff974a70000 - 0x00007ff974aa3000 	C:\WINDOWS\SYSTEM32\IPHLPAPI.DLL
0x00007ff961a10000 - 0x00007ff961c51000 	C:\WINDOWS\SYSTEM32\dbghelp.dll
0x00007ff9781d0000 - 0x00007ff9782b0000 	C:\WINDOWS\System32\OLEAUT32.dll
0x00007ff968b40000 - 0x00007ff968b4c000 	c:\Users\ndtminh\.vscode\extensions\redhat.java-1.45.0-win32-x64\jre\21.0.8-win32-x86_64\bin\vcruntime140_1.dll
0x00007ff906cb0000 - 0x00007ff906d3d000 	c:\Users\ndtminh\.vscode\extensions\redhat.java-1.45.0-win32-x64\jre\21.0.8-win32-x86_64\bin\msvcp140.dll
0x00007ff8313c0000 - 0x00007ff832157000 	c:\Users\ndtminh\.vscode\extensions\redhat.java-1.45.0-win32-x64\jre\21.0.8-win32-x86_64\bin\server\jvm.dll
0x00007ff979080000 - 0x00007ff9790f4000 	C:\WINDOWS\System32\WS2_32.dll
0x00007ff975c70000 - 0x00007ff975cce000 	C:\WINDOWS\SYSTEM32\POWRPROF.dll
0x00007ff963d60000 - 0x00007ff963d95000 	C:\WINDOWS\SYSTEM32\WINMM.dll
0x00007ff968f70000 - 0x00007ff968f7b000 	C:\WINDOWS\SYSTEM32\VERSION.dll
0x00007ff975c20000 - 0x00007ff975c34000 	C:\WINDOWS\SYSTEM32\UMPDC.dll
0x00007ff9752d0000 - 0x00007ff9752eb000 	C:\WINDOWS\SYSTEM32\kernel.appcore.dll
0x00007ff968b10000 - 0x00007ff968b1a000 	c:\Users\ndtminh\.vscode\extensions\redhat.java-1.45.0-win32-x64\jre\21.0.8-win32-x86_64\bin\jimage.dll
0x00007ff9436f0000 - 0x00007ff943733000 	C:\WINDOWS\SYSTEM32\dbgcore.DLL
0x00007ff976570000 - 0x00007ff976609000 	C:\WINDOWS\System32\bcryptPrimitives.dll
0x00007ff9686d0000 - 0x00007ff9686df000 	c:\Users\ndtminh\.vscode\extensions\redhat.java-1.45.0-win32-x64\jre\21.0.8-win32-x86_64\bin\instrument.dll
0x00007ff940fb0000 - 0x00007ff940fcf000 	c:\Users\ndtminh\.vscode\extensions\redhat.java-1.45.0-win32-x64\jre\21.0.8-win32-x86_64\bin\java.dll
0x00007ff973f80000 - 0x00007ff9747db000 	C:\WINDOWS\SYSTEM32\windows.storage.dll
0x00007ff9778f0000 - 0x00007ff9779e5000 	C:\WINDOWS\System32\SHCORE.dll
0x00007ff976480000 - 0x00007ff9764af000 	C:\WINDOWS\SYSTEM32\profapi.dll
0x00007ff939df0000 - 0x00007ff939e08000 	c:\Users\ndtminh\.vscode\extensions\redhat.java-1.45.0-win32-x64\jre\21.0.8-win32-x86_64\bin\zip.dll
0x00007ff962de0000 - 0x00007ff962df0000 	C:\Users\ndtminh\.vscode\extensions\redhat.java-1.45.0-win32-x64\jre\21.0.8-win32-x86_64\bin\net.dll
0x00007ff96dec0000 - 0x00007ff96dfde000 	C:\WINDOWS\SYSTEM32\WINHTTP.dll
0x00007ff975840000 - 0x00007ff9758aa000 	C:\WINDOWS\system32\mswsock.dll
0x00007ff933e60000 - 0x00007ff933e76000 	C:\Users\ndtminh\.vscode\extensions\redhat.java-1.45.0-win32-x64\jre\21.0.8-win32-x86_64\bin\nio.dll
0x00007ff961d30000 - 0x00007ff961d40000 	c:\Users\ndtminh\.vscode\extensions\redhat.java-1.45.0-win32-x64\jre\21.0.8-win32-x86_64\bin\verify.dll
0x00007ff906610000 - 0x00007ff906654000 	C:\Users\ndtminh\AppData\Roaming\Code\User\globalStorage\redhat.java\1.45.0\config_win\org.eclipse.equinox.launcher\org.eclipse.equinox.launcher.win32.win32.x86_64_1.2.1400.v20250801-0854\eclipse_11916.dll
0x00007ff9771c0000 - 0x00007ff97735e000 	C:\WINDOWS\System32\ole32.dll
0x00007ff975d40000 - 0x00007ff975d5b000 	C:\WINDOWS\SYSTEM32\CRYPTSP.dll
0x00007ff975230000 - 0x00007ff97526b000 	C:\WINDOWS\system32\rsaenh.dll
0x00007ff9758e0000 - 0x00007ff97590b000 	C:\WINDOWS\SYSTEM32\USERENV.dll
0x00007ff976450000 - 0x00007ff976476000 	C:\WINDOWS\SYSTEM32\bcrypt.dll
0x00007ff975af0000 - 0x00007ff975afc000 	C:\WINDOWS\SYSTEM32\CRYPTBASE.dll
0x00007ff977710000 - 0x00007ff97771a000 	C:\WINDOWS\System32\NSI.dll
0x00007ff906430000 - 0x00007ff906479000 	C:\Users\ndtminh\AppData\Local\Temp\jna-1814552276\jna14377863514862620776.dll
0x00007ff979130000 - 0x00007ff979138000 	C:\WINDOWS\System32\PSAPI.DLL
0x00007ff96e040000 - 0x00007ff96e05f000 	C:\WINDOWS\SYSTEM32\dhcpcsvc6.DLL
0x00007ff96dff0000 - 0x00007ff96e015000 	C:\WINDOWS\SYSTEM32\dhcpcsvc.DLL
0x00007ff94ef90000 - 0x00007ff94ef9e000 	C:\Users\ndtminh\.vscode\extensions\redhat.java-1.45.0-win32-x64\jre\21.0.8-win32-x86_64\bin\sunmscapi.dll
0x00007ff975e90000 - 0x00007ff975ec0000 	C:\WINDOWS\SYSTEM32\ncrypt.dll
0x00007ff975e40000 - 0x00007ff975e7f000 	C:\WINDOWS\SYSTEM32\NTASN1.dll
0x00007ff974ab0000 - 0x00007ff974bd6000 	C:\WINDOWS\SYSTEM32\DNSAPI.dll
0x00007ff96d440000 - 0x00007ff96d44b000 	C:\Windows\System32\rasadhlp.dll
0x00007ff96fe40000 - 0x00007ff96fec6000 	C:\WINDOWS\System32\fwpuclnt.dll
0x00007ff943a60000 - 0x00007ff943a69000 	C:\Users\ndtminh\.vscode\extensions\redhat.java-1.45.0-win32-x64\jre\21.0.8-win32-x86_64\bin\extnet.dll
0x00007ff975400000 - 0x00007ff975436000 	C:\WINDOWS\SYSTEM32\ntmarta.dll

JVMTI agents:
c:\Users\ndtminh\.vscode\extensions\redhat.java-1.45.0-win32-x64\lombok\lombok-1.18.39-4050.jar path:c:\Users\ndtminh\.vscode\extensions\redhat.java-1.45.0-win32-x64\jre\21.0.8-win32-x86_64\bin\instrument.dll, loaded, initialized, instrumentlib options:none

dbghelp: loaded successfully - version: 4.0.5 - missing functions: none
symbol engine: initialized successfully - sym options: 0x614 - pdb path: .;c:\Users\ndtminh\.vscode\extensions\redhat.java-1.45.0-win32-x64\jre\21.0.8-win32-x86_64\bin;C:\WINDOWS\SYSTEM32;C:\WINDOWS\WinSxS\amd64_microsoft.windows.common-controls_6595b64144ccf1df_6.0.26100.4484_none_3e0e6d4ce32ef3b3;C:\Program Files\McAfee\Endpoint Security\Threat Prevention\Ips;c:\Users\ndtminh\.vscode\extensions\redhat.java-1.45.0-win32-x64\jre\21.0.8-win32-x86_64\bin\server;C:\Users\ndtminh\AppData\Roaming\Code\User\globalStorage\redhat.java\1.45.0\config_win\org.eclipse.equinox.launcher\org.eclipse.equinox.launcher.win32.win32.x86_64_1.2.1400.v20250801-0854;C:\Users\ndtminh\AppData\Local\Temp\jna-1814552276

VM Arguments:
jvm_args: --add-modules=ALL-SYSTEM --add-opens=java.base/java.util=ALL-UNNAMED --add-opens=java.base/java.lang=ALL-UNNAMED --add-opens=java.base/sun.nio.fs=ALL-UNNAMED -Declipse.application=org.eclipse.jdt.ls.core.id1 -Dosgi.bundles.defaultStartLevel=4 -Declipse.product=org.eclipse.jdt.ls.core.product -Djava.import.generatesMetadataFilesAtProjectRoot=false -DDetectVMInstallationsJob.disabled=true -Dfile.encoding=utf8 -XX:+UseParallelGC -XX:GCTimeRatio=4 -XX:AdaptiveSizePolicyWeight=90 -Dsun.zip.disableMemoryMapping=true -Xmx2G -Xms100m -Xlog:disable -javaagent:c:\Users\ndtminh\.vscode\extensions\redhat.java-1.45.0-win32-x64\lombok\lombok-1.18.39-4050.jar -XX:+HeapDumpOnOutOfMemoryError -XX:HeapDumpPath=c:\Users\ndtminh\AppData\Roaming\Code\User\workspaceStorage\fac1ecea9d7346f221b2c1426bdf2ea0\redhat.java -Daether.dependencyCollector.impl=bf 
java_command: c:\Users\ndtminh\.vscode\extensions\redhat.java-1.45.0-win32-x64\server\plugins\org.eclipse.equinox.launcher_1.7.0.v20250519-0528.jar -configuration c:\Users\ndtminh\AppData\Roaming\Code\User\globalStorage\redhat.java\1.45.0\config_win -data c:\Users\ndtminh\AppData\Roaming\Code\User\workspaceStorage\fac1ecea9d7346f221b2c1426bdf2ea0\redhat.java\jdt_ws --pipe=\\.\pipe\lsp-e40e10b8e2749e5ce917bedb5ef22328-sock
java_class_path (initial): c:\Users\ndtminh\.vscode\extensions\redhat.java-1.45.0-win32-x64\server\plugins\org.eclipse.equinox.launcher_1.7.0.v20250519-0528.jar
Launcher Type: SUN_STANDARD

[Global flags]
    uintx AdaptiveSizePolicyWeight                 = 90                                        {product} {command line}
     intx CICompilerCount                          = 3                                         {product} {ergonomic}
    uintx GCTimeRatio                              = 4                                         {product} {command line}
     bool HeapDumpOnOutOfMemoryError               = true                                   {manageable} {command line}
    ccstr HeapDumpPath                             = c:\Users\ndtminh\AppData\Roaming\Code\User\workspaceStorage\fac1ecea9d7346f221b2c1426bdf2ea0\redhat.java         {manageable} {command line}
   size_t InitialHeapSize                          = 104857600                                 {product} {command line}
   size_t MaxHeapSize                              = 2147483648                                {product} {command line}
   size_t MaxNewSize                               = 715653120                                 {product} {ergonomic}
   size_t MinHeapDeltaBytes                        = 524288                                    {product} {ergonomic}
   size_t MinHeapSize                              = 104857600                                 {product} {command line}
   size_t NewSize                                  = 34603008                                  {product} {ergonomic}
    uintx NonNMethodCodeHeapSize                   = 5832780                                {pd product} {ergonomic}
    uintx NonProfiledCodeHeapSize                  = 122912730                              {pd product} {ergonomic}
   size_t OldSize                                  = 70254592                                  {product} {ergonomic}
    uintx ProfiledCodeHeapSize                     = 122912730                              {pd product} {ergonomic}
    uintx ReservedCodeCacheSize                    = 251658240                              {pd product} {ergonomic}
     bool SegmentedCodeCache                       = true                                      {product} {ergonomic}
   size_t SoftMaxHeapSize                          = 2147483648                             {manageable} {ergonomic}
     bool UseCompressedOops                        = true                           {product lp64_product} {ergonomic}
     bool UseLargePagesIndividualAllocation        = false                                  {pd product} {ergonomic}
     bool UseParallelGC                            = true                                      {product} {command line}

Logging:
Log output configuration:
 #0: stdout all=off uptime,level,tags foldmultilines=false
 #1: stderr all=off uptime,level,tags foldmultilines=false

Environment Variables:
JAVA_HOME=C:\Users\ndtminh\AppData\Local\Programs\Microsoft\jdk-21.0.6.7-hotspot\
PATH=C:\Program Files (x86)\Common Files\Oracle\Java\javapath;C:\WINDOWS\system32;C:\WINDOWS;C:\WINDOWS\System32\Wbem;C:\WINDOWS\System32\WindowsPowerShell\v1.0\;C:\WINDOWS\System32\OpenSSH\;C:\Users\ndtminh\AppData\Roaming\nvm;C:\Program Files\nodejs;C:\Program Files (x86)\Microsoft SQL Server\160\DTS\Binn\;C:\Program Files\Microsoft SQL Server\150\Tools\Binn\;C:\Program Files\Microsoft SQL Server\Client SDK\ODBC\170\Tools\Binn\;C:\Program Files\dotnet\;D:\MAVEN\apache-maven-3.9.9-bin\apache-maven-3.9.9\bin;C:\Users\ndtminh\AppData\Local\Programs\Microsoft\jdk-21.0.6.7-hotspot\bin;C:\Program Files\Git\cmd;C:\Users\ndtminh\.config\herd\bin;C:\Users\ndtminh\AppData\Local\Programs\Microsoft\jdk-21.0.6.7-hotspot\bin;C:\Users\ndtminh\AppData\Local\Programs\Python\Launcher\;C:\Users\ndtminh\AppData\Local\Programs\Microsoft\jdk-21.0.5.11-hotspot\bin;C:\Users\ndtminh\AppData\Local\Microsoft\WindowsApps;C:\Users\ndtminh\AppData\Local\Programs\Microsoft VS Code\bin;C:\Users\ndtminh\AppData\Roaming\npm;C:\Program Files\JetBrains\IntelliJ IDEA Community Edition 2024.2.3\bin;;D:\flutter\bin;C:\Users\ndtminh\AppData\Roaming\nvm;C:\Users\ndtminh\AppData\Roaming\nvm\v20.18.0;C:\Program Files\PostgreSQL\17\bin;C:\Users\ndtminh\AppData\Local\Programs\Azure Data Studio\bin;C:\Users\ndtminh\.dotnet\tools;
USERNAME=ndtminh
OS=Windows_NT
PROCESSOR_IDENTIFIER=Intel64 Family 6 Model 167 Stepping 1, GenuineIntel
TMP=C:\Users\ndtminh\AppData\Local\Temp
TEMP=C:\Users\ndtminh\AppData\Local\Temp




Periodic native trim disabled

---------------  S Y S T E M  ---------------

OS:
 Windows 11 , 64 bit Build 26100 (10.0.26100.4484)
OS uptime: 16 days 8:58 hours
Hyper-V role detected

CPU: total 6 (initial active 6) (6 cores per cpu, 2 threads per core) family 6 model 167 stepping 1 microcode 0x1b, cx8, cmov, fxsr, ht, mmx, 3dnowpref, sse, sse2, sse3, ssse3, sse4.1, sse4.2, popcnt, lzcnt, tsc, tscinvbit, avx, avx2, aes, erms, clmul, bmi1, bmi2, adx, avx512f, avx512dq, avx512cd, avx512bw, avx512vl, sha, fma, vzeroupper, avx512_vpopcntdq, avx512_vpclmulqdq, avx512_vaes, avx512_vnni, clflush, clflushopt, avx512_vbmi2, avx512_vbmi, hv, rdtscp, rdpid, fsrm, gfni, avx512_bitalg, f16c, avx512_ifma
Processor Information for the first 6 processors :
  Max Mhz: 2592, Current Mhz: 2592, Mhz Limit: 2592

Memory: 4k page, system-wide physical 16163M (1837M free)
TotalPageFile size 53663M (AvailPageFile size 408M)
current process WorkingSet (physical memory assigned to process): 595M, peak: 1337M
current process commit charge ("private bytes"): 1434M, peak: 1439M

vm_info: OpenJDK 64-Bit Server VM (21.0.8+9-LTS) for windows-amd64 JRE (21.0.8+9-LTS), built on 2025-07-15T00:00:00Z by "admin" with MS VC++ 17.7 (VS2022)

END.
