#
# There is insufficient memory for the Java Runtime Environment to continue.
# Native memory allocation (malloc) failed to allocate 2455392 bytes. Error detail: Chunk::new
# Possible reasons:
#   The system is out of physical RAM or swap space
#   This process is running with CompressedOops enabled, and the Java Heap may be blocking the growth of the native heap
# Possible solutions:
#   Reduce memory load on the system
#   Increase physical memory or swap space
#   Check if swap backing store is full
#   Decrease Java heap size (-Xmx/-Xms)
#   Decrease number of Java threads
#   Decrease Java thread stack sizes (-Xss)
#   Set larger code cache with -XX:ReservedCodeCacheSize=
#   JVM is running with Zero Based Compressed Oops mode in which the Java heap is
#     placed in the first 32GB address space. The Java Heap base address is the
#     maximum limit for the native heap growth. Please use -XX:HeapBaseMinAddress
#     to set the Java Heap base and to place the Java Heap above 32GB virtual address.
# This output file may be truncated or incomplete.
#
#  Out of Memory Error (arena.cpp:168), pid=42824, tid=22972
#
# JRE version: OpenJDK Runtime Environment Microsoft-10800203 (21.0.6+7) (build 21.0.6+7-LTS)
# Java VM: OpenJDK 64-Bit Server VM Microsoft-10800203 (21.0.6+7-LTS, mixed mode, sharing, tiered, compressed oops, compressed class ptrs, g1 gc, windows-amd64)
# No core dump will be written. Minidumps are not enabled by default on client versions of Windows
#

---------------  S U M M A R Y ------------

Command Line: -XX:+ShowCodeDetailsInExceptionMessages com.example.demo_testing.DemoTestingApplication

Host: 11th Gen Intel(R) Core(TM) i5-11400 @ 2.60GHz, 6 cores, 15G,  Windows 11 , 64 bit Build 26100 (10.0.26100.4484)
Time: Wed Sep 10 11:59:48 2025 SE Asia Standard Time elapsed time: 4.786094 seconds (0d 0h 0m 4s)

---------------  T H R E A D  ---------------

Current thread (0x000001a8fe4cc9c0):  JavaThread "C2 CompilerThread0" daemon [_thread_in_native, id=22972, stack(0x000000752dc00000,0x000000752dd00000) (1024K)]


Current CompileTask:
C2:4786 4775   !   4       com.sun.crypto.provider.PBKDF2KeyImpl::deriveKey (302 bytes)

Stack: [0x000000752dc00000,0x000000752dd00000]
Native frames: (J=compiled Java code, j=interpreted, Vv=VM code, C=native code)
V  [jvm.dll+0x6d4a09]
V  [jvm.dll+0x8af9a1]
V  [jvm.dll+0x8b1ece]
V  [jvm.dll+0x8b25b3]
V  [jvm.dll+0x2804e6]
V  [jvm.dll+0xc522d]
V  [jvm.dll+0xc5763]
V  [jvm.dll+0x3bba2c]
V  [jvm.dll+0x1e0535]
V  [jvm.dll+0x248343]
V  [jvm.dll+0x2477af]
V  [jvm.dll+0x1c799f]
V  [jvm.dll+0x2575d9]
V  [jvm.dll+0x25599a]
V  [jvm.dll+0x3f57c6]
V  [jvm.dll+0x85920b]
V  [jvm.dll+0x6d310d]
C  [ucrtbase.dll+0x37b0]
C  [KERNEL32.DLL+0x2e8d7]
C  [ntdll.dll+0x3c34c]


---------------  P R O C E S S  ---------------

Threads class SMR info:
_java_thread_list=0x000001a8cf4f4c50, length=14, elements={
0x000001a8e5b6dba0, 0x000001a8fe4bada0, 0x000001a8fe4bd8f0, 0x000001a8fe4c07a0,
0x000001a8fe4c5a00, 0x000001a8fe4c69d0, 0x000001a8fe4c9950, 0x000001a8fe4cc9c0,
0x000001a8fe4d3aa0, 0x000001a8c71c4e20, 0x000001a8c71cb210, 0x000001a8cee908f0,
0x000001a8cda38060, 0x000001a8cedd7ca0
}

Java Threads: ( => current thread )
  0x000001a8e5b6dba0 JavaThread "main"                              [_thread_in_vm, id=660, stack(0x000000752ce00000,0x000000752cf00000) (1024K)]
  0x000001a8fe4bada0 JavaThread "Reference Handler"          daemon [_thread_blocked, id=23444, stack(0x000000752d600000,0x000000752d700000) (1024K)]
  0x000001a8fe4bd8f0 JavaThread "Finalizer"                  daemon [_thread_blocked, id=23256, stack(0x000000752d700000,0x000000752d800000) (1024K)]
  0x000001a8fe4c07a0 JavaThread "Signal Dispatcher"          daemon [_thread_blocked, id=43480, stack(0x000000752d800000,0x000000752d900000) (1024K)]
  0x000001a8fe4c5a00 JavaThread "Attach Listener"            daemon [_thread_blocked, id=21548, stack(0x000000752d900000,0x000000752da00000) (1024K)]
  0x000001a8fe4c69d0 JavaThread "Service Thread"             daemon [_thread_blocked, id=12748, stack(0x000000752da00000,0x000000752db00000) (1024K)]
  0x000001a8fe4c9950 JavaThread "Monitor Deflation Thread"   daemon [_thread_blocked, id=28012, stack(0x000000752db00000,0x000000752dc00000) (1024K)]
=>0x000001a8fe4cc9c0 JavaThread "C2 CompilerThread0"         daemon [_thread_in_native, id=22972, stack(0x000000752dc00000,0x000000752dd00000) (1024K)]
  0x000001a8fe4d3aa0 JavaThread "C1 CompilerThread0"         daemon [_thread_blocked, id=40504, stack(0x000000752dd00000,0x000000752de00000) (1024K)]
  0x000001a8c71c4e20 JavaThread "Notification Thread"        daemon [_thread_blocked, id=28688, stack(0x000000752de00000,0x000000752df00000) (1024K)]
  0x000001a8c71cb210 JavaThread "Common-Cleaner"             daemon [_thread_blocked, id=21840, stack(0x000000752df00000,0x000000752e000000) (1024K)]
  0x000001a8cee908f0 JavaThread "PostgreSQL-JDBC-Cleaner"    daemon [_thread_blocked, id=1520, stack(0x000000752e800000,0x000000752e900000) (1024K)]
  0x000001a8cda38060 JavaThread "HikariPool-1:housekeeper"   daemon [_thread_blocked, id=32688, stack(0x000000752e900000,0x000000752ea00000) (1024K)]
  0x000001a8cedd7ca0 JavaThread "HikariPool-1:connection-adder" daemon [_thread_blocked, id=44172, stack(0x000000752ea00000,0x000000752eb00000) (1024K)]
Total: 14

Other Threads:
  0x000001a8fe49ef80 VMThread "VM Thread"                           [id=33628, stack(0x000000752d500000,0x000000752d600000) (1024K)]
  0x000001a8c7081bd0 WatcherThread "VM Periodic Task Thread"        [id=14676, stack(0x000000752d400000,0x000000752d500000) (1024K)]
  0x000001a8e5bdeba0 WorkerThread "GC Thread#0"                     [id=43084, stack(0x000000752cf00000,0x000000752d000000) (1024K)]
  0x000001a8cc133d80 WorkerThread "GC Thread#1"                     [id=25192, stack(0x000000752e000000,0x000000752e100000) (1024K)]
  0x000001a8cc134120 WorkerThread "GC Thread#2"                     [id=22272, stack(0x000000752e100000,0x000000752e200000) (1024K)]
  0x000001a8cc1344c0 WorkerThread "GC Thread#3"                     [id=25496, stack(0x000000752e200000,0x000000752e300000) (1024K)]
  0x000001a8cc134860 WorkerThread "GC Thread#4"                     [id=41232, stack(0x000000752e300000,0x000000752e400000) (1024K)]
  0x000001a8cc134c00 WorkerThread "GC Thread#5"                     [id=27896, stack(0x000000752e400000,0x000000752e500000) (1024K)]
  0x000001a8fe300950 ConcurrentGCThread "G1 Main Marker"            [id=37640, stack(0x000000752d000000,0x000000752d100000) (1024K)]
  0x000001a8fe301450 WorkerThread "G1 Conc#0"                       [id=24104, stack(0x000000752d100000,0x000000752d200000) (1024K)]
  0x000001a8cd8f4990 WorkerThread "G1 Conc#1"                       [id=14672, stack(0x000000752e700000,0x000000752e800000) (1024K)]
  0x000001a8fe3d5d90 ConcurrentGCThread "G1 Refine#0"               [id=32036, stack(0x000000752d200000,0x000000752d300000) (1024K)]
  0x000001a8fe3d6900 ConcurrentGCThread "G1 Service"                [id=27512, stack(0x000000752d300000,0x000000752d400000) (1024K)]
Total: 13

Threads with active compile tasks:
C2 CompilerThread0  4809 4775   !   4       com.sun.crypto.provider.PBKDF2KeyImpl::deriveKey (302 bytes)
Total: 1

VM state: not at safepoint (normal execution)

VM Mutex/Monitor currently owned by a thread:  ([mutex/lock_event])
[0x00007ff8312d4470] Metaspace_lock - owner thread: 0x000001a8e5b6dba0

Heap address: 0x0000000703600000, size: 4042 MB, Compressed Oops mode: Zero based, Oop shift amount: 3

CDS archive(s) mapped at: [0x000001a886000000-0x000001a886c80000-0x000001a886c80000), size 13107200, SharedBaseAddress: 0x000001a886000000, ArchiveRelocationMode: 1.
Compressed class space mapped at: 0x000001a887000000-0x000001a8c7000000, reserved size: 1073741824
Narrow klass base: 0x000001a886000000, Narrow klass shift: 0, Narrow klass range: 0x100000000

GC Precious Log:
 CardTable entry size: 512
 Card Set container configuration: InlinePtr #cards 4 size 8 Array Of Cards #cards 16 size 48 Howl #buckets 8 coarsen threshold 3686 Howl Bitmap #cards 512 size 80 coarsen threshold 460 Card regions per heap region 1 cards per card region 4096
 CPUs: 6 total, 6 available
 Memory: 16163M
 Large Page Support: Disabled
 NUMA Support: Disabled
 Compressed Oops: Enabled (Zero based)
 Heap Region Size: 2M
 Heap Min Capacity: 8M
 Heap Initial Capacity: 254M
 Heap Max Capacity: 4042M
 Pre-touch: Disabled
 Parallel Workers: 6
 Concurrent Workers: 2
 Concurrent Refinement Workers: 6
 Periodic GC: Disabled

Heap:
 garbage-first heap   total 157696K, used 53797K [0x0000000703600000, 0x0000000800000000)
  region size 2048K, 18 young (36864K), 2 survivors (4096K)
 Metaspace       used 50121K, committed 50688K, reserved 1114112K
  class space    used 6552K, committed 6848K, reserved 1048576K

Heap Regions: E=young(eden), S=young(survivor), O=old, HS=humongous(starts), HC=humongous(continues), CS=collection set, F=free, TAMS=top-at-mark-start, PB=parsable bottom
|   0|0x0000000703600000, 0x0000000703800000, 0x0000000703800000|100%| O|  |TAMS 0x0000000703600000| PB 0x0000000703600000| Untracked 
|   1|0x0000000703800000, 0x0000000703a00000, 0x0000000703a00000|100%| O|  |TAMS 0x0000000703800000| PB 0x0000000703800000| Untracked 
|   2|0x0000000703a00000, 0x0000000703c00000, 0x0000000703c00000|100%| O|  |TAMS 0x0000000703a00000| PB 0x0000000703a00000| Untracked 
|   3|0x0000000703c00000, 0x0000000703e00000, 0x0000000703e00000|100%| O|  |TAMS 0x0000000703c00000| PB 0x0000000703c00000| Untracked 
|   4|0x0000000703e00000, 0x0000000704000000, 0x0000000704000000|100%| O|  |TAMS 0x0000000703e00000| PB 0x0000000703e00000| Untracked 
|   5|0x0000000704000000, 0x0000000704200000, 0x0000000704200000|100%| O|  |TAMS 0x0000000704000000| PB 0x0000000704000000| Untracked 
|   6|0x0000000704200000, 0x0000000704400000, 0x0000000704400000|100%| O|  |TAMS 0x0000000704200000| PB 0x0000000704200000| Untracked 
|   7|0x0000000704400000, 0x0000000704600000, 0x0000000704600000|100%| O|  |TAMS 0x0000000704400000| PB 0x0000000704400000| Untracked 
|   8|0x0000000704600000, 0x0000000704800000, 0x0000000704800000|100%| O|Cm|TAMS 0x0000000704600000| PB 0x0000000704600000| Complete 
|   9|0x0000000704800000, 0x00000007049254a0, 0x0000000704a00000| 57%| O|  |TAMS 0x0000000704800000| PB 0x0000000704800000| Untracked 
|  10|0x0000000704a00000, 0x0000000704a00000, 0x0000000704c00000|  0%| F|  |TAMS 0x0000000704a00000| PB 0x0000000704a00000| Untracked 
|  11|0x0000000704c00000, 0x0000000704c00000, 0x0000000704e00000|  0%| F|  |TAMS 0x0000000704c00000| PB 0x0000000704c00000| Untracked 
|  12|0x0000000704e00000, 0x0000000704e00000, 0x0000000705000000|  0%| F|  |TAMS 0x0000000704e00000| PB 0x0000000704e00000| Untracked 
|  13|0x0000000705000000, 0x0000000705164260, 0x0000000705200000| 69%| S|CS|TAMS 0x0000000705000000| PB 0x0000000705000000| Complete 
|  14|0x0000000705200000, 0x0000000705400000, 0x0000000705400000|100%| S|CS|TAMS 0x0000000705200000| PB 0x0000000705200000| Complete 
|  15|0x0000000705400000, 0x0000000705400000, 0x0000000705600000|  0%| F|  |TAMS 0x0000000705400000| PB 0x0000000705400000| Untracked 
|  16|0x0000000705600000, 0x0000000705600000, 0x0000000705800000|  0%| F|  |TAMS 0x0000000705600000| PB 0x0000000705600000| Untracked 
|  17|0x0000000705800000, 0x0000000705800000, 0x0000000705a00000|  0%| F|  |TAMS 0x0000000705800000| PB 0x0000000705800000| Untracked 
|  18|0x0000000705a00000, 0x0000000705a00000, 0x0000000705c00000|  0%| F|  |TAMS 0x0000000705a00000| PB 0x0000000705a00000| Untracked 
|  19|0x0000000705c00000, 0x0000000705c00000, 0x0000000705e00000|  0%| F|  |TAMS 0x0000000705c00000| PB 0x0000000705c00000| Untracked 
|  20|0x0000000705e00000, 0x0000000705e00000, 0x0000000706000000|  0%| F|  |TAMS 0x0000000705e00000| PB 0x0000000705e00000| Untracked 
|  21|0x0000000706000000, 0x0000000706000000, 0x0000000706200000|  0%| F|  |TAMS 0x0000000706000000| PB 0x0000000706000000| Untracked 
|  22|0x0000000706200000, 0x0000000706200000, 0x0000000706400000|  0%| F|  |TAMS 0x0000000706200000| PB 0x0000000706200000| Untracked 
|  23|0x0000000706400000, 0x0000000706400000, 0x0000000706600000|  0%| F|  |TAMS 0x0000000706400000| PB 0x0000000706400000| Untracked 
|  24|0x0000000706600000, 0x0000000706600000, 0x0000000706800000|  0%| F|  |TAMS 0x0000000706600000| PB 0x0000000706600000| Untracked 
|  25|0x0000000706800000, 0x0000000706800000, 0x0000000706a00000|  0%| F|  |TAMS 0x0000000706800000| PB 0x0000000706800000| Untracked 
|  26|0x0000000706a00000, 0x0000000706a00000, 0x0000000706c00000|  0%| F|  |TAMS 0x0000000706a00000| PB 0x0000000706a00000| Untracked 
|  27|0x0000000706c00000, 0x0000000706c00000, 0x0000000706e00000|  0%| F|  |TAMS 0x0000000706c00000| PB 0x0000000706c00000| Untracked 
|  28|0x0000000706e00000, 0x0000000706e00000, 0x0000000707000000|  0%| F|  |TAMS 0x0000000706e00000| PB 0x0000000706e00000| Untracked 
|  29|0x0000000707000000, 0x0000000707000000, 0x0000000707200000|  0%| F|  |TAMS 0x0000000707000000| PB 0x0000000707000000| Untracked 
|  30|0x0000000707200000, 0x0000000707200000, 0x0000000707400000|  0%| F|  |TAMS 0x0000000707200000| PB 0x0000000707200000| Untracked 
|  31|0x0000000707400000, 0x0000000707400000, 0x0000000707600000|  0%| F|  |TAMS 0x0000000707400000| PB 0x0000000707400000| Untracked 
|  32|0x0000000707600000, 0x0000000707600000, 0x0000000707800000|  0%| F|  |TAMS 0x0000000707600000| PB 0x0000000707600000| Untracked 
|  33|0x0000000707800000, 0x0000000707800000, 0x0000000707a00000|  0%| F|  |TAMS 0x0000000707800000| PB 0x0000000707800000| Untracked 
|  34|0x0000000707a00000, 0x0000000707a00000, 0x0000000707c00000|  0%| F|  |TAMS 0x0000000707a00000| PB 0x0000000707a00000| Untracked 
|  35|0x0000000707c00000, 0x0000000707c00000, 0x0000000707e00000|  0%| F|  |TAMS 0x0000000707c00000| PB 0x0000000707c00000| Untracked 
|  36|0x0000000707e00000, 0x0000000707e00000, 0x0000000708000000|  0%| F|  |TAMS 0x0000000707e00000| PB 0x0000000707e00000| Untracked 
|  37|0x0000000708000000, 0x0000000708000000, 0x0000000708200000|  0%| F|  |TAMS 0x0000000708000000| PB 0x0000000708000000| Untracked 
|  38|0x0000000708200000, 0x0000000708200000, 0x0000000708400000|  0%| F|  |TAMS 0x0000000708200000| PB 0x0000000708200000| Untracked 
|  39|0x0000000708400000, 0x0000000708400000, 0x0000000708600000|  0%| F|  |TAMS 0x0000000708400000| PB 0x0000000708400000| Untracked 
|  40|0x0000000708600000, 0x0000000708600000, 0x0000000708800000|  0%| F|  |TAMS 0x0000000708600000| PB 0x0000000708600000| Untracked 
|  41|0x0000000708800000, 0x0000000708800000, 0x0000000708a00000|  0%| F|  |TAMS 0x0000000708800000| PB 0x0000000708800000| Untracked 
|  42|0x0000000708a00000, 0x0000000708a00000, 0x0000000708c00000|  0%| F|  |TAMS 0x0000000708a00000| PB 0x0000000708a00000| Untracked 
|  43|0x0000000708c00000, 0x0000000708c00000, 0x0000000708e00000|  0%| F|  |TAMS 0x0000000708c00000| PB 0x0000000708c00000| Untracked 
|  44|0x0000000708e00000, 0x0000000708e00000, 0x0000000709000000|  0%| F|  |TAMS 0x0000000708e00000| PB 0x0000000708e00000| Untracked 
|  45|0x0000000709000000, 0x0000000709000000, 0x0000000709200000|  0%| F|  |TAMS 0x0000000709000000| PB 0x0000000709000000| Untracked 
|  46|0x0000000709200000, 0x0000000709200000, 0x0000000709400000|  0%| F|  |TAMS 0x0000000709200000| PB 0x0000000709200000| Untracked 
|  47|0x0000000709400000, 0x0000000709400000, 0x0000000709600000|  0%| F|  |TAMS 0x0000000709400000| PB 0x0000000709400000| Untracked 
|  48|0x0000000709600000, 0x0000000709600000, 0x0000000709800000|  0%| F|  |TAMS 0x0000000709600000| PB 0x0000000709600000| Untracked 
|  49|0x0000000709800000, 0x0000000709800000, 0x0000000709a00000|  0%| F|  |TAMS 0x0000000709800000| PB 0x0000000709800000| Untracked 
|  50|0x0000000709a00000, 0x0000000709a00000, 0x0000000709c00000|  0%| F|  |TAMS 0x0000000709a00000| PB 0x0000000709a00000| Untracked 
|  51|0x0000000709c00000, 0x0000000709c00000, 0x0000000709e00000|  0%| F|  |TAMS 0x0000000709c00000| PB 0x0000000709c00000| Untracked 
|  52|0x0000000709e00000, 0x0000000709e00000, 0x000000070a000000|  0%| F|  |TAMS 0x0000000709e00000| PB 0x0000000709e00000| Untracked 
|  53|0x000000070a000000, 0x000000070a000000, 0x000000070a200000|  0%| F|  |TAMS 0x000000070a000000| PB 0x000000070a000000| Untracked 
|  54|0x000000070a200000, 0x000000070a200000, 0x000000070a400000|  0%| F|  |TAMS 0x000000070a200000| PB 0x000000070a200000| Untracked 
|  55|0x000000070a400000, 0x000000070a400000, 0x000000070a600000|  0%| F|  |TAMS 0x000000070a400000| PB 0x000000070a400000| Untracked 
|  56|0x000000070a600000, 0x000000070a600000, 0x000000070a800000|  0%| F|  |TAMS 0x000000070a600000| PB 0x000000070a600000| Untracked 
|  57|0x000000070a800000, 0x000000070a800000, 0x000000070aa00000|  0%| F|  |TAMS 0x000000070a800000| PB 0x000000070a800000| Untracked 
|  58|0x000000070aa00000, 0x000000070aa00000, 0x000000070ac00000|  0%| F|  |TAMS 0x000000070aa00000| PB 0x000000070aa00000| Untracked 
|  59|0x000000070ac00000, 0x000000070ac00000, 0x000000070ae00000|  0%| F|  |TAMS 0x000000070ac00000| PB 0x000000070ac00000| Untracked 
|  60|0x000000070ae00000, 0x000000070ae00000, 0x000000070b000000|  0%| F|  |TAMS 0x000000070ae00000| PB 0x000000070ae00000| Untracked 
|  61|0x000000070b000000, 0x000000070b187070, 0x000000070b200000| 76%| E|  |TAMS 0x000000070b000000| PB 0x000000070b000000| Complete 
|  62|0x000000070b200000, 0x000000070b400000, 0x000000070b400000|100%| E|CS|TAMS 0x000000070b200000| PB 0x000000070b200000| Complete 
|  63|0x000000070b400000, 0x000000070b600000, 0x000000070b600000|100%| E|CS|TAMS 0x000000070b400000| PB 0x000000070b400000| Complete 
|  64|0x000000070b600000, 0x000000070b800000, 0x000000070b800000|100%| E|CS|TAMS 0x000000070b600000| PB 0x000000070b600000| Complete 
|  65|0x000000070b800000, 0x000000070ba00000, 0x000000070ba00000|100%| E|CS|TAMS 0x000000070b800000| PB 0x000000070b800000| Complete 
|  66|0x000000070ba00000, 0x000000070bc00000, 0x000000070bc00000|100%| E|CS|TAMS 0x000000070ba00000| PB 0x000000070ba00000| Complete 
|  67|0x000000070bc00000, 0x000000070be00000, 0x000000070be00000|100%| E|CS|TAMS 0x000000070bc00000| PB 0x000000070bc00000| Complete 
|  68|0x000000070be00000, 0x000000070c000000, 0x000000070c000000|100%| E|CS|TAMS 0x000000070be00000| PB 0x000000070be00000| Complete 
|  69|0x000000070c000000, 0x000000070c200000, 0x000000070c200000|100%| E|CS|TAMS 0x000000070c000000| PB 0x000000070c000000| Complete 
|  70|0x000000070c200000, 0x000000070c400000, 0x000000070c400000|100%| E|CS|TAMS 0x000000070c200000| PB 0x000000070c200000| Complete 
|  71|0x000000070c400000, 0x000000070c600000, 0x000000070c600000|100%| E|CS|TAMS 0x000000070c400000| PB 0x000000070c400000| Complete 
|  99|0x000000070fc00000, 0x000000070fe00000, 0x000000070fe00000|100%| E|CS|TAMS 0x000000070fc00000| PB 0x000000070fc00000| Complete 
| 100|0x000000070fe00000, 0x0000000710000000, 0x0000000710000000|100%| E|CS|TAMS 0x000000070fe00000| PB 0x000000070fe00000| Complete 
| 101|0x0000000710000000, 0x0000000710200000, 0x0000000710200000|100%| E|CS|TAMS 0x0000000710000000| PB 0x0000000710000000| Complete 
| 102|0x0000000710200000, 0x0000000710400000, 0x0000000710400000|100%| E|CS|TAMS 0x0000000710200000| PB 0x0000000710200000| Complete 
| 126|0x0000000713200000, 0x0000000713400000, 0x0000000713400000|100%| E|CS|TAMS 0x0000000713200000| PB 0x0000000713200000| Complete 

Card table byte_map: [0x000001a8fdb00000,0x000001a8fe2f0000] _byte_map_base: 0x000001a8fa2e5000

Marking Bits: (CMBitMap*) 0x000001a8fe2f03e0
 Bits: [0x000001a880000000, 0x000001a883f28000)

Polling page: 0x000001a8e4e50000

Metaspace:

Usage:
  Non-class:     42.55 MB used.
      Class:      6.40 MB used.
       Both:     48.95 MB used.

Virtual space:
  Non-class space:       64.00 MB reserved,      42.81 MB ( 67%) committed,  1 nodes.
      Class space:        1.00 GB reserved,       6.69 MB ( <1%) committed,  1 nodes.
             Both:        1.06 GB reserved,      49.50 MB (  5%) committed. 

Chunk freelists:
   Non-Class:  4.98 MB
       Class:  9.30 MB
        Both:  14.28 MB

MaxMetaspaceSize: unlimited
CompressedClassSpaceSize: 1.00 GB
Initial GC threshold: 21.00 MB
Current GC threshold: 58.88 MB
CDS: on
 - commit_granule_bytes: 65536.
 - commit_granule_words: 8192.
 - virtual_space_node_default_size: 8388608.
 - enlarge_chunks_in_place: 1.
 - use_allocation_guard: 0.


Internal statistics:

num_allocs_failed_limit: 6.
num_arena_births: 764.
num_arena_deaths: 0.
num_vsnodes_births: 2.
num_vsnodes_deaths: 0.
num_space_committed: 792.
num_space_uncommitted: 0.
num_chunks_returned_to_freelist: 6.
num_chunks_taken_from_freelist: 2543.
num_chunk_merges: 3.
num_chunk_splits: 1828.
num_chunks_enlarged: 1398.
num_inconsistent_stats: 0.

CodeHeap 'non-profiled nmethods': size=120000Kb used=3079Kb max_used=3079Kb free=116920Kb
 bounds [0x000001a8f5cd0000, 0x000001a8f5fe0000, 0x000001a8fd200000]
CodeHeap 'profiled nmethods': size=120000Kb used=9674Kb max_used=9674Kb free=110325Kb
 bounds [0x000001a8ee200000, 0x000001a8eeb80000, 0x000001a8f5730000]
CodeHeap 'non-nmethods': size=5760Kb used=1745Kb max_used=1755Kb free=4014Kb
 bounds [0x000001a8f5730000, 0x000001a8f59a0000, 0x000001a8f5cd0000]
 total_blobs=5279 nmethods=4655 adapters=528
 compilation: enabled
              stopped_count=0, restarted_count=0
 full_count=0

Compilation events (20 events):
Event: 4.664 Thread 0x000001a8fe4d3aa0 4912       1       org.hibernate.service.spi.ServiceBinding::getService (5 bytes)
Event: 4.664 Thread 0x000001a8fe4d3aa0 nmethod 4912 0x000001a8f5fd0110 code [0x000001a8f5fd02a0, 0x000001a8f5fd0370]
Event: 4.667 Thread 0x000001a8fe4d3aa0 4913       3       java.lang.invoke.BoundMethodHandle$Species_L::copyWith (14 bytes)
Event: 4.667 Thread 0x000001a8fe4d3aa0 nmethod 4913 0x000001a8ee498e90 code [0x000001a8ee499040, 0x000001a8ee4992c0]
Event: 4.670 Thread 0x000001a8fe4d3aa0 4914       3       java.lang.ClassLoader::getParent (32 bytes)
Event: 4.670 Thread 0x000001a8fe4d3aa0 nmethod 4914 0x000001a8ee498990 code [0x000001a8ee498b40, 0x000001a8ee498d98]
Event: 4.672 Thread 0x000001a8fe4d3aa0 4916       3       java.nio.charset.CoderResult::isOverflow (14 bytes)
Event: 4.672 Thread 0x000001a8fe4d3aa0 nmethod 4916 0x000001a8ee498610 code [0x000001a8ee4987a0, 0x000001a8ee498900]
Event: 4.675 Thread 0x000001a8fe4d3aa0 4917       3       java.util.EnumSet::of (16 bytes)
Event: 4.676 Thread 0x000001a8fe4d3aa0 nmethod 4917 0x000001a8ee497f90 code [0x000001a8ee498180, 0x000001a8ee498478]
Event: 4.676 Thread 0x000001a8fe4d3aa0 4922       3       org.hibernate.validator.internal.util.TypeHelper::extractConstraintValidatorTypeArgumentType (89 bytes)
Event: 4.676 Thread 0x000001a8fe4d3aa0 nmethod 4922 0x000001a8ee496710 code [0x000001a8ee496a00, 0x000001a8ee497a70]
Event: 4.676 Thread 0x000001a8fe4d3aa0 4918       3       org.hibernate.validator.internal.engine.constraintvalidation.ConstraintValidatorDescriptor::forBuiltinClass (6 bytes)
Event: 4.677 Thread 0x000001a8fe4d3aa0 nmethod 4918 0x000001a8ee495f10 code [0x000001a8ee496100, 0x000001a8ee496580]
Event: 4.677 Thread 0x000001a8fe4d3aa0 4919       3       org.hibernate.validator.internal.engine.constraintvalidation.ClassBasedValidatorDescriptor::ofBuiltin (9 bytes)
Event: 4.677 Thread 0x000001a8fe4d3aa0 nmethod 4919 0x000001a8ee66bc10 code [0x000001a8ee66be00, 0x000001a8ee66c218]
Event: 4.677 Thread 0x000001a8fe4d3aa0 4920       3       org.hibernate.validator.internal.engine.constraintvalidation.ClassBasedValidatorDescriptor::<init> (26 bytes)
Event: 4.677 Thread 0x000001a8fe4d3aa0 nmethod 4920 0x000001a8ee66a490 code [0x000001a8ee66a780, 0x000001a8ee66b6a0]
Event: 4.677 Thread 0x000001a8fe4d3aa0 4921       3       org.hibernate.validator.internal.util.TypeHelper::extractValidatedType (6 bytes)
Event: 4.677 Thread 0x000001a8fe4d3aa0 nmethod 4921 0x000001a8ee495b10 code [0x000001a8ee495cc0, 0x000001a8ee495de0]

GC Heap History (16 events):
Event: 0.402 GC heap before
{Heap before GC invocations=0 (full 0):
 garbage-first heap   total 260096K, used 18432K [0x0000000703600000, 0x0000000800000000)
  region size 2048K, 10 young (20480K), 0 survivors (0K)
 Metaspace       used 4441K, committed 4608K, reserved 1114112K
  class space    used 503K, committed 576K, reserved 1048576K
}
Event: 0.405 GC heap after
{Heap after GC invocations=1 (full 0):
 garbage-first heap   total 260096K, used 7819K [0x0000000703600000, 0x0000000800000000)
  region size 2048K, 2 young (4096K), 2 survivors (4096K)
 Metaspace       used 4441K, committed 4608K, reserved 1114112K
  class space    used 503K, committed 576K, reserved 1048576K
}
Event: 0.701 GC heap before
{Heap before GC invocations=1 (full 0):
 garbage-first heap   total 260096K, used 28299K [0x0000000703600000, 0x0000000800000000)
  region size 2048K, 12 young (24576K), 2 survivors (4096K)
 Metaspace       used 10237K, committed 10560K, reserved 1114112K
  class space    used 1315K, committed 1472K, reserved 1048576K
}
Event: 0.704 GC heap after
{Heap after GC invocations=2 (full 0):
 garbage-first heap   total 260096K, used 9553K [0x0000000703600000, 0x0000000800000000)
  region size 2048K, 1 young (2048K), 1 survivors (2048K)
 Metaspace       used 10237K, committed 10560K, reserved 1114112K
  class space    used 1315K, committed 1472K, reserved 1048576K
}
Event: 1.113 GC heap before
{Heap before GC invocations=2 (full 0):
 garbage-first heap   total 260096K, used 52561K [0x0000000703600000, 0x0000000800000000)
  region size 2048K, 24 young (49152K), 1 survivors (2048K)
 Metaspace       used 21158K, committed 21504K, reserved 1114112K
  class space    used 2684K, committed 2816K, reserved 1048576K
}
Event: 1.117 GC heap after
{Heap after GC invocations=3 (full 0):
 garbage-first heap   total 260096K, used 13965K [0x0000000703600000, 0x0000000800000000)
  region size 2048K, 4 young (8192K), 4 survivors (8192K)
 Metaspace       used 21158K, committed 21504K, reserved 1114112K
  class space    used 2684K, committed 2816K, reserved 1048576K
}
Event: 1.448 GC heap before
{Heap before GC invocations=4 (full 0):
 garbage-first heap   total 55296K, used 38541K [0x0000000703600000, 0x0000000800000000)
  region size 2048K, 16 young (32768K), 4 survivors (8192K)
 Metaspace       used 23911K, committed 24320K, reserved 1114112K
  class space    used 3030K, committed 3200K, reserved 1048576K
}
Event: 1.454 GC heap after
{Heap after GC invocations=5 (full 0):
 garbage-first heap   total 55296K, used 16275K [0x0000000703600000, 0x0000000800000000)
  region size 2048K, 2 young (4096K), 2 survivors (4096K)
 Metaspace       used 23911K, committed 24320K, reserved 1114112K
  class space    used 3030K, committed 3200K, reserved 1048576K
}
Event: 1.896 GC heap before
{Heap before GC invocations=5 (full 0):
 garbage-first heap   total 55296K, used 36755K [0x0000000703600000, 0x0000000800000000)
  region size 2048K, 12 young (24576K), 2 survivors (4096K)
 Metaspace       used 26990K, committed 27392K, reserved 1114112K
  class space    used 3414K, committed 3584K, reserved 1048576K
}
Event: 1.901 GC heap after
{Heap after GC invocations=6 (full 0):
 garbage-first heap   total 55296K, used 17543K [0x0000000703600000, 0x0000000800000000)
  region size 2048K, 1 young (2048K), 1 survivors (2048K)
 Metaspace       used 26990K, committed 27392K, reserved 1114112K
  class space    used 3414K, committed 3584K, reserved 1048576K
}
Event: 2.783 GC heap before
{Heap before GC invocations=6 (full 0):
 garbage-first heap   total 55296K, used 40071K [0x0000000703600000, 0x0000000800000000)
  region size 2048K, 12 young (24576K), 1 survivors (2048K)
 Metaspace       used 31226K, committed 31744K, reserved 1114112K
  class space    used 4027K, committed 4288K, reserved 1048576K
}
Event: 2.789 GC heap after
{Heap after GC invocations=7 (full 0):
 garbage-first heap   total 55296K, used 19762K [0x0000000703600000, 0x0000000800000000)
  region size 2048K, 2 young (4096K), 2 survivors (4096K)
 Metaspace       used 31226K, committed 31744K, reserved 1114112K
  class space    used 4027K, committed 4288K, reserved 1048576K
}
Event: 3.465 GC heap before
{Heap before GC invocations=7 (full 0):
 garbage-first heap   total 55296K, used 36146K [0x0000000703600000, 0x0000000800000000)
  region size 2048K, 12 young (24576K), 2 survivors (4096K)
 Metaspace       used 35564K, committed 36096K, reserved 1114112K
  class space    used 4506K, committed 4736K, reserved 1048576K
}
Event: 3.473 GC heap after
{Heap after GC invocations=8 (full 0):
 garbage-first heap   total 55296K, used 21515K [0x0000000703600000, 0x0000000800000000)
  region size 2048K, 1 young (2048K), 1 survivors (2048K)
 Metaspace       used 35564K, committed 36096K, reserved 1114112K
  class space    used 4506K, committed 4736K, reserved 1048576K
}
Event: 3.950 GC heap before
{Heap before GC invocations=9 (full 0):
 garbage-first heap   total 55296K, used 44043K [0x0000000703600000, 0x0000000800000000)
  region size 2048K, 12 young (24576K), 1 survivors (2048K)
 Metaspace       used 41213K, committed 41792K, reserved 1114112K
  class space    used 5435K, committed 5696K, reserved 1048576K
}
Event: 3.954 GC heap after
{Heap after GC invocations=10 (full 0):
 garbage-first heap   total 157696K, used 23077K [0x0000000703600000, 0x0000000800000000)
  region size 2048K, 2 young (4096K), 2 survivors (4096K)
 Metaspace       used 41213K, committed 41792K, reserved 1114112K
  class space    used 5435K, committed 5696K, reserved 1048576K
}

Dll operation events (11 events):
Event: 0.009 Loaded shared library C:\Users\ndtminh\AppData\Local\Programs\Microsoft\jdk-21.0.6.7-hotspot\bin\java.dll
Event: 0.034 Loaded shared library C:\Users\ndtminh\AppData\Local\Programs\Microsoft\jdk-21.0.6.7-hotspot\bin\jsvml.dll
Event: 0.104 Loaded shared library C:\Users\ndtminh\AppData\Local\Programs\Microsoft\jdk-21.0.6.7-hotspot\bin\net.dll
Event: 0.108 Loaded shared library C:\Users\ndtminh\AppData\Local\Programs\Microsoft\jdk-21.0.6.7-hotspot\bin\nio.dll
Event: 0.111 Loaded shared library C:\Users\ndtminh\AppData\Local\Programs\Microsoft\jdk-21.0.6.7-hotspot\bin\zip.dll
Event: 0.194 Loaded shared library C:\Users\ndtminh\AppData\Local\Programs\Microsoft\jdk-21.0.6.7-hotspot\bin\jimage.dll
Event: 1.136 Loaded shared library C:\Users\ndtminh\AppData\Local\Programs\Microsoft\jdk-21.0.6.7-hotspot\bin\sunmscapi.dll
Event: 3.017 Loaded shared library C:\Users\ndtminh\AppData\Local\Programs\Microsoft\jdk-21.0.6.7-hotspot\bin\management.dll
Event: 3.021 Loaded shared library C:\Users\ndtminh\AppData\Local\Programs\Microsoft\jdk-21.0.6.7-hotspot\bin\management_ext.dll
Event: 3.797 Loaded shared library C:\Users\ndtminh\AppData\Local\Programs\Microsoft\jdk-21.0.6.7-hotspot\bin\verify.dll
Event: 4.014 Loaded shared library C:\Users\ndtminh\AppData\Local\Programs\Microsoft\jdk-21.0.6.7-hotspot\bin\extnet.dll

Deoptimization events (20 events):
Event: 4.453 Thread 0x000001a8cedd7ca0 DEOPT PACKING pc=0x000001a8f5f2b634 sp=0x000000752eaff2c0
Event: 4.453 Thread 0x000001a8cedd7ca0 DEOPT UNPACKING pc=0x000001a8f5787da2 sp=0x000000752eaff288 mode 2
Event: 4.469 Thread 0x000001a8e5b6dba0 Uncommon trap: trap_request=0xffffff45 fr.pc=0x000001a8f5f1c080 relative=0x00000000000000c0
Event: 4.469 Thread 0x000001a8e5b6dba0 Uncommon trap: reason=unstable_if action=reinterpret pc=0x000001a8f5f1c080 method=jdk.internal.misc.Unsafe.convEndian(ZI)I @ 4 c2
Event: 4.469 Thread 0x000001a8e5b6dba0 DEOPT PACKING pc=0x000001a8f5f1c080 sp=0x000000752cef9970
Event: 4.469 Thread 0x000001a8e5b6dba0 DEOPT UNPACKING pc=0x000001a8f5787da2 sp=0x000000752cef9808 mode 2
Event: 4.482 Thread 0x000001a8e5b6dba0 Uncommon trap: trap_request=0xffffffc6 fr.pc=0x000001a8f5dcf35c relative=0x000000000000083c
Event: 4.482 Thread 0x000001a8e5b6dba0 Uncommon trap: reason=bimorphic_or_optimized_type_check action=maybe_recompile pc=0x000001a8f5dcf35c method=java.util.HashMap.putVal(ILjava/lang/Object;Ljava/lang/Object;ZZ)Ljava/lang/Object; @ 253 c2
Event: 4.482 Thread 0x000001a8e5b6dba0 DEOPT PACKING pc=0x000001a8f5dcf35c sp=0x000000752cef9730
Event: 4.482 Thread 0x000001a8e5b6dba0 DEOPT UNPACKING pc=0x000001a8f5787da2 sp=0x000000752cef9658 mode 2
Event: 4.496 Thread 0x000001a8e5b6dba0 Uncommon trap: trap_request=0xffffffc6 fr.pc=0x000001a8f5dcf35c relative=0x000000000000083c
Event: 4.496 Thread 0x000001a8e5b6dba0 Uncommon trap: reason=bimorphic_or_optimized_type_check action=maybe_recompile pc=0x000001a8f5dcf35c method=java.util.HashMap.putVal(ILjava/lang/Object;Ljava/lang/Object;ZZ)Ljava/lang/Object; @ 253 c2
Event: 4.496 Thread 0x000001a8e5b6dba0 DEOPT PACKING pc=0x000001a8f5dcf35c sp=0x000000752cef9730
Event: 4.496 Thread 0x000001a8e5b6dba0 DEOPT UNPACKING pc=0x000001a8f5787da2 sp=0x000000752cef9658 mode 2
Event: 4.496 Thread 0x000001a8e5b6dba0 Uncommon trap: trap_request=0xffffffc6 fr.pc=0x000001a8f5dcf35c relative=0x000000000000083c
Event: 4.496 Thread 0x000001a8e5b6dba0 Uncommon trap: reason=bimorphic_or_optimized_type_check action=maybe_recompile pc=0x000001a8f5dcf35c method=java.util.HashMap.putVal(ILjava/lang/Object;Ljava/lang/Object;ZZ)Ljava/lang/Object; @ 253 c2
Event: 4.496 Thread 0x000001a8e5b6dba0 DEOPT PACKING pc=0x000001a8f5dcf35c sp=0x000000752cef9730
Event: 4.496 Thread 0x000001a8e5b6dba0 DEOPT UNPACKING pc=0x000001a8f5787da2 sp=0x000000752cef9658 mode 2
Event: 4.642 Thread 0x000001a8cedd7ca0 DEOPT PACKING pc=0x000001a8ee2561db sp=0x000000752eafe470
Event: 4.642 Thread 0x000001a8cedd7ca0 DEOPT UNPACKING pc=0x000001a8f57888e2 sp=0x000000752eafd940 mode 0

Classes loaded (20 events):
Event: 4.513 Loading class java/util/stream/ReduceOps$1ReducingSink
Event: 4.513 Loading class java/util/stream/ReduceOps$1ReducingSink done
Event: 4.591 Loading class javax/naming/RefAddr
Event: 4.591 Loading class javax/naming/RefAddr done
Event: 4.591 Loading class javax/naming/StringRefAddr
Event: 4.591 Loading class javax/naming/StringRefAddr done
Event: 4.626 Loading class java/util/concurrent/CompletableFuture
Event: 4.628 Loading class java/util/concurrent/CompletableFuture done
Event: 4.628 Loading class java/util/concurrent/CompletableFuture$AltResult
Event: 4.628 Loading class java/util/concurrent/CompletableFuture$AltResult done
Event: 4.628 Loading class java/util/concurrent/CompletableFuture$Completion
Event: 4.629 Loading class java/util/concurrent/CompletableFuture$AsynchronousCompletionTask
Event: 4.629 Loading class java/util/concurrent/CompletableFuture$AsynchronousCompletionTask done
Event: 4.629 Loading class java/util/concurrent/CompletableFuture$Completion done
Event: 4.673 Loading class java/util/WeakHashMap$EntrySet
Event: 4.673 Loading class java/util/WeakHashMap$EntrySet done
Event: 4.673 Loading class java/util/WeakHashMap$EntryIterator
Event: 4.673 Loading class java/util/WeakHashMap$HashIterator
Event: 4.673 Loading class java/util/WeakHashMap$HashIterator done
Event: 4.673 Loading class java/util/WeakHashMap$EntryIterator done

Classes unloaded (0 events):
No events

Classes redefined (0 events):
No events

Internal exceptions (20 events):
Event: 2.860 Thread 0x000001a8e5b6dba0 Exception <a 'java/lang/NoSuchMethodError'{0x0000000710228c90}: 'java.lang.Object java.lang.invoke.DirectMethodHandle$Holder.invokeStaticInit(java.lang.Object, java.lang.Object, int, int, int, int)'> (0x0000000710228c90) 
thrown [s\src\hotspot\share\interpreter\linkResolver.cpp, line 773]
Event: 2.980 Thread 0x000001a8e5b6dba0 Exception <a 'java/lang/NoSuchMethodError'{0x000000070fe2e708}: 'int java.lang.invoke.DirectMethodHandle$Holder.invokeVirtual(java.lang.Object, java.lang.Object, java.lang.Object, java.lang.Object)'> (0x000000070fe2e708) 
thrown [s\src\hotspot\share\interpreter\linkResolver.cpp, line 773]
Event: 2.980 Thread 0x000001a8e5b6dba0 Exception <a 'java/lang/NoSuchMethodError'{0x000000070fe31f98}: 'int java.lang.invoke.DelegatingMethodHandle$Holder.reinvoke_L(java.lang.Object, java.lang.Object, java.lang.Object, java.lang.Object)'> (0x000000070fe31f98) 
thrown [s\src\hotspot\share\interpreter\linkResolver.cpp, line 773]
Event: 3.048 Thread 0x000001a8e5b6dba0 Exception <a 'java/io/FileNotFoundException'{0x000000070ff3c5d8}> (0x000000070ff3c5d8) 
thrown [s\src\hotspot\share\prims\jni.cpp, line 520]
Event: 3.153 Thread 0x000001a8e5b6dba0 Exception <a 'java/lang/NoSuchMethodError'{0x000000070fde71e0}: 'int java.lang.invoke.DirectMethodHandle$Holder.invokeInterface(java.lang.Object, java.lang.Object, java.lang.Object, java.lang.Object)'> (0x000000070fde71e0) 
thrown [s\src\hotspot\share\interpreter\linkResolver.cpp, line 773]
Event: 3.215 Thread 0x000001a8e5b6dba0 Exception <a 'java/lang/NoSuchMethodError'{0x0000000706149b70}: 'void java.lang.invoke.Invokers$Holder.invokeExact_MT(java.lang.Object, java.lang.Object, java.lang.Object, java.lang.Object)'> (0x0000000706149b70) 
thrown [s\src\hotspot\share\interpreter\linkResolver.cpp, line 773]
Event: 3.351 Thread 0x000001a8e5b6dba0 Exception <a 'java/lang/NoSuchMethodError'{0x0000000705fc7b58}: 'java.lang.Object java.lang.invoke.DirectMethodHandle$Holder.newInvokeSpecial(java.lang.Object, java.lang.Object, java.lang.Object, java.lang.Object, java.lang.Object, java.lang.Object, java.lang.Object, java.lang.Object, java.lang.Object, java.lang.Object, java.lang.Object, java.lang.Object)'> (0x0000000705fc7b58) 
thrown [s\src\hotspot\share\interpreter\linkResolver.cpp, line 773]
Event: 3.351 Thread 0x000001a8e5b6dba0 Exception <a 'java/lang/NoSuchMethodError'{0x0000000705fcd310}: 'java.lang.Object java.lang.invoke.DirectMethodHandle$Holder.invokeSpecial(java.lang.Object, java.lang.Object, java.lang.Object, java.lang.Object, java.lang.Object, java.lang.Object, java.lang.Object, java.lang.Object, java.lang.Object, java.lang.Object, java.lang.Object, java.lang.Object, java.lang.Object)'> (0x0000000705fcd310) 
thrown [s\src\hotspot\share\interpreter\linkResolver.cpp, line 773]
Event: 3.436 Thread 0x000001a8e5b6dba0 Exception <a 'java/lang/NoSuchMethodError'{0x0000000705b27440}: 'void java.lang.invoke.DelegatingMethodHandle$Holder.reinvoke_L(java.lang.Object, java.lang.Object, java.lang.Object, java.lang.Object, int, java.lang.Object, java.lang.Object, java.lang.Object)'> (0x0000000705b27440) 
thrown [s\src\hotspot\share\interpreter\linkResolver.cpp, line 773]
Event: 3.968 Thread 0x000001a8e5b6dba0 Exception <a 'java/lang/NoSuchMethodError'{0x00000007132a6598}: 'int java.lang.invoke.DirectMethodHandle$Holder.invokeStatic(java.lang.Object)'> (0x00000007132a6598) 
thrown [s\src\hotspot\share\interpreter\linkResolver.cpp, line 773]
Event: 3.975 Thread 0x000001a8e5b6dba0 Implicit null exception at 0x000001a8f5f254b3 to 0x000001a8f5f25b44
Event: 3.982 Thread 0x000001a8e5b6dba0 Exception <a 'java/lang/NoSuchMethodError'{0x0000000713369368}: method resolution failed> (0x0000000713369368) 
thrown [s\src\hotspot\share\prims\methodHandles.cpp, line 1144]
Event: 3.990 Thread 0x000001a8e5b6dba0 Exception <a 'java/lang/NoSuchMethodError'{0x00000007133b7178}: 'int java.lang.invoke.DirectMethodHandle$Holder.invokeStaticInit(java.lang.Object, java.lang.Object, java.lang.Object, java.lang.Object)'> (0x00000007133b7178) 
thrown [s\src\hotspot\share\interpreter\linkResolver.cpp, line 773]
Event: 4.112 Thread 0x000001a8e5b6dba0 Exception <a 'sun/nio/fs/WindowsException'{0x0000000710324a98}> (0x0000000710324a98) 
thrown [s\src\hotspot\share\prims\jni.cpp, line 520]
Event: 4.129 Thread 0x000001a8e5b6dba0 Exception <a 'java/lang/NoSuchMethodError'{0x00000007103e04b0}: 'int java.lang.invoke.DirectMethodHandle$Holder.invokeInterface(java.lang.Object, java.lang.Object, int)'> (0x00000007103e04b0) 
thrown [s\src\hotspot\share\interpreter\linkResolver.cpp, line 773]
Event: 4.129 Thread 0x000001a8e5b6dba0 Exception <a 'java/lang/IncompatibleClassChangeError'{0x00000007103e3fd8}: Found class java.lang.Object, but interface was expected> (0x00000007103e3fd8) 
thrown [s\src\hotspot\share\interpreter\linkResolver.cpp, line 840]
Event: 4.193 Thread 0x000001a8e5b6dba0 Implicit null exception at 0x000001a8f5f20cfc to 0x000001a8f5f20db4
Event: 4.296 Thread 0x000001a8e5b6dba0 Exception <a 'java/lang/NoSuchMethodError'{0x000000070c529ea0}: 'java.lang.Object java.lang.invoke.DirectMethodHandle$Holder.invokeStaticInit(java.lang.Object, java.lang.Object, java.lang.Object, java.lang.Object)'> (0x000000070c529ea0) 
thrown [s\src\hotspot\share\interpreter\linkResolver.cpp, line 773]
Event: 4.314 Thread 0x000001a8e5b6dba0 Exception <a 'java/lang/NoSuchMethodError'{0x000000070c5ed0b0}: 'int java.lang.invoke.Invokers$Holder.invokeExact_MT(java.lang.Object, java.lang.Object)'> (0x000000070c5ed0b0) 
thrown [s\src\hotspot\share\interpreter\linkResolver.cpp, line 773]
Event: 4.538 Thread 0x000001a8e5b6dba0 Exception <a 'java/lang/NoSuchMethodError'{0x000000070b894d60}: 'java.lang.Object java.lang.invoke.DirectMethodHandle$Holder.invokeSpecial(java.lang.Object, java.lang.Object, java.lang.Object, long, long)'> (0x000000070b894d60) 
thrown [s\src\hotspot\share\interpreter\linkResolver.cpp, line 773]

ZGC Phase Switch (0 events):
No events

VM Operations (20 events):
Event: 3.036 Executing VM operation: HandshakeAllThreads (Deoptimize)
Event: 3.036 Executing VM operation: HandshakeAllThreads (Deoptimize) done
Event: 3.093 Executing VM operation: HandshakeAllThreads (Deoptimize)
Event: 3.093 Executing VM operation: HandshakeAllThreads (Deoptimize) done
Event: 3.465 Executing VM operation: CollectForMetadataAllocation (Metadata GC Threshold)
Event: 3.473 Executing VM operation: CollectForMetadataAllocation (Metadata GC Threshold) done
Event: 3.484 Executing VM operation: G1PauseRemark
Event: 3.489 Executing VM operation: G1PauseRemark done
Event: 3.495 Executing VM operation: G1PauseCleanup
Event: 3.495 Executing VM operation: G1PauseCleanup done
Event: 3.528 Executing VM operation: HandshakeAllThreads (Deoptimize)
Event: 3.528 Executing VM operation: HandshakeAllThreads (Deoptimize) done
Event: 3.950 Executing VM operation: G1CollectForAllocation (G1 Evacuation Pause)
Event: 3.954 Executing VM operation: G1CollectForAllocation (G1 Evacuation Pause) done
Event: 4.113 Executing VM operation: HandshakeAllThreads (Deoptimize)
Event: 4.113 Executing VM operation: HandshakeAllThreads (Deoptimize) done
Event: 4.117 Executing VM operation: HandshakeAllThreads (Deoptimize)
Event: 4.117 Executing VM operation: HandshakeAllThreads (Deoptimize) done
Event: 4.127 Executing VM operation: HandshakeAllThreads (Deoptimize)
Event: 4.127 Executing VM operation: HandshakeAllThreads (Deoptimize) done

Memory protections (0 events):
No events

Nmethod flushes (20 events):
Event: 3.489 Thread 0x000001a8fe49ef80 flushing  nmethod 0x000001a8ee3cb490
Event: 3.489 Thread 0x000001a8fe49ef80 flushing  nmethod 0x000001a8ee3e0b10
Event: 3.489 Thread 0x000001a8fe49ef80 flushing  nmethod 0x000001a8ee404f10
Event: 3.489 Thread 0x000001a8fe49ef80 flushing  nmethod 0x000001a8ee406e10
Event: 3.489 Thread 0x000001a8fe49ef80 flushing  nmethod 0x000001a8ee408590
Event: 3.489 Thread 0x000001a8fe49ef80 flushing  nmethod 0x000001a8ee408b90
Event: 3.489 Thread 0x000001a8fe49ef80 flushing  nmethod 0x000001a8ee40e290
Event: 3.489 Thread 0x000001a8fe49ef80 flushing  nmethod 0x000001a8ee437c10
Event: 3.489 Thread 0x000001a8fe49ef80 flushing  nmethod 0x000001a8ee437f90
Event: 3.489 Thread 0x000001a8fe49ef80 flushing  nmethod 0x000001a8ee476090
Event: 3.489 Thread 0x000001a8fe49ef80 flushing  nmethod 0x000001a8ee476690
Event: 3.489 Thread 0x000001a8fe49ef80 flushing  nmethod 0x000001a8ee491790
Event: 3.489 Thread 0x000001a8fe49ef80 flushing  nmethod 0x000001a8ee492010
Event: 3.489 Thread 0x000001a8fe49ef80 flushing  nmethod 0x000001a8ee4a9f90
Event: 3.489 Thread 0x000001a8fe49ef80 flushing  nmethod 0x000001a8ee4e4f10
Event: 3.489 Thread 0x000001a8fe49ef80 flushing  nmethod 0x000001a8ee4f5310
Event: 3.489 Thread 0x000001a8fe49ef80 flushing  nmethod 0x000001a8ee57d690
Event: 3.489 Thread 0x000001a8fe49ef80 flushing  nmethod 0x000001a8ee5a3710
Event: 3.489 Thread 0x000001a8fe49ef80 flushing  nmethod 0x000001a8ee604c90
Event: 3.489 Thread 0x000001a8fe49ef80 flushing  nmethod 0x000001a8ee672090

Events (20 events):
Event: 0.031 Thread 0x000001a8e5b6dba0 Thread added: 0x000001a8fe4bd8f0
Event: 0.031 Thread 0x000001a8e5b6dba0 Thread added: 0x000001a8fe4c07a0
Event: 0.031 Thread 0x000001a8e5b6dba0 Thread added: 0x000001a8fe4c5a00
Event: 0.031 Thread 0x000001a8e5b6dba0 Thread added: 0x000001a8fe4c69d0
Event: 0.032 Thread 0x000001a8e5b6dba0 Thread added: 0x000001a8fe4c9950
Event: 0.032 Thread 0x000001a8e5b6dba0 Thread added: 0x000001a8fe4cc9c0
Event: 0.032 Thread 0x000001a8e5b6dba0 Thread added: 0x000001a8fe4d3aa0
Event: 0.099 Thread 0x000001a8e5b6dba0 Thread added: 0x000001a8c71c4e20
Event: 0.101 Thread 0x000001a8e5b6dba0 Thread added: 0x000001a8c71cb210
Event: 0.406 Thread 0x000001a8fe4cc9c0 Thread added: 0x000001a8cc181610
Event: 0.660 Thread 0x000001a8e5b6dba0 Thread added: 0x000001a8cc3292e0
Event: 1.059 Thread 0x000001a8e5b6dba0 Thread added: 0x000001a8cc981710
Event: 1.086 Thread 0x000001a8cc981710 Thread exited: 0x000001a8cc981710
Event: 1.158 Thread 0x000001a8cc3292e0 Thread exited: 0x000001a8cc3292e0
Event: 4.115 Thread 0x000001a8cc181610 Thread exited: 0x000001a8cc181610
Event: 4.136 Thread 0x000001a8fe4d3aa0 Thread added: 0x000001a8cc181610
Event: 4.201 Thread 0x000001a8e5b6dba0 Thread added: 0x000001a8cee908f0
Event: 4.212 Thread 0x000001a8e5b6dba0 Thread added: 0x000001a8cda38060
Event: 4.321 Thread 0x000001a8cda38060 Thread added: 0x000001a8cedd7ca0
Event: 4.670 Thread 0x000001a8cc181610 Thread exited: 0x000001a8cc181610


Dynamic libraries:
0x00007ff6715b0000 - 0x00007ff6715be000 	C:\Users\ndtminh\AppData\Local\Programs\Microsoft\jdk-21.0.6.7-hotspot\bin\java.exe
0x00007ff979420000 - 0x00007ff979688000 	C:\WINDOWS\SYSTEM32\ntdll.dll
0x00007ff9779f0000 - 0x00007ff977ab9000 	C:\WINDOWS\System32\KERNEL32.DLL
0x00007ff976c50000 - 0x00007ff97703d000 	C:\WINDOWS\System32\KERNELBASE.dll
0x00007ff976800000 - 0x00007ff97694b000 	C:\WINDOWS\System32\ucrtbase.dll
0x00007ff94f120000 - 0x00007ff94f13d000 	C:\Users\ndtminh\AppData\Local\Programs\Microsoft\jdk-21.0.6.7-hotspot\bin\VCRUNTIME140.dll
0x00007ff9500c0000 - 0x00007ff9500d8000 	C:\Users\ndtminh\AppData\Local\Programs\Microsoft\jdk-21.0.6.7-hotspot\bin\jli.dll
0x00007ff977720000 - 0x00007ff9778ec000 	C:\WINDOWS\System32\USER32.dll
0x00007ff94a270000 - 0x00007ff94a50a000 	C:\WINDOWS\WinSxS\amd64_microsoft.windows.common-controls_6595b64144ccf1df_6.0.26100.4484_none_3e0e6d4ce32ef3b3\COMCTL32.dll
0x00007ff976ad0000 - 0x00007ff976af7000 	C:\WINDOWS\System32\win32u.dll
0x00007ff977590000 - 0x00007ff977639000 	C:\WINDOWS\System32\msvcrt.dll
0x00007ff979100000 - 0x00007ff97912b000 	C:\WINDOWS\System32\GDI32.dll
0x00007ff976610000 - 0x00007ff976747000 	C:\WINDOWS\System32\gdi32full.dll
0x00007ff976750000 - 0x00007ff9767f3000 	C:\WINDOWS\System32\msvcp_win.dll
0x00007ff9774e0000 - 0x00007ff97750f000 	C:\WINDOWS\System32\IMM32.DLL
0x00007ff94c630000 - 0x00007ff94c6e1000 	C:\Program Files\McAfee\Endpoint Security\Threat Prevention\Ips\EpMPApi.dll
0x00007ff978810000 - 0x00007ff978928000 	C:\WINDOWS\System32\RPCRT4.dll
0x00007ff977c50000 - 0x00007ff977d04000 	C:\WINDOWS\System32\ADVAPI32.dll
0x00007ff9782d0000 - 0x00007ff978376000 	C:\WINDOWS\System32\sechost.dll
0x00007ff976bc0000 - 0x00007ff976c44000 	C:\WINDOWS\System32\WINTRUST.dll
0x00007ff976950000 - 0x00007ff976ac7000 	C:\WINDOWS\System32\CRYPT32.dll
0x00007ff975da0000 - 0x00007ff975db3000 	C:\WINDOWS\SYSTEM32\MSASN1.dll
0x0000000065e70000 - 0x0000000065e7c000 	C:\Program Files\McAfee\Endpoint Security\Threat Prevention\Ips\EpMPThe.dll
0x00007ff960350000 - 0x00007ff9603ab000 	C:\Program Files\McAfee\Endpoint Security\Threat Prevention\Ips\HIPHandlers64.dll
0x00007ff978930000 - 0x00007ff97907a000 	C:\WINDOWS\System32\SHELL32.dll
0x00007ff977040000 - 0x00007ff9771b4000 	C:\WINDOWS\System32\wintypes.dll
0x00007ff977de0000 - 0x00007ff978166000 	C:\WINDOWS\System32\combase.dll
0x00007ff977520000 - 0x00007ff97758a000 	C:\WINDOWS\System32\SHLWAPI.dll
0x00007ff974a70000 - 0x00007ff974aa3000 	C:\WINDOWS\SYSTEM32\IPHLPAPI.DLL
0x00007ff961a10000 - 0x00007ff961c51000 	C:\WINDOWS\SYSTEM32\dbghelp.dll
0x00007ff9781d0000 - 0x00007ff9782b0000 	C:\WINDOWS\System32\OLEAUT32.dll
0x00007ff966340000 - 0x00007ff96634c000 	C:\Users\ndtminh\AppData\Local\Programs\Microsoft\jdk-21.0.6.7-hotspot\bin\vcruntime140_1.dll
0x00007ff910d00000 - 0x00007ff910d8d000 	C:\Users\ndtminh\AppData\Local\Programs\Microsoft\jdk-21.0.6.7-hotspot\bin\msvcp140.dll
0x00007ff830620000 - 0x00007ff8313b8000 	C:\Users\ndtminh\AppData\Local\Programs\Microsoft\jdk-21.0.6.7-hotspot\bin\server\jvm.dll
0x00007ff979080000 - 0x00007ff9790f4000 	C:\WINDOWS\System32\WS2_32.dll
0x00007ff975c70000 - 0x00007ff975cce000 	C:\WINDOWS\SYSTEM32\POWRPROF.dll
0x00007ff963d60000 - 0x00007ff963d95000 	C:\WINDOWS\SYSTEM32\WINMM.dll
0x00007ff968f70000 - 0x00007ff968f7b000 	C:\WINDOWS\SYSTEM32\VERSION.dll
0x00007ff975c20000 - 0x00007ff975c34000 	C:\WINDOWS\SYSTEM32\UMPDC.dll
0x00007ff9752d0000 - 0x00007ff9752eb000 	C:\WINDOWS\SYSTEM32\kernel.appcore.dll
0x00007ff9530e0000 - 0x00007ff9530ea000 	C:\Users\ndtminh\AppData\Local\Programs\Microsoft\jdk-21.0.6.7-hotspot\bin\jimage.dll
0x00007ff9436f0000 - 0x00007ff943733000 	C:\WINDOWS\SYSTEM32\dbgcore.DLL
0x00007ff976570000 - 0x00007ff976609000 	C:\WINDOWS\System32\bcryptPrimitives.dll
0x00007ff94f100000 - 0x00007ff94f120000 	C:\Users\ndtminh\AppData\Local\Programs\Microsoft\jdk-21.0.6.7-hotspot\bin\java.dll
0x00007ff973f80000 - 0x00007ff9747db000 	C:\WINDOWS\SYSTEM32\windows.storage.dll
0x00007ff9778f0000 - 0x00007ff9779e5000 	C:\WINDOWS\System32\SHCORE.dll
0x00007ff976480000 - 0x00007ff9764af000 	C:\WINDOWS\SYSTEM32\profapi.dll
0x00007ff90ef10000 - 0x00007ff90efe7000 	C:\Users\ndtminh\AppData\Local\Programs\Microsoft\jdk-21.0.6.7-hotspot\bin\jsvml.dll
0x00007ff9500b0000 - 0x00007ff9500c0000 	C:\Users\ndtminh\AppData\Local\Programs\Microsoft\jdk-21.0.6.7-hotspot\bin\net.dll
0x00007ff96dec0000 - 0x00007ff96dfde000 	C:\WINDOWS\SYSTEM32\WINHTTP.dll
0x00007ff975840000 - 0x00007ff9758aa000 	C:\WINDOWS\system32\mswsock.dll
0x00007ff943030000 - 0x00007ff943046000 	C:\Users\ndtminh\AppData\Local\Programs\Microsoft\jdk-21.0.6.7-hotspot\bin\nio.dll
0x00007ff943010000 - 0x00007ff943028000 	C:\Users\ndtminh\AppData\Local\Programs\Microsoft\jdk-21.0.6.7-hotspot\bin\zip.dll
0x00007ff943000000 - 0x00007ff94300e000 	C:\Users\ndtminh\AppData\Local\Programs\Microsoft\jdk-21.0.6.7-hotspot\bin\sunmscapi.dll
0x00007ff975e90000 - 0x00007ff975ec0000 	C:\WINDOWS\SYSTEM32\ncrypt.dll
0x00007ff975e40000 - 0x00007ff975e7f000 	C:\WINDOWS\SYSTEM32\NTASN1.dll
0x00007ff975d40000 - 0x00007ff975d5b000 	C:\WINDOWS\SYSTEM32\CRYPTSP.dll
0x00007ff975230000 - 0x00007ff97526b000 	C:\WINDOWS\system32\rsaenh.dll
0x00007ff9758e0000 - 0x00007ff97590b000 	C:\WINDOWS\SYSTEM32\USERENV.dll
0x00007ff976450000 - 0x00007ff976476000 	C:\WINDOWS\SYSTEM32\bcrypt.dll
0x00007ff975af0000 - 0x00007ff975afc000 	C:\WINDOWS\SYSTEM32\CRYPTBASE.dll
0x00007ff977710000 - 0x00007ff97771a000 	C:\WINDOWS\System32\NSI.dll
0x00007ff941030000 - 0x00007ff94103a000 	C:\Users\ndtminh\AppData\Local\Programs\Microsoft\jdk-21.0.6.7-hotspot\bin\management.dll
0x00007ff9346a0000 - 0x00007ff9346ab000 	C:\Users\ndtminh\AppData\Local\Programs\Microsoft\jdk-21.0.6.7-hotspot\bin\management_ext.dll
0x00007ff979130000 - 0x00007ff979138000 	C:\WINDOWS\System32\PSAPI.DLL
0x00007ff933f50000 - 0x00007ff933f60000 	C:\Users\ndtminh\AppData\Local\Programs\Microsoft\jdk-21.0.6.7-hotspot\bin\verify.dll
0x00007ff974ab0000 - 0x00007ff974bd6000 	C:\WINDOWS\SYSTEM32\DNSAPI.dll
0x00007ff96d440000 - 0x00007ff96d44b000 	C:\Windows\System32\rasadhlp.dll
0x00007ff96fe40000 - 0x00007ff96fec6000 	C:\WINDOWS\System32\fwpuclnt.dll
0x00007ff933f70000 - 0x00007ff933f79000 	C:\Users\ndtminh\AppData\Local\Programs\Microsoft\jdk-21.0.6.7-hotspot\bin\extnet.dll

dbghelp: loaded successfully - version: 4.0.5 - missing functions: none
symbol engine: initialized successfully - sym options: 0x614 - pdb path: .;C:\Users\ndtminh\AppData\Local\Programs\Microsoft\jdk-21.0.6.7-hotspot\bin;C:\WINDOWS\SYSTEM32;C:\WINDOWS\WinSxS\amd64_microsoft.windows.common-controls_6595b64144ccf1df_6.0.26100.4484_none_3e0e6d4ce32ef3b3;C:\Program Files\McAfee\Endpoint Security\Threat Prevention\Ips;C:\Users\ndtminh\AppData\Local\Programs\Microsoft\jdk-21.0.6.7-hotspot\bin\server

VM Arguments:
jvm_args: -XX:+ShowCodeDetailsInExceptionMessages 
java_command: com.example.demo_testing.DemoTestingApplication
java_class_path (initial): D:\demo-java\demo-testing\target\classes;C:\Users\ndtminh\.m2\repository\org\projectlombok\lombok-mapstruct-binding\0.2.0\lombok-mapstruct-binding-0.2.0.jar;C:\Users\ndtminh\.m2\repository\org\mapstruct\mapstruct\1.6.3\mapstruct-1.6.3.jar;C:\Users\ndtminh\.m2\repository\io\jsonwebtoken\jjwt-impl\0.13.0\jjwt-impl-0.13.0.jar;C:\Users\ndtminh\.m2\repository\io\jsonwebtoken\jjwt-jackson\0.13.0\jjwt-jackson-0.13.0.jar;C:\Users\ndtminh\.m2\repository\com\fasterxml\jackson\core\jackson-databind\2.19.2\jackson-databind-2.19.2.jar;C:\Users\ndtminh\.m2\repository\com\fasterxml\jackson\core\jackson-annotations\2.19.2\jackson-annotations-2.19.2.jar;C:\Users\ndtminh\.m2\repository\com\fasterxml\jackson\core\jackson-core\2.19.2\jackson-core-2.19.2.jar;C:\Users\ndtminh\.m2\repository\io\jsonwebtoken\jjwt-api\0.13.0\jjwt-api-0.13.0.jar;C:\Users\ndtminh\.m2\repository\org\springframework\boot\spring-boot-starter-data-jpa\3.5.5\spring-boot-starter-data-jpa-3.5.5.jar;C:\Users\ndtminh\.m2\repository\org\springframework\boot\spring-boot-starter\3.5.5\spring-boot-starter-3.5.5.jar;C:\Users\ndtminh\.m2\repository\org\springframework\boot\spring-boot\3.5.5\spring-boot-3.5.5.jar;C:\Users\ndtminh\.m2\repository\org\springframework\boot\spring-boot-autoconfigure\3.5.5\spring-boot-autoconfigure-3.5.5.jar;C:\Users\ndtminh\.m2\repository\org\springframework\boot\spring-boot-starter-logging\3.5.5\spring-boot-starter-logging-3.5.5.jar;C:\Users\ndtminh\.m2\repository\ch\qos\logback\logback-classic\1.5.18\logback-classic-1.5.18.jar;C:\Users\ndtminh\.m2\repository\ch\qos\logback\logback-core\1.5.18\logback-core-1.5.18.jar;C:\Users\ndtminh\.m2\repository\org\apache\logging\log4j\log4j-to-slf4j\2.24.3\log4j-to-slf4j-2.24.3.jar;C:\Users\ndtminh\.m2\repository\org\apache\logging\log4j\log4j-api\2.24.3\log4j-api-2.24.3.jar;C:\Users\ndtminh\.m2\repository\org\slf4j\jul-to-slf4j\2.0.17\jul-to-slf4j-2.0.17.jar;C:\Users\ndtminh\.m2\repository\jakarta\annotation\jakarta.annotation-api\2.1.1\jakarta.annotation-api-2.1.1.jar;C:\Users\ndtminh\.m2\repository\org\yaml\snakeyaml\2.4\snakeyaml-2.4.jar;C:\Users\ndtminh\.m2\repository\org\springframework\boot\spring-boot-starter-jdbc\3.5.5\spring-boot-starter-jdbc-3.5.5.jar;C:\Users\ndtminh\.m2\repository\com\zaxxer\HikariCP\6.3.2\HikariCP-6.3.2.jar;C:\Users\ndtminh\.m2\repository\org\springframework\spring-jdbc\6.2.10\spring-jdbc-6.2.10.jar;C:\Users\ndtminh\.m2\repository\org\hibernate\orm\hibernate-core\6.6.26.Final\hibernate-core-6.6.26.Final.jar;C:\Users\ndtminh\.m2\repository\jakarta\persistence\jakarta.persistence-api\3.1.0\jakarta.persistence-api-3.1.0.jar;C:\Users\ndtminh\.m2\repository\jakarta\transaction\jakarta.transaction-api\2.0.1\jakarta.transaction-api-2.0.1.jar;C:\Users\ndtminh\.m2\repository\org\jboss\logging\jboss-logging\3.6.1.Final\jboss-logging-3.6.1.Final.jar;C:\Users\ndtminh\.m2\repository\org\hibernate\common\hibernate-commons-annotations\7.0.3.Final\hibernate-commons-annotations-7.0.3.Final.jar;C:\Users\ndtminh\.m2\repository\io\smallrye\jandex\3.2.0\jandex-3.2.0.jar;C:\Users\ndtminh\.m2\repository\com\fasterxml\classmate\1.7.0\classmate-1.7.0.jar;C:\Users\ndtminh\.m2\repository\net\bytebuddy\byte-buddy\1.17.7\byte-buddy-1.17.7.jar;C:\Users\ndtminh\.m2\repository\org\glassfish\jaxb\jaxb-runtime\4.0.5\jaxb-runtime-4.0.5.jar;C:\Users\ndtminh\.m2\repository\org\glassfish\jaxb\jaxb-core\4.0.5\jaxb-core-4.0.5.jar;C:\Users\ndtminh\.m2\repository\org\eclipse\angus\angus-activation\2.0.2\angus-activation-2.0.2.jar;C:\Users\ndtminh\.m2\repository\org\glassfish\jaxb\txw2\4.0.5\txw2-4.0.5.jar;C:\Users\ndtminh\.m2\repository\com\sun\istack\istack-commons-runtime\4.1.2\istack-commons-runtime-4.1.2.jar;C:\Users\ndtminh\.m2\repository\jakarta\inject\jakarta.inject-api\2.0.1\jakarta.inject-api-2.0.1.jar;C:\Users\ndtminh\.m2\repository\org\antlr\antlr4-runtime\4.13.0\antlr4-runtime-4.13.0.jar;C:\Users\ndtminh\.m2\repository\org\springframework\data\spring-data-jpa\3.5.3\spring-data-jpa-3.5.3.jar;C:\Users\ndtminh\.m2\repository\org\springframework\data\spring-data-commons\3.5.3\spring-data-commons-3.5.3.jar;C:\Users\ndtminh\.m2\repository\org\springframework\spring-orm\6.2.10\spring-orm-6.2.10.jar;C:\Users\ndtminh\.m2\repository\org\springframework\spring-tx\6.2.10\spring-tx-6.2.10.jar;C:\Users\ndtminh\.m2\repository\org\slf4j\slf4j-api\2.0.17\slf4j-api-2.0.17.jar;C:\Users\ndtminh\.m2\repository\org\springframework\spring-aspects\6.2.10\spring-aspects-6.2.10.jar;C:\Users\ndtminh\.m2\repository\org\aspectj\aspectjweaver\1.9.24\aspectjweaver-1.9.24.jar;C:\Users\ndtminh\.m2\repository\org\springframework\boot\spring-boot-starter-web\3.5.5\spring-boot-starter-web-3.5.5.jar;C:\Users\ndtminh\.m2\repository\org\springframework\boot\spring-boot-starter-json\3.5.5\spring-boot-starter-json-3.5.5.jar;C:\Users\ndtminh\.m2\repository\com\fasterxml\jackson\datatype\jackson-datatype-jdk8\2.19.2\jackson-datatype-jdk8-2.19.2.jar;C:\Users\ndtminh\.m2\repository\com\fasterxml\jackson\datatype\jackson-datatype-jsr310\2.19.2\jackson-datatype-jsr310-2.19.2.jar;C:\Users\ndtminh\.m2\repository\com\fasterxml\jackson\module\jackson-module-parameter-names\2.19.2\jackson-module-parameter-names-2.19.2.jar;C:\Users\ndtminh\.m2\repository\org\springframework\boot\spring-boot-starter-tomcat\3.5.5\spring-boot-starter-tomcat-3.5.5.jar;C:\Users\ndtminh\.m2\repository\org\apache\tomcat\embed\tomcat-embed-core\10.1.44\tomcat-embed-core-10.1.44.jar;C:\Users\ndtminh\.m2\repository\org\apache\tomcat\embed\tomcat-embed-websocket\10.1.44\tomcat-embed-websocket-10.1.44.jar;C:\Users\ndtminh\.m2\repository\org\springframework\spring-web\6.2.10\spring-web-6.2.10.jar;C:\Users\ndtminh\.m2\repository\io\micrometer\micrometer-observation\1.15.3\micrometer-observation-1.15.3.jar;C:\Users\ndtminh\.m2\repository\io\micrometer\micrometer-commons\1.15.3\micrometer-commons-1.15.3.jar;C:\Users\ndtminh\.m2\repository\org\springframework\spring-webmvc\6.2.10\spring-webmvc-6.2.10.jar;C:\Users\ndtminh\.m2\repository\org\springframework\security\spring-security-web\6.5.3\spring-security-web-6.5.3.jar;C:\Users\ndtminh\.m2\repository\org\springframework\security\spring-security-core\6.5.3\spring-security-core-6.5.3.jar;C:\Users\ndtminh\.m2\repository\org\springframework\security\spring-security-crypto\6.5.3\spring-security-crypto-6.5.3.jar;C:\Users\ndtminh\.m2\repository\org\springframework\spring-core\6.2.10\spring-core-6.2.10.jar;C:\Users\ndtminh\.m2\repository\org\springframework\spring-jcl\6.2.10\spring-jcl-6.2.10.jar;C:\Users\ndtminh\.m2\repository\org\springframework\spring-aop\6.2.10\spring-aop-6.2.10.jar;C:\Users\ndtminh\.m2\repository\org\springframework\spring-beans\6.2.10\spring-beans-6.2.10.jar;C:\Users\ndtminh\.m2\repository\org\springframework\spring-context\6.2.10\spring-context-6.2.10.jar;C:\Users\ndtminh\.m2\repository\org\springframework\spring-expression\6.2.10\spring-expression-6.2.10.jar;C:\Users\ndtminh\.m2\repository\org\springframework\security\spring-security-config\6.5.3\spring-security-config-6.5.3.jar;C:\Users\ndtminh\.m2\repository\org\springframework\boot\spring-boot-starter-validation\3.5.5\spring-boot-starter-validation-3.5.5.jar;C:\Users\ndtminh\.m2\repository\org\apache\tomcat\embed\tomcat-embed-el\10.1.44\tomcat-embed-el-10.1.44.jar;C:\Users\ndtminh\.m2\repository\org\hibernate\validator\hibernate-validator\8.0.3.Final\hibernate-validator-8.0.3.Final.jar;C:\Users\ndtminh\.m2\repository\jakarta\validation\jakarta.validation-api\3.0.2\jakarta.validation-api-3.0.2.jar;C:\Users\ndtminh\.m2\repository\org\postgresql\postgresql\42.7.7\postgresql-42.7.7.jar;C:\Users\ndtminh\.m2\repository\org\checkerframework\checker-qual\3.49.3\checker-qual-3.49.3.jar;C:\Users\ndtminh\.m2\repository\org\projectlombok\lombok\1.18.38\lombok-1.18.38.jar;C:\Users\ndtminh\.m2\repository\jakarta\xml\bind\jakarta.xml.bind-api\4.0.2\jakarta.xml.bind-api-4.0.2.jar;C:\Users\ndtminh\.m2\repository\jakarta\activation\jakarta.activation-api\2.1.3\jakarta.activation-api-2.1.3.jar;C:\Users\ndtminh\.m2\repository\org\springdoc\springdoc-openapi-starter-webmvc-ui\2.8.11\springdoc-openapi-starter-webmvc-ui-2.8.11.jar;C:\Users\ndtminh\.m2\repository\org\springdoc\springdoc-openapi-starter-webmvc-api\2.8.11\springdoc-openapi-starter-webmvc-api-2.8.11.jar;C:\Users\ndtminh\.m2\repository\org\springdoc\springdoc-openapi-starter-common\2.8.11\springdoc-openapi-starter-common-2.8.11.jar;C:\Users\ndtminh\.m2\repository\io\swagger\core\v3\swagger-core-jakarta\2.2.36\swagger-core-jakarta-2.2.36.jar;C:\Users\ndtminh\.m2\repository\org\apache\commons\commons-lang3\3.17.0\commons-lang3-3.17.0.jar;C:\Users\ndtminh\.m2\repository\io\swagger\core\v3\swagger-annotations-jakarta\2.2.36\swagger-annotations-jakarta-2.2.36.jar;C:\Users\ndtminh\.m2\repository\io\swagger\core\v3\swagger-models-jakarta\2.2.36\swagger-models-jakarta-2.2.36.jar;C:\Users\ndtminh\.m2\repository\com\fasterxml\jackson\dataformat\jackson-dataformat-yaml\2.19.2\jackson-dataformat-yaml-2.19.2.jar;C:\Users\ndtminh\.m2\repository\org\webjars\swagger-ui\5.27.1\swagger-ui-5.27.1.jar;C:\Users\ndtminh\.m2\repository\org\webjars\webjars-locator-lite\1.1.0\webjars-locator-lite-1.1.0.jar;C:\Users\ndtminh\.m2\repository\org\jspecify\jspecify\1.0.0\jspecify-1.0.0.jar
Launcher Type: SUN_STANDARD

[Global flags]
     intx CICompilerCount                          = 3                                         {product} {ergonomic}
     uint ConcGCThreads                            = 2                                         {product} {ergonomic}
     uint G1ConcRefinementThreads                  = 6                                         {product} {ergonomic}
   size_t G1HeapRegionSize                         = 2097152                                   {product} {ergonomic}
    uintx GCDrainStackTargetSize                   = 64                                        {product} {ergonomic}
   size_t InitialHeapSize                          = 266338304                                 {product} {ergonomic}
   size_t MarkStackSize                            = 4194304                                   {product} {ergonomic}
   size_t MaxHeapSize                              = 4238344192                                {product} {ergonomic}
   size_t MaxNewSize                               = 2541748224                                {product} {ergonomic}
   size_t MinHeapDeltaBytes                        = 2097152                                   {product} {ergonomic}
   size_t MinHeapSize                              = 8388608                                   {product} {ergonomic}
    uintx NonNMethodCodeHeapSize                   = 5832780                                {pd product} {ergonomic}
    uintx NonProfiledCodeHeapSize                  = 122912730                              {pd product} {ergonomic}
    uintx ProfiledCodeHeapSize                     = 122912730                              {pd product} {ergonomic}
    uintx ReservedCodeCacheSize                    = 251658240                              {pd product} {ergonomic}
     bool SegmentedCodeCache                       = true                                      {product} {ergonomic}
     bool ShowCodeDetailsInExceptionMessages       = true                                   {manageable} {command line}
   size_t SoftMaxHeapSize                          = 4238344192                             {manageable} {ergonomic}
     bool UseCompressedOops                        = true                           {product lp64_product} {ergonomic}
     bool UseG1GC                                  = true                                      {product} {ergonomic}
     bool UseLargePagesIndividualAllocation        = false                                  {pd product} {ergonomic}

Logging:
Log output configuration:
 #0: stdout all=warning uptime,level,tags foldmultilines=false
 #1: stderr all=off uptime,level,tags foldmultilines=false

Environment Variables:
JAVA_HOME=C:\Users\ndtminh\AppData\Local\Programs\Microsoft\jdk-21.0.6.7-hotspot\
PATH=C:\Program Files (x86)\Common Files\Oracle\Java\javapath;C:\WINDOWS\system32;C:\WINDOWS;C:\WINDOWS\System32\Wbem;C:\WINDOWS\System32\WindowsPowerShell\v1.0\;C:\WINDOWS\System32\OpenSSH\;C:\Users\ndtminh\AppData\Roaming\nvm;C:\Program Files\nodejs;C:\Program Files (x86)\Microsoft SQL Server\160\DTS\Binn\;C:\Program Files\Microsoft SQL Server\150\Tools\Binn\;C:\Program Files\Microsoft SQL Server\Client SDK\ODBC\170\Tools\Binn\;C:\Program Files\dotnet\;D:\MAVEN\apache-maven-3.9.9-bin\apache-maven-3.9.9\bin;C:\Users\ndtminh\AppData\Local\Programs\Microsoft\jdk-21.0.6.7-hotspot\bin;C:\Program Files\Git\cmd;C:\Users\ndtminh\.config\herd\bin;C:\Users\ndtminh\AppData\Local\Programs\Microsoft\jdk-21.0.6.7-hotspot\bin;C:\Users\ndtminh\AppData\Local\Programs\Python\Launcher\;C:\Users\ndtminh\AppData\Local\Programs\Microsoft\jdk-21.0.5.11-hotspot\bin;C:\Users\ndtminh\AppData\Local\Microsoft\WindowsApps;C:\Users\ndtminh\AppData\Local\Programs\Microsoft VS Code\bin;C:\Users\ndtminh\AppData\Roaming\npm;C:\Program Files\JetBrains\IntelliJ IDEA Community Edition 2024.2.3\bin;;D:\flutter\bin;C:\Users\ndtminh\AppData\Roaming\nvm;C:\Users\ndtminh\AppData\Roaming\nvm\v20.18.0;C:\Program Files\PostgreSQL\17\bin;C:\Users\ndtminh\AppData\Local\Programs\Azure Data Studio\bin;C:\Users\ndtminh\.dotnet\tools;
USERNAME=ndtminh
LANG=en_US.UTF-8
OS=Windows_NT
PROCESSOR_IDENTIFIER=Intel64 Family 6 Model 167 Stepping 1, GenuineIntel
TMP=C:\Users\ndtminh\AppData\Local\Temp
TEMP=C:\Users\ndtminh\AppData\Local\Temp




Periodic native trim disabled

---------------  S Y S T E M  ---------------

OS:
 Windows 11 , 64 bit Build 26100 (10.0.26100.4484)
OS uptime: 16 days 8:58 hours
Hyper-V role detected

CPU: total 6 (initial active 6) (6 cores per cpu, 2 threads per core) family 6 model 167 stepping 1 microcode 0x1b, cx8, cmov, fxsr, ht, mmx, 3dnowpref, sse, sse2, sse3, ssse3, sse4.1, sse4.2, popcnt, lzcnt, tsc, tscinvbit, avx, avx2, aes, erms, clmul, bmi1, bmi2, adx, avx512f, avx512dq, avx512cd, avx512bw, avx512vl, sha, fma, vzeroupper, avx512_vpopcntdq, avx512_vpclmulqdq, avx512_vaes, avx512_vnni, clflush, clflushopt, avx512_vbmi2, avx512_vbmi, hv, rdtscp, rdpid, fsrm, gfni, avx512_bitalg, f16c, avx512_ifma
Processor Information for the first 6 processors :
  Max Mhz: 2592, Current Mhz: 2592, Mhz Limit: 2592

Memory: 4k page, system-wide physical 16163M (1578M free)
TotalPageFile size 53663M (AvailPageFile size 3M)
current process WorkingSet (physical memory assigned to process): 245M, peak: 247M
current process commit charge ("private bytes"): 359M, peak: 402M

vm_info: OpenJDK 64-Bit Server VM (21.0.6+7-LTS) for windows-amd64 JRE (21.0.6+7-LTS), built on 2025-01-08T23:03:52Z by "MicrosoftCorporation" with unknown MS VC++:1939

END.
